2024-11-25 19:24:46,872 [INFO] Activator:176 - 


2024-11-25 19:24:46,885 [INFO] Activator:177 - !SESSION log4j initialized
2024-11-25 19:24:55,750 [INFO] LogOutputStream:77 - [STDOUT_REDIRECT] 
2024-11-25 19:24:56,230 [ERROR] ConfigurationRetriever:142 - IOException on connection: Remote host terminated the handshake
2024-11-25 19:24:56,246 [ERROR] ConfigurationRetriever:142 - IOException on connection: Remote host terminated the handshake
2024-11-25 19:24:56,246 [ERROR] ConfigurationRetriever:142 - IOException on connection: Remote host terminated the handshake
2024-11-25 19:24:58,190 [INFO] ApplicationProperties:184 - Using Application install path: C:\ST\STM32CubeIDE_1.16.0\STM32CubeIDE\plugins\com.st.stm32cube.common.mx_6.12.0.202406281431
2024-11-25 19:24:58,218 [INFO] DbMcusXml:78 - Set database path to: C:\ST\STM32CubeIDE_1.16.0\STM32CubeIDE\plugins\com.st.stm32cube.common.mx_6.12.0.202406281431\\db\/mcu/
2024-11-25 19:24:58,219 [INFO] ApiDb:274 - Set plugin database path to: C:\ST\STM32CubeIDE_1.16.0\STM32CubeIDE\plugins\com.st.stm32cube.common.mx_6.12.0.202406281431\\db\/plugins/boardmanager/
2024-11-25 19:24:58,219 [WARN] ApiDb:259 - Overriding images path with different value:  => C:\ST\STM32CubeIDE_1.16.0\STM32CubeIDE\plugins\com.st.stm32cube.common.mx_6.12.0.202406281431\\db\/plugins/mcufinder/images/
2024-11-25 19:24:58,240 [INFO] ApiDb:250 - Set database path to: C:\Users\Asus\.stmcufinder\plugins\mcufinder//mcu/
2024-11-25 19:24:58,242 [INFO] DbMcusAds:125 - Set database path to: C:\Users\Asus\.stmcufinder\plugins\mcufinder//mcu/
2024-11-25 19:24:58,246 [INFO] CrossReferenceDbSqlite:203 - Set database path to: C:\Users\Asus\.stmcufinder\plugins\mcufinder//mcu/cs/
2024-11-25 19:24:58,441 [INFO] RulesReader:64 - Compatibility file has been processed (297 Rules)
2024-11-25 19:24:58,570 [INFO] DbMcusXml:78 - Set database path to: C:\ST\STM32CubeIDE_1.16.0\STM32CubeIDE\plugins\com.st.stm32cube.common.mx_6.12.0.202406281431\\db\/mcu/
2024-11-25 19:24:58,570 [INFO] ApiDb:274 - Set plugin database path to: C:\ST\STM32CubeIDE_1.16.0\STM32CubeIDE\plugins\com.st.stm32cube.common.mx_6.12.0.202406281431\\db\/plugins/boardmanager/
2024-11-25 19:24:58,570 [INFO] ApiDb:261 - Set plugin images path to: C:\ST\STM32CubeIDE_1.16.0\STM32CubeIDE\plugins\com.st.stm32cube.common.mx_6.12.0.202406281431\\db\/plugins/mcufinder/images/
2024-11-25 19:24:58,571 [WARN] DbFile:41 - Overriding database path with different value: C:\Users\Asus\.stmcufinder\plugins\mcufinder/ => C:\Users\Asus\.stmcufinder\plugins\mcufinder
2024-11-25 19:24:58,571 [INFO] ApiDb:250 - Set database path to: C:\Users\Asus\.stmcufinder\plugins\mcufinder//mcu/
2024-11-25 19:24:58,571 [WARN] DbFile:41 - Overriding database path with different value: C:\Users\Asus\.stmcufinder\plugins\mcufinder/ => C:\Users\Asus\.stmcufinder\plugins\mcufinder
2024-11-25 19:24:58,571 [INFO] DbMcusAds:125 - Set database path to: C:\Users\Asus\.stmcufinder\plugins\mcufinder//mcu/
2024-11-25 19:24:58,571 [WARN] DbFile:41 - Overriding database path with different value: C:\Users\Asus\.stmcufinder\plugins\mcufinder/ => C:\Users\Asus\.stmcufinder\plugins\mcufinder
2024-11-25 19:24:58,571 [WARN] DbFile:41 - Overriding database path with different value: C:\Users\Asus\.stmcufinder\plugins\mcufinder/ => C:\Users\Asus\.stmcufinder\plugins\mcufinder
2024-11-25 19:24:58,572 [INFO] CrossReferenceDbSqlite:203 - Set database path to: C:\Users\Asus\.stmcufinder\plugins\mcufinder//mcu/cs/
2024-11-25 19:24:58,710 [INFO] MainPanel:268 - HeapMemory: 268435456
2024-11-25 19:24:58,893 [INFO] DbMcusXml:78 - Set database path to: C:\ST\STM32CubeIDE_1.16.0\STM32CubeIDE\plugins\com.st.stm32cube.common.mx_6.12.0.202406281431\\db\/mcu/
2024-11-25 19:24:58,893 [INFO] ApiDb:274 - Set plugin database path to: C:\ST\STM32CubeIDE_1.16.0\STM32CubeIDE\plugins\com.st.stm32cube.common.mx_6.12.0.202406281431\\db\/plugins/boardmanager/
2024-11-25 19:24:58,893 [INFO] ApiDb:261 - Set plugin images path to: C:\ST\STM32CubeIDE_1.16.0\STM32CubeIDE\plugins\com.st.stm32cube.common.mx_6.12.0.202406281431\\db\/plugins/mcufinder/images/
2024-11-25 19:24:58,894 [WARN] DbFile:41 - Overriding database path with different value: C:\Users\Asus\.stmcufinder\plugins\mcufinder/ => C:\Users\Asus\.stmcufinder\plugins\mcufinder
2024-11-25 19:24:58,894 [INFO] ApiDb:250 - Set database path to: C:\Users\Asus\.stmcufinder\plugins\mcufinder//mcu/
2024-11-25 19:24:58,894 [WARN] DbFile:41 - Overriding database path with different value: C:\Users\Asus\.stmcufinder\plugins\mcufinder/ => C:\Users\Asus\.stmcufinder\plugins\mcufinder
2024-11-25 19:24:58,894 [INFO] DbMcusAds:125 - Set database path to: C:\Users\Asus\.stmcufinder\plugins\mcufinder//mcu/
2024-11-25 19:24:58,895 [WARN] DbFile:41 - Overriding database path with different value: C:\Users\Asus\.stmcufinder\plugins\mcufinder/ => C:\Users\Asus\.stmcufinder\plugins\mcufinder
2024-11-25 19:24:58,895 [WARN] DbFile:41 - Overriding database path with different value: C:\Users\Asus\.stmcufinder\plugins\mcufinder/ => C:\Users\Asus\.stmcufinder\plugins\mcufinder
2024-11-25 19:24:58,895 [INFO] CrossReferenceDbSqlite:203 - Set database path to: C:\Users\Asus\.stmcufinder\plugins\mcufinder//mcu/cs/
2024-11-25 19:24:58,921 [INFO] ApplicationProperties:184 - Using Application install path: C:\ST\STM32CubeIDE_1.16.0\STM32CubeIDE\plugins\com.st.stm32cube.common.mx_6.12.0.202406281431
2024-11-25 19:24:58,924 [INFO] PluginManage:196 - Search for loadable plugins [exclusion list=, ]
2024-11-25 19:24:58,928 [INFO] PluginManage:310 - Check plugin analytics
2024-11-25 19:24:59,202 [INFO] AnalyticsPlugin:253 - Accepted Software Licenses: STM32CubeMX.6.12.1
2024-11-25 19:24:59,202 [INFO] AnalyticsPlugin:255 - Accepted CMSIS Pack Licenses: 
2024-11-25 19:24:59,203 [INFO] AnalyticsPlugin:257 - Accepted Firmware Licenses: FW.F4.1.28.0
2024-11-25 19:24:59,207 [INFO] PluginManage:359 - Loaded plugin analytics (category:tool,tabindex:-1)
2024-11-25 19:24:59,208 [INFO] PluginManage:310 - Check plugin cadmodel
2024-11-25 19:24:59,211 [ERROR] ConfigurationRetriever:142 - IOException on connection: Remote host terminated the handshake
2024-11-25 19:24:59,216 [ERROR] ConfigurationRetriever:142 - IOException on connection: Remote host terminated the handshake
2024-11-25 19:24:59,220 [ERROR] ConfigurationRetriever:142 - IOException on connection: Remote host terminated the handshake
2024-11-25 19:24:59,238 [INFO] CADModel:105 - Init CAD model plugin
2024-11-25 19:24:59,239 [INFO] PluginManage:359 - Loaded plugin cadmodel (category:power,tabindex:5)
2024-11-25 19:24:59,239 [INFO] PluginManage:310 - Check plugin clock
2024-11-25 19:24:59,272 [INFO] PluginManage:359 - Loaded plugin clock (category:base,tabindex:2)
2024-11-25 19:24:59,273 [INFO] PluginManage:310 - Check plugin ddr
2024-11-25 19:24:59,276 [INFO] PluginManage:359 - Loaded plugin ddr (category:tool,tabindex:6)
2024-11-25 19:24:59,276 [INFO] PluginManage:310 - Check plugin filemanager
2024-11-25 19:24:59,872 [INFO] PluginManage:359 - Loaded plugin filemanager (category:base,tabindex:10)
2024-11-25 19:24:59,872 [INFO] PluginManage:310 - Check plugin ipmanager
2024-11-25 19:24:59,881 [INFO] PluginManage:359 - Loaded plugin ipmanager (category:base,tabindex:5)
2024-11-25 19:24:59,881 [INFO] PluginManage:310 - Check plugin lpbam
2024-11-25 19:24:59,909 [INFO] PluginManage:359 - Loaded plugin lpbam (category:base,tabindex:0)
2024-11-25 19:24:59,909 [INFO] PluginManage:310 - Check plugin memorymap
2024-11-25 19:24:59,945 [INFO] PluginManage:359 - Loaded plugin memorymap (category:base,tabindex:4)
2024-11-25 19:24:59,946 [INFO] PluginManage:310 - Check plugin pinoutandconfiguration
2024-11-25 19:24:59,972 [INFO] PluginManage:359 - Loaded plugin pinoutandconfiguration (category:base,tabindex:1)
2024-11-25 19:24:59,972 [INFO] PluginManage:310 - Check plugin pinoutconfig
2024-11-25 19:25:00,142 [WARN] SupportedApi:132 - Cannot load RTOS API schema: s4s-elt-must-match.1: The content of 'definitions' must match (annotation?, (simpleType | complexType)?, (unique | key | keyref)*)). A problem was found starting at: attribute.
2024-11-25 19:25:00,369 [INFO] PluginManage:359 - Loaded plugin pinoutconfig (category:base,tabindex:0)
2024-11-25 19:25:00,369 [INFO] PluginManage:310 - Check plugin power
2024-11-25 19:25:00,407 [INFO] PluginManage:359 - Loaded plugin power (category:power,tabindex:4)
2024-11-25 19:25:00,407 [INFO] PluginManage:310 - Check plugin projectmanager
2024-11-25 19:25:00,431 [INFO] PluginManage:359 - Loaded plugin projectmanager (category:projectmanager,tabindex:4)
2024-11-25 19:25:00,431 [INFO] PluginManage:310 - Check plugin rif
2024-11-25 19:25:00,457 [INFO] PluginManage:359 - Loaded plugin rif (category:base,tabindex:3)
2024-11-25 19:25:00,458 [INFO] PluginManage:310 - Check plugin thirdparty
2024-11-25 19:25:00,860 [INFO] PluginManage:359 - Loaded plugin thirdparty (category:base,tabindex:-1)
2024-11-25 19:25:00,860 [WARN] IntegrityCheckThread:84 - waiting for thirdparty lock release [integrity check]
2024-11-25 19:25:00,860 [INFO] PluginManage:310 - Check plugin tools
2024-11-25 19:25:00,860 [INFO] IntegrityCheckThread:86 - entering critical section [integrity check]
2024-11-25 19:25:00,861 [INFO] ThirdPartyUpdaterWithRetryManager:70 - Updater plugin not ready yet. [1/15]
2024-11-25 19:25:00,916 [INFO] PluginManage:359 - Loaded plugin tools (category:base,tabindex:7)
2024-11-25 19:25:00,916 [INFO] PluginManage:310 - Check plugin tutovideos
2024-11-25 19:25:01,217 [INFO] PluginManage:359 - Loaded plugin tutovideos (category:base,tabindex:-1)
2024-11-25 19:25:01,217 [INFO] PluginManage:310 - Check plugin updater
2024-11-25 19:25:01,240 [INFO] PluginManage:359 - Loaded plugin updater (category:base,tabindex:12)
2024-11-25 19:25:01,240 [INFO] PluginManage:310 - Check plugin userauth
2024-11-25 19:25:01,248 [INFO] UserAuth:113 - Init User Auth plugin
2024-11-25 19:25:01,248 [INFO] PluginManage:359 - Loaded plugin userauth (category:base,tabindex:14)
2024-11-25 19:25:01,249 [INFO] PluginManage:283 - PluginManage : Loaded plugins [18]
2024-11-25 19:25:01,554 [INFO] PinOutPanel:1561 - setPackage(No Configuration,No Configuration)
2024-11-25 19:25:01,679 [INFO] CADModel:165 - CPN selected for project level
2024-11-25 19:25:01,679 [INFO] CADModel:114 - Register for checkConnection events
2024-11-25 19:25:01,717 [INFO] IPUIPlugin:80 - create IPUIPlugin
2024-11-25 19:25:01,717 [INFO] PluginManager:220 - loadIPPluginJar : add adc
2024-11-25 19:25:01,775 [INFO] IPUIPlugin:80 - create IPUIPlugin
2024-11-25 19:25:01,775 [INFO] PluginManager:220 - loadIPPluginJar : add aes
2024-11-25 19:25:01,842 [INFO] IPUIPlugin:80 - create IPUIPlugin
2024-11-25 19:25:01,842 [INFO] PluginManager:220 - loadIPPluginJar : add can
2024-11-25 19:25:01,879 [INFO] IPUIPlugin:80 - create IPUIPlugin
2024-11-25 19:25:01,879 [INFO] PluginManager:220 - loadIPPluginJar : add comp
2024-11-25 19:25:01,930 [INFO] IPUIPlugin:80 - create IPUIPlugin
2024-11-25 19:25:01,930 [INFO] PluginManager:220 - loadIPPluginJar : add cryp
2024-11-25 19:25:01,949 [INFO] IPUIPlugin:80 - create IPUIPlugin
2024-11-25 19:25:01,949 [INFO] PluginManager:220 - loadIPPluginJar : add ddr_ctrl_phy
2024-11-25 19:25:01,995 [INFO] IPUIPlugin:80 - create IPUIPlugin
2024-11-25 19:25:01,995 [INFO] PluginManager:220 - loadIPPluginJar : add dfsdm
2024-11-25 19:25:02,015 [INFO] IPUIPlugin:80 - create IPUIPlugin
2024-11-25 19:25:02,016 [INFO] PluginManager:220 - loadIPPluginJar : add dma
2024-11-25 19:25:02,084 [INFO] IPUIPlugin:80 - create IPUIPlugin
2024-11-25 19:25:02,085 [INFO] PluginManager:220 - loadIPPluginJar : add dma3
2024-11-25 19:25:02,156 [INFO] IPUIPlugin:80 - create IPUIPlugin
2024-11-25 19:25:02,156 [INFO] PluginManager:220 - loadIPPluginJar : add extmemmanager
2024-11-25 19:25:02,187 [INFO] IPUIPlugin:80 - create IPUIPlugin
2024-11-25 19:25:02,187 [INFO] PluginManager:220 - loadIPPluginJar : add fatfs
2024-11-25 19:25:02,261 [INFO] IPUIPlugin:80 - create IPUIPlugin
2024-11-25 19:25:02,261 [INFO] PluginManager:220 - loadIPPluginJar : add fmc
2024-11-25 19:25:02,285 [INFO] IPUIPlugin:80 - create IPUIPlugin
2024-11-25 19:25:02,285 [INFO] PluginManager:220 - loadIPPluginJar : add freertos
2024-11-25 19:25:02,317 [INFO] IPUIPlugin:80 - create IPUIPlugin
2024-11-25 19:25:02,317 [INFO] PluginManager:220 - loadIPPluginJar : add genericplugin
2024-11-25 19:25:02,460 [INFO] IPUIPlugin:80 - create IPUIPlugin
2024-11-25 19:25:02,460 [INFO] PluginManager:220 - loadIPPluginJar : add gfxmmu
2024-11-25 19:25:02,666 [INFO] IPUIPlugin:80 - create IPUIPlugin
2024-11-25 19:25:02,666 [INFO] PluginManager:220 - loadIPPluginJar : add gic
2024-11-25 19:25:02,688 [INFO] IPUIPlugin:80 - create IPUIPlugin
2024-11-25 19:25:02,688 [INFO] PluginManager:220 - loadIPPluginJar : add gpio
2024-11-25 19:25:02,835 [INFO] IPUIPlugin:80 - create IPUIPlugin
2024-11-25 19:25:02,835 [INFO] PluginManager:220 - loadIPPluginJar : add gtzc
2024-11-25 19:25:02,886 [INFO] IPUIPlugin:80 - create IPUIPlugin
2024-11-25 19:25:02,886 [INFO] PluginManager:220 - loadIPPluginJar : add hash
2024-11-25 19:25:02,965 [INFO] IPUIPlugin:80 - create IPUIPlugin
2024-11-25 19:25:02,965 [INFO] PluginManager:220 - loadIPPluginJar : add i2c
2024-11-25 19:25:03,025 [INFO] IPUIPlugin:80 - create IPUIPlugin
2024-11-25 19:25:03,026 [INFO] PluginManager:220 - loadIPPluginJar : add i2s
2024-11-25 19:25:03,093 [INFO] IPUIPlugin:80 - create IPUIPlugin
2024-11-25 19:25:03,093 [INFO] PluginManager:220 - loadIPPluginJar : add i3c
2024-11-25 19:25:03,260 [INFO] IPUIPlugin:80 - create IPUIPlugin
2024-11-25 19:25:03,260 [INFO] PluginManager:220 - loadIPPluginJar : add ipddr
2024-11-25 19:25:03,403 [INFO] IPUIPlugin:80 - create IPUIPlugin
2024-11-25 19:25:03,403 [INFO] PluginManager:220 - loadIPPluginJar : add linkedlist
2024-11-25 19:25:03,460 [INFO] IPUIPlugin:80 - create IPUIPlugin
2024-11-25 19:25:03,460 [INFO] PluginManager:220 - loadIPPluginJar : add lorawan
2024-11-25 19:25:03,515 [INFO] IPUIPlugin:80 - create IPUIPlugin
2024-11-25 19:25:03,515 [INFO] PluginManager:220 - loadIPPluginJar : add ltdc
2024-11-25 19:25:03,544 [INFO] IPUIPlugin:80 - create IPUIPlugin
2024-11-25 19:25:03,544 [INFO] PluginManager:220 - loadIPPluginJar : add mdma
2024-11-25 19:25:03,562 [INFO] IPUIPlugin:80 - create IPUIPlugin
2024-11-25 19:25:03,563 [INFO] PluginManager:220 - loadIPPluginJar : add nvic
2024-11-25 19:25:03,619 [INFO] IPUIPlugin:80 - create IPUIPlugin
2024-11-25 19:25:03,619 [INFO] PluginManager:220 - loadIPPluginJar : add opamp
2024-11-25 19:25:03,726 [INFO] IPUIPlugin:80 - create IPUIPlugin
2024-11-25 19:25:03,726 [INFO] PluginManager:220 - loadIPPluginJar : add openamp
2024-11-25 19:25:03,793 [INFO] IPUIPlugin:80 - create IPUIPlugin
2024-11-25 19:25:03,793 [INFO] PluginManager:220 - loadIPPluginJar : add pdm2pcm
2024-11-25 19:25:03,816 [INFO] IPUIPlugin:80 - create IPUIPlugin
2024-11-25 19:25:03,819 [INFO] PluginManager:220 - loadIPPluginJar : add plateformsettings
2024-11-25 19:25:03,852 [INFO] IPUIPlugin:80 - create IPUIPlugin
2024-11-25 19:25:03,852 [INFO] PluginManager:220 - loadIPPluginJar : add quadspi
2024-11-25 19:25:03,861 [INFO] ThirdPartyUpdaterWithRetryManager:70 - Updater plugin not ready yet. [2/15]
2024-11-25 19:25:03,892 [INFO] IPUIPlugin:80 - create IPUIPlugin
2024-11-25 19:25:03,894 [INFO] PluginManager:220 - loadIPPluginJar : add radio
2024-11-25 19:25:03,913 [INFO] IPUIPlugin:80 - create IPUIPlugin
2024-11-25 19:25:03,914 [INFO] PluginManager:220 - loadIPPluginJar : add resmgrutility
2024-11-25 19:25:03,992 [INFO] IPUIPlugin:80 - create IPUIPlugin
2024-11-25 19:25:03,992 [INFO] PluginManager:220 - loadIPPluginJar : add sai
2024-11-25 19:25:04,051 [INFO] IPUIPlugin:80 - create IPUIPlugin
2024-11-25 19:25:04,051 [INFO] PluginManager:220 - loadIPPluginJar : add spi
2024-11-25 19:25:04,168 [INFO] IPUIPlugin:80 - create IPUIPlugin
2024-11-25 19:25:04,169 [INFO] PluginManager:220 - loadIPPluginJar : add stm32_wpan
2024-11-25 19:25:04,205 [INFO] IPUIPlugin:80 - create IPUIPlugin
2024-11-25 19:25:04,205 [INFO] PluginManager:220 - loadIPPluginJar : add tim
2024-11-25 19:25:04,299 [INFO] IPUIPlugin:80 - create IPUIPlugin
2024-11-25 19:25:04,300 [INFO] PluginManager:220 - loadIPPluginJar : add touchsensing
2024-11-25 19:25:04,335 [INFO] IPUIPlugin:80 - create IPUIPlugin
2024-11-25 19:25:04,335 [INFO] PluginManager:220 - loadIPPluginJar : add tracer_emb
2024-11-25 19:25:04,371 [INFO] IPUIPlugin:80 - create IPUIPlugin
2024-11-25 19:25:04,371 [INFO] PluginManager:220 - loadIPPluginJar : add ts
2024-11-25 19:25:04,405 [INFO] IPUIPlugin:80 - create IPUIPlugin
2024-11-25 19:25:04,405 [INFO] PluginManager:220 - loadIPPluginJar : add tsc
2024-11-25 19:25:04,439 [INFO] IPUIPlugin:80 - create IPUIPlugin
2024-11-25 19:25:04,439 [INFO] PluginManager:220 - loadIPPluginJar : add ucpd
2024-11-25 19:25:04,510 [INFO] IPUIPlugin:80 - create IPUIPlugin
2024-11-25 19:25:04,510 [INFO] PluginManager:220 - loadIPPluginJar : add usart
2024-11-25 19:25:04,583 [INFO] IPUIPlugin:80 - create IPUIPlugin
2024-11-25 19:25:04,583 [INFO] PluginManager:220 - loadIPPluginJar : add usbx
2024-11-25 19:25:04,738 [INFO] CADModel:165 - CPN selected for project level
2024-11-25 19:25:04,738 [INFO] CADModel:114 - Register for checkConnection events
2024-11-25 19:25:04,738 [FATAL] Updater:334 - Updater called before beeing initialized
2024-11-25 19:25:04,738 [ERROR] CADModel:125 - Updater not yet initialized, retry later 
2024-11-25 19:25:04,953 [INFO] CADModel:165 - CPN selected for project level
2024-11-25 19:25:04,953 [INFO] CADModel:114 - Register for checkConnection events
2024-11-25 19:25:04,953 [FATAL] Updater:334 - Updater called before beeing initialized
2024-11-25 19:25:04,954 [ERROR] CADModel:125 - Updater not yet initialized, retry later 
2024-11-25 19:25:04,958 [FATAL] Updater:334 - Updater called before beeing initialized
2024-11-25 19:25:05,101 [FATAL] Updater:334 - Updater called before beeing initialized
2024-11-25 19:25:05,115 [INFO] DbMcusAds:53 - JSON generation date=Fri Sep 20 20:04:38 ICT 2024 (1726837478367)
2024-11-25 19:25:05,116 [FATAL] Updater:334 - Updater called before beeing initialized
2024-11-25 19:25:05,182 [WARN] DetailPanel:346 - Failed to get advertising image, set to default
2024-11-25 19:25:05,344 [FATAL] Updater:334 - Updater called before beeing initialized
2024-11-25 19:25:05,346 [FATAL] Updater:334 - Updater called before beeing initialized
2024-11-25 19:25:05,346 [FATAL] Updater:334 - Updater called before beeing initialized
2024-11-25 19:25:05,347 [WARN] DetailPanel:346 - Failed to get advertising image, set to default
2024-11-25 19:25:05,348 [FATAL] Updater:334 - Updater called before beeing initialized
2024-11-25 19:25:05,447 [ERROR] Updater:1164 - MainUpdater not yet initialized. External WinMGr cannot be set.
2024-11-25 19:25:05,463 [INFO] Updater:1100 - Updater Version found : 6.12.0
2024-11-25 19:25:05,494 [INFO] ApplicationProperties:184 - Using Application install path: C:\ST\STM32CubeIDE_1.16.0\STM32CubeIDE\plugins\com.st.stm32cube.common.mx_6.12.0.202406281431
2024-11-25 19:25:06,863 [INFO] ThirdPartyUpdaterWithRetryManager:70 - Updater plugin not ready yet. [3/15]
2024-11-25 19:25:07,092 [ERROR] LogOutputStream:75 - [STDERR_REDIRECT] Nov 25, 2024 7:25:07 PM java.util.prefs.WindowsPreferences <init>
2024-11-25 19:25:07,095 [ERROR] LogOutputStream:75 - [STDERR_REDIRECT] WARNING: Could not open/create prefs root node Software\JavaSoft\Prefs at root 0xffffffff80000002. Windows RegCreateKeyEx(...) returned error code 5.
2024-11-25 19:25:07,096 [ERROR] LogOutputStream:75 - [STDERR_REDIRECT] 
2024-11-25 19:25:08,121 [INFO] MainUpdater:2873 - connection check result : 22
2024-11-25 19:25:08,121 [INFO] MainUpdater:290 - Updater Check For Update Now.
2024-11-25 19:25:08,122 [INFO] MicroXplorer:498 - Change Database Version : DB.6.0.120
2024-11-25 19:25:08,149 [INFO] McuFinderGlobals:63 - Set McuFinder mode to 2 (CubeIDE integrated)
2024-11-25 19:25:08,159 [INFO] UserAuth:417 - Internet connection configuration mode: 2
2024-11-25 19:25:08,189 [INFO] UserAuth:417 - Internet connection configuration mode: 2
2024-11-25 19:25:08,493 [INFO] CheckServerUpdateThread:120 - End of CheckServer Thread
2024-11-25 19:25:11,306 [WARN] PackLoader:240 - Cannot read IP mode file for STMicroelectronics.FP-SNS-MOTENVWB1.1.4.0
2024-11-25 19:25:11,336 [WARN] PackLoader:240 - Cannot read IP mode file for STMicroelectronics.FP-ATR-ASTRA1.2.0.1
2024-11-25 19:25:11,357 [WARN] PackLoader:240 - Cannot read IP mode file for STMicroelectronics.X-CUBE-SMBUS.2.1.0
2024-11-25 19:25:11,384 [WARN] PackLoader:240 - Cannot read IP mode file for STMicroelectronics.X-CUBE-WB05N.1.1.0
2024-11-25 19:25:11,461 [WARN] PackLoader:240 - Cannot read IP mode file for STMicroelectronics.X-CUBE-AZRTOS-F7.1.1.0
2024-11-25 19:25:11,598 [WARN] PackLoader:240 - Cannot read IP mode file for STMicroelectronics.X-CUBE-MEMS1.11.0.0
2024-11-25 19:25:11,816 [WARN] PackLoader:240 - Cannot read IP mode file for STMicroelectronics.FP-SNS-FLIGHT1.5.0.2
2024-11-25 19:25:11,841 [WARN] PackLoader:240 - Cannot read IP mode file for STMicroelectronics.X-CUBE-DISPLAY.3.0.0
2024-11-25 19:25:11,871 [WARN] PackLoader:240 - Cannot read IP mode file for STMicroelectronics.X-CUBE-BLE1.7.0.0
2024-11-25 19:25:11,894 [WARN] PackLoader:240 - Cannot read IP mode file for STMicroelectronics.X-CUBE-NFC10.1.0.0
2024-11-25 19:25:11,915 [WARN] PackLoader:240 - Cannot read IP mode file for emotas.I-CUBE-CANOPEN.1.3.0
2024-11-25 19:25:11,948 [WARN] PackLoader:240 - Cannot read IP mode file for STMicroelectronics.X-CUBE-BLEMGR.3.1.0
2024-11-25 19:25:11,974 [WARN] PackLoader:240 - Cannot read IP mode file for STMicroelectronics.FP-SNS-SMARTAG2.1.2.0
2024-11-25 19:25:12,014 [INFO] LogOutputStream:77 - [STDOUT_REDIRECT] 1 : Invalid condition id : UX_CORESTACK_Condition cause : null
2024-11-25 19:25:12,015 [INFO] LogOutputStream:77 - [STDOUT_REDIRECT] 1 : Invalid condition id : UX_CORESTACK_Condition cause : null
2024-11-25 19:25:12,017 [INFO] LogOutputStream:77 - [STDOUT_REDIRECT] 1 : Invalid condition id : UX_CORESTACK_Condition cause : null
2024-11-25 19:25:12,019 [INFO] LogOutputStream:77 - [STDOUT_REDIRECT] 1 : Invalid condition id : UX_CORESTACK_Condition cause : null
2024-11-25 19:25:12,020 [INFO] LogOutputStream:77 - [STDOUT_REDIRECT] 1 : Invalid condition id : UX_CORESTACK_Condition cause : null
2024-11-25 19:25:12,024 [WARN] PackLoader:240 - Cannot read IP mode file for STMicroelectronics.X-CUBE-AZRTOS-WL.2.0.0
2024-11-25 19:25:12,045 [WARN] PackLoader:240 - Cannot read IP mode file for STMicroelectronics.FP-SNS-MOTENV1.5.0.0
2024-11-25 19:25:12,066 [WARN] PackLoader:240 - Cannot read IP mode file for wolfSSL.I-CUBE-wolfMQTT.1.19.0
2024-11-25 19:25:12,094 [WARN] PackLoader:240 - Cannot read IP mode file for WES.I-CUBE-Cesium.1.3.0
2024-11-25 19:25:12,114 [WARN] PackLoader:240 - Cannot read IP mode file for STMicroelectronics.X-CUBE-BLE2.3.3.0
2024-11-25 19:25:12,138 [WARN] PackLoader:240 - Cannot read IP mode file for STMicroelectronics.X-CUBE-NFC9.1.0.0
2024-11-25 19:25:12,158 [WARN] PackLoader:240 - Cannot read IP mode file for STMicroelectronics.X-CUBE-TCPP.4.1.0
2024-11-25 19:25:12,224 [WARN] PackLoader:240 - Cannot read IP mode file for STMicroelectronics.X-CUBE-AZRTOS-G0.1.1.0
2024-11-25 19:25:12,265 [WARN] PackLoader:240 - Cannot read IP mode file for STMicroelectronics.X-CUBE-SAFEA1.1.2.2
2024-11-25 19:25:12,288 [WARN] PackLoader:240 - Cannot read IP mode file for STMicroelectronics.X-CUBE-NFC4.3.0.0
2024-11-25 19:25:12,322 [WARN] PackLoader:240 - Cannot read IP mode file for EmbeddedOffice.I-CUBE-FS-RTOS.1.0.1
2024-11-25 19:25:12,323 [ERROR] ConditionMgr:805 - Attr not supported : Dmpu
2024-11-25 19:25:12,323 [ERROR] ConditionMgr:805 - Attr not supported : Dmpu
2024-11-25 19:25:12,323 [ERROR] ConditionMgr:805 - Attr not supported : Dmpu
2024-11-25 19:25:12,323 [ERROR] ConditionMgr:805 - Attr not supported : Dmpu
2024-11-25 19:25:12,323 [ERROR] ConditionMgr:805 - Attr not supported : Dmpu
2024-11-25 19:25:12,323 [ERROR] ConditionMgr:805 - Attr not supported : Dmpu
2024-11-25 19:25:12,323 [ERROR] ConditionMgr:805 - Attr not supported : Dmpu
2024-11-25 19:25:12,323 [ERROR] ConditionMgr:805 - Attr not supported : Dmpu
2024-11-25 19:25:12,323 [ERROR] ConditionMgr:805 - Attr not supported : Dmpu
2024-11-25 19:25:12,324 [ERROR] ConditionMgr:805 - Attr not supported : Dmpu
2024-11-25 19:25:12,324 [ERROR] ConditionMgr:805 - Attr not supported : Dmpu
2024-11-25 19:25:12,324 [ERROR] ConditionMgr:805 - Attr not supported : Dmpu
2024-11-25 19:25:12,324 [ERROR] ConditionMgr:805 - Attr not supported : Dmpu
2024-11-25 19:25:12,324 [ERROR] ConditionMgr:805 - Attr not supported : Dmpu
2024-11-25 19:25:12,324 [ERROR] ConditionMgr:805 - Attr not supported : Dmpu
2024-11-25 19:25:12,324 [ERROR] ConditionMgr:805 - Attr not supported : Dmpu
2024-11-25 19:25:12,324 [ERROR] ConditionMgr:805 - Attr not supported : Dmpu
2024-11-25 19:25:12,324 [ERROR] ConditionMgr:805 - Attr not supported : Dmpu
2024-11-25 19:25:12,324 [ERROR] ConditionMgr:805 - Attr not supported : Dmpu
2024-11-25 19:25:12,325 [ERROR] ConditionMgr:805 - Attr not supported : Dmpu
2024-11-25 19:25:12,325 [ERROR] ConditionMgr:805 - Attr not supported : Dmpu
2024-11-25 19:25:12,325 [ERROR] ConditionMgr:805 - Attr not supported : Dmpu
2024-11-25 19:25:12,325 [ERROR] ConditionMgr:805 - Attr not supported : Dmpu
2024-11-25 19:25:12,325 [ERROR] ConditionMgr:805 - Attr not supported : Dmpu
2024-11-25 19:25:12,325 [ERROR] ConditionMgr:805 - Attr not supported : Dmpu
2024-11-25 19:25:12,325 [ERROR] ConditionMgr:805 - Attr not supported : Dmpu
2024-11-25 19:25:12,325 [ERROR] ConditionMgr:805 - Attr not supported : Dmpu
2024-11-25 19:25:12,325 [ERROR] ConditionMgr:805 - Attr not supported : Dmpu
2024-11-25 19:25:12,326 [ERROR] ConditionMgr:805 - Attr not supported : Dmpu
2024-11-25 19:25:12,326 [ERROR] ConditionMgr:805 - Attr not supported : Dmpu
2024-11-25 19:25:12,326 [ERROR] ConditionMgr:805 - Attr not supported : Dmpu
2024-11-25 19:25:12,326 [ERROR] ConditionMgr:805 - Attr not supported : Dmpu
2024-11-25 19:25:12,326 [ERROR] ConditionMgr:805 - Attr not supported : Dmpu
2024-11-25 19:25:12,326 [ERROR] ConditionMgr:805 - Attr not supported : Dmpu
2024-11-25 19:25:12,326 [ERROR] ConditionMgr:805 - Attr not supported : Dmpu
2024-11-25 19:25:12,326 [ERROR] ConditionMgr:805 - Attr not supported : Dmpu
2024-11-25 19:25:12,326 [ERROR] ConditionMgr:805 - Attr not supported : Dmpu
2024-11-25 19:25:12,326 [ERROR] ConditionMgr:805 - Attr not supported : Dmpu
2024-11-25 19:25:12,327 [ERROR] ConditionMgr:805 - Attr not supported : Dmpu
2024-11-25 19:25:12,327 [ERROR] ConditionMgr:805 - Attr not supported : Dmpu
2024-11-25 19:25:12,327 [ERROR] ConditionMgr:805 - Attr not supported : Dmpu
2024-11-25 19:25:12,327 [ERROR] ConditionMgr:805 - Attr not supported : Dmpu
2024-11-25 19:25:12,327 [ERROR] ConditionMgr:805 - Attr not supported : Dmpu
2024-11-25 19:25:12,327 [ERROR] ConditionMgr:805 - Attr not supported : Dmpu
2024-11-25 19:25:12,327 [ERROR] ConditionMgr:805 - Attr not supported : Dmpu
2024-11-25 19:25:12,327 [ERROR] ConditionMgr:805 - Attr not supported : Dmpu
2024-11-25 19:25:12,327 [ERROR] ConditionMgr:805 - Attr not supported : Dmpu
2024-11-25 19:25:12,328 [ERROR] ConditionMgr:805 - Attr not supported : Dmpu
2024-11-25 19:25:12,328 [ERROR] ConditionMgr:805 - Attr not supported : Dmpu
2024-11-25 19:25:12,328 [ERROR] ConditionMgr:805 - Attr not supported : Dmpu
2024-11-25 19:25:12,328 [ERROR] ConditionMgr:805 - Attr not supported : Dmpu
2024-11-25 19:25:12,328 [ERROR] ConditionMgr:805 - Attr not supported : Dmpu
2024-11-25 19:25:12,328 [ERROR] ConditionMgr:805 - Attr not supported : Dmpu
2024-11-25 19:25:12,328 [ERROR] ConditionMgr:805 - Attr not supported : Dmpu
2024-11-25 19:25:12,328 [ERROR] ConditionMgr:805 - Attr not supported : Dmpu
2024-11-25 19:25:12,328 [ERROR] ConditionMgr:805 - Attr not supported : Dmpu
2024-11-25 19:25:12,329 [ERROR] ConditionMgr:805 - Attr not supported : Dmpu
2024-11-25 19:25:12,329 [ERROR] ConditionMgr:805 - Attr not supported : Dmpu
2024-11-25 19:25:12,329 [ERROR] ConditionMgr:805 - Attr not supported : Dmpu
2024-11-25 19:25:12,329 [ERROR] ConditionMgr:805 - Attr not supported : Dmpu
2024-11-25 19:25:12,329 [ERROR] ConditionMgr:805 - Attr not supported : Dmpu
2024-11-25 19:25:12,329 [ERROR] ConditionMgr:805 - Attr not supported : Dmpu
2024-11-25 19:25:12,329 [ERROR] ConditionMgr:805 - Attr not supported : Dmpu
2024-11-25 19:25:12,329 [ERROR] ConditionMgr:805 - Attr not supported : Dmpu
2024-11-25 19:25:12,352 [WARN] PackLoader:240 - Cannot read IP mode file for RealThread.X-CUBE-RT-Thread_Nano.4.1.1
2024-11-25 19:25:12,372 [WARN] PackLoader:240 - Cannot read IP mode file for STMicroelectronics.FP-ATR-SIGFOX1.3.2.0
2024-11-25 19:25:12,388 [WARN] PackLoader:240 - Cannot read IP mode file for wolfSSL.I-CUBE-wolfSSL.5.7.2
2024-11-25 19:25:12,404 [WARN] ConditionMgr:438 - getConditionDescription Invalid condition id : Cortex-A Device cause : null
2024-11-25 19:25:12,436 [WARN] ConditionMgr:1039 - genDependencies : Invalid condition id : Cortex-A Device cause : null
2024-11-25 19:25:12,437 [WARN] ConditionMgr:1039 - genDependencies : Invalid condition id : Cortex-A Device cause : null
2024-11-25 19:25:12,437 [WARN] ConditionMgr:1039 - genDependencies : Invalid condition id : Cortex-A Device cause : null
2024-11-25 19:25:12,467 [WARN] PackLoader:240 - Cannot read IP mode file for STMicroelectronics.X-CUBE-EEPRMA1.5.1.0
2024-11-25 19:25:12,502 [WARN] PackLoader:240 - Cannot read IP mode file for ITTIA_DB.I-CUBE-ITTIADB.8.9.0
2024-11-25 19:25:12,587 [WARN] PackLoader:240 - Cannot read IP mode file for SEGGER.I-CUBE-embOS.1.3.1
2024-11-25 19:25:12,651 [WARN] PackLoader:240 - Cannot read IP mode file for STMicroelectronics.X-CUBE-ALGOBUILD.1.4.0
2024-11-25 19:25:12,672 [WARN] PackLoader:240 - Cannot read IP mode file for STMicroelectronics.X-CUBE-AI.9.1.0
2024-11-25 19:25:12,693 [WARN] PackLoader:240 - Cannot read IP mode file for STMicroelectronics.X-CUBE-GNSS1.6.0.0
2024-11-25 19:25:12,758 [WARN] PackLoader:240 - Cannot read IP mode file for STMicroelectronics.X-CUBE-AZRTOS-F4.1.1.0
2024-11-25 19:25:12,787 [WARN] PackLoader:240 - Cannot read IP mode file for STMicroelectronics.X-CUBE-ISPU.2.1.0
2024-11-25 19:25:12,806 [WARN] PackLoader:240 - Cannot read IP mode file for STMicroelectronics.X-CUBE-FREERTOS.1.2.0
2024-11-25 19:25:12,869 [WARN] PackLoader:240 - Cannot read IP mode file for STMicroelectronics.X-CUBE-AZRTOS-L5.2.0.0
2024-11-25 19:25:12,902 [WARN] PackLoader:240 - Cannot read IP mode file for STMicroelectronics.X-CUBE-NFC6.3.1.0
2024-11-25 19:25:12,922 [WARN] PackLoader:240 - Cannot read IP mode file for STMicroelectronics.X-CUBE-DPower.1.2.0
2024-11-25 19:25:12,942 [WARN] PackLoader:240 - Cannot read IP mode file for STMicroelectronics.X-CUBE-AI.9.0.0
2024-11-25 19:25:12,962 [WARN] PackLoader:240 - Cannot read IP mode file for STMicroelectronics.X-CUBE-NFC7.1.0.1
2024-11-25 19:25:12,983 [WARN] PackLoader:240 - Cannot read IP mode file for wolfSSL.I-CUBE-wolfTPM.3.2.0
2024-11-25 19:25:13,050 [WARN] ConditionMgr:438 - getConditionDescription Invalid condition id : LAN8742 Phy interface Condition cause : null
2024-11-25 19:25:13,051 [WARN] PackLoader:240 - Cannot read IP mode file for STMicroelectronics.X-CUBE-AZRTOS-L4.2.0.0
2024-11-25 19:25:13,052 [WARN] ConditionMgr:1039 - genDependencies : Invalid condition id : LAN8742 Phy interface Condition cause : null
2024-11-25 19:25:13,052 [WARN] ConditionMgr:1039 - genDependencies : Invalid condition id : LAN8742 Phy interface Condition cause : null
2024-11-25 19:25:13,053 [WARN] ConditionMgr:1039 - genDependencies : Invalid condition id : LAN8742 Phy interface Condition cause : null
2024-11-25 19:25:13,080 [WARN] PackLoader:240 - Cannot read IP mode file for STMicroelectronics.X-CUBE-SFXS2LP1.4.0.0
2024-11-25 19:25:13,155 [WARN] PackLoader:240 - Cannot read IP mode file for STMicroelectronics.X-CUBE-AZRTOS-H7.3.3.0
2024-11-25 19:25:13,192 [WARN] PackLoader:240 - Cannot read IP mode file for STMicroelectronics.X-CUBE-IPS.3.0.0
2024-11-25 19:25:13,258 [WARN] ConditionMgr:438 - getConditionDescription Invalid condition id : UX DEVICE CLASS RTOS Condition cause : null
2024-11-25 19:25:13,258 [WARN] ConditionMgr:438 - getConditionDescription Invalid condition id : UX DEVICE CLASS RTOS Condition cause : null
2024-11-25 19:25:13,261 [WARN] PackLoader:240 - Cannot read IP mode file for STMicroelectronics.X-CUBE-AZRTOS-WB.2.0.0
2024-11-25 19:25:13,261 [WARN] ConditionMgr:1039 - genDependencies : Invalid condition id : UX DEVICE CLASS RTOS Condition cause : null
2024-11-25 19:25:13,262 [WARN] ConditionMgr:1039 - genDependencies : Invalid condition id : UX DEVICE CLASS RTOS Condition cause : null
2024-11-25 19:25:13,262 [WARN] ConditionMgr:1039 - genDependencies : Invalid condition id : UX DEVICE CLASS RTOS Condition cause : null
2024-11-25 19:25:13,262 [WARN] ConditionMgr:1039 - genDependencies : Invalid condition id : UX DEVICE CLASS RTOS Condition cause : null
2024-11-25 19:25:13,262 [WARN] ConditionMgr:1039 - genDependencies : Invalid condition id : UX DEVICE CLASS RTOS Condition cause : null
2024-11-25 19:25:13,285 [WARN] PackLoader:240 - Cannot read IP mode file for STMicroelectronics.X-CUBE-GNSS1.7.0.0
2024-11-25 19:25:13,313 [WARN] PackLoader:240 - Cannot read IP mode file for STMicroelectronics.FP-SNS-STBOX1.2.0.0
2024-11-25 19:25:13,352 [WARN] PackLoader:240 - Cannot read IP mode file for STMicroelectronics.X-CUBE-SUBG2.5.0.0
2024-11-25 19:25:13,375 [WARN] PackLoader:240 - Cannot read IP mode file for Cesanta.I-CUBE-Mongoose.7.13.0
2024-11-25 19:25:13,428 [WARN] PackLoader:240 - Cannot read IP mode file for STMicroelectronics.X-CUBE-AZRTOS-G4.2.0.0
2024-11-25 19:25:13,449 [WARN] PackLoader:240 - Cannot read IP mode file for STMicroelectronics.X-CUBE-ISPU.2.0.0
2024-11-25 19:25:13,471 [WARN] PackLoader:240 - Cannot read IP mode file for STMicroelectronics.X-CUBE-ALS.1.0.2
2024-11-25 19:25:13,578 [WARN] PackLoader:240 - Cannot read IP mode file for STMicroelectronics.X-CUBE-MEMS1.10.0.0
2024-11-25 19:25:13,728 [WARN] PackLoader:240 - Cannot read IP mode file for STMicroelectronics.X-CUBE-TOUCHGFX.4.24.0
2024-11-25 19:25:13,749 [WARN] PackLoader:240 - Cannot read IP mode file for STMicroelectronics.X-CUBE-TOUCHGFX.4.24.1
2024-11-25 19:25:13,769 [WARN] PackLoader:240 - Cannot read IP mode file for portGmbH.I-Cube-SoM-uGOAL.1.1.0
2024-11-25 19:25:13,839 [WARN] PackLoader:240 - Cannot read IP mode file for STMicroelectronics.X-CUBE-AZRTOS-H7RS.1.0.0
2024-11-25 19:25:13,858 [WARN] PackLoader:240 - Cannot read IP mode file for STMicroelectronics.FP-ATR-ASTRA1.2.0.0
2024-11-25 19:25:13,903 [WARN] PackLoader:240 - Cannot read IP mode file for STMicroelectronics.X-CUBE-TOF1.3.4.2
2024-11-25 19:25:13,966 [WARN] PackLoader:240 - Cannot read IP mode file for Infineon.AIROC-Wi-Fi-Bluetooth-STM32.1.6.0
2024-11-25 19:25:13,989 [WARN] PackLoader:240 - Cannot read IP mode file for wolfSSL.I-CUBE-wolfSSH.1.4.17
2024-11-25 19:25:13,989 [INFO] ThirdParty:978 - Integrity check success = true
2024-11-25 19:25:13,990 [INFO] IntegrityCheckThread:100 - exiting critical section [integrity check]
2024-11-25 19:25:13,990 [INFO] IntegrityCheckThread:103 - End integrity checks thread
