2024-11-18 20:57:38,728 [INFO] Activator:176 - 


2024-11-18 20:57:38,734 [INFO] Activator:177 - !SESSION log4j initialized
2024-11-18 20:57:45,412 [INFO] LogOutputStream:77 - [STDOUT_REDIRECT] 
2024-11-18 20:57:47,215 [INFO] ApplicationProperties:184 - Using Application install path: C:\ST\STM32CubeIDE_1.16.0\STM32CubeIDE\plugins\com.st.stm32cube.common.mx_6.12.0.202406281431
2024-11-18 20:57:47,237 [INFO] DbMcusXml:78 - Set database path to: C:\ST\STM32CubeIDE_1.16.0\STM32CubeIDE\plugins\com.st.stm32cube.common.mx_6.12.0.202406281431\\db\/mcu/
2024-11-18 20:57:47,238 [INFO] ApiDb:274 - Set plugin database path to: C:\ST\STM32CubeIDE_1.16.0\STM32CubeIDE\plugins\com.st.stm32cube.common.mx_6.12.0.202406281431\\db\/plugins/boardmanager/
2024-11-18 20:57:47,238 [WARN] ApiDb:259 - Overriding images path with different value:  => C:\ST\STM32CubeIDE_1.16.0\STM32CubeIDE\plugins\com.st.stm32cube.common.mx_6.12.0.202406281431\\db\/plugins/mcufinder/images/
2024-11-18 20:57:47,256 [INFO] ApiDb:250 - Set database path to: C:\Users\Asus\.stmcufinder\plugins\mcufinder//mcu/
2024-11-18 20:57:47,257 [INFO] DbMcusAds:125 - Set database path to: C:\Users\Asus\.stmcufinder\plugins\mcufinder//mcu/
2024-11-18 20:57:47,260 [INFO] CrossReferenceDbSqlite:203 - Set database path to: C:\Users\Asus\.stmcufinder\plugins\mcufinder//mcu/cs/
2024-11-18 20:57:47,393 [INFO] RulesReader:64 - Compatibility file has been processed (297 Rules)
2024-11-18 20:57:47,517 [INFO] DbMcusXml:78 - Set database path to: C:\ST\STM32CubeIDE_1.16.0\STM32CubeIDE\plugins\com.st.stm32cube.common.mx_6.12.0.202406281431\\db\/mcu/
2024-11-18 20:57:47,517 [INFO] ApiDb:274 - Set plugin database path to: C:\ST\STM32CubeIDE_1.16.0\STM32CubeIDE\plugins\com.st.stm32cube.common.mx_6.12.0.202406281431\\db\/plugins/boardmanager/
2024-11-18 20:57:47,517 [INFO] ApiDb:261 - Set plugin images path to: C:\ST\STM32CubeIDE_1.16.0\STM32CubeIDE\plugins\com.st.stm32cube.common.mx_6.12.0.202406281431\\db\/plugins/mcufinder/images/
2024-11-18 20:57:47,518 [WARN] DbFile:41 - Overriding database path with different value: C:\Users\Asus\.stmcufinder\plugins\mcufinder/ => C:\Users\Asus\.stmcufinder\plugins\mcufinder
2024-11-18 20:57:47,518 [INFO] ApiDb:250 - Set database path to: C:\Users\Asus\.stmcufinder\plugins\mcufinder//mcu/
2024-11-18 20:57:47,518 [WARN] DbFile:41 - Overriding database path with different value: C:\Users\Asus\.stmcufinder\plugins\mcufinder/ => C:\Users\Asus\.stmcufinder\plugins\mcufinder
2024-11-18 20:57:47,518 [INFO] DbMcusAds:125 - Set database path to: C:\Users\Asus\.stmcufinder\plugins\mcufinder//mcu/
2024-11-18 20:57:47,518 [WARN] DbFile:41 - Overriding database path with different value: C:\Users\Asus\.stmcufinder\plugins\mcufinder/ => C:\Users\Asus\.stmcufinder\plugins\mcufinder
2024-11-18 20:57:47,518 [WARN] DbFile:41 - Overriding database path with different value: C:\Users\Asus\.stmcufinder\plugins\mcufinder/ => C:\Users\Asus\.stmcufinder\plugins\mcufinder
2024-11-18 20:57:47,518 [INFO] CrossReferenceDbSqlite:203 - Set database path to: C:\Users\Asus\.stmcufinder\plugins\mcufinder//mcu/cs/
2024-11-18 20:57:47,615 [INFO] MainPanel:268 - HeapMemory: 268435456
2024-11-18 20:57:47,745 [INFO] DbMcusXml:78 - Set database path to: C:\ST\STM32CubeIDE_1.16.0\STM32CubeIDE\plugins\com.st.stm32cube.common.mx_6.12.0.202406281431\\db\/mcu/
2024-11-18 20:57:47,746 [INFO] ApiDb:274 - Set plugin database path to: C:\ST\STM32CubeIDE_1.16.0\STM32CubeIDE\plugins\com.st.stm32cube.common.mx_6.12.0.202406281431\\db\/plugins/boardmanager/
2024-11-18 20:57:47,746 [INFO] ApiDb:261 - Set plugin images path to: C:\ST\STM32CubeIDE_1.16.0\STM32CubeIDE\plugins\com.st.stm32cube.common.mx_6.12.0.202406281431\\db\/plugins/mcufinder/images/
2024-11-18 20:57:47,746 [WARN] DbFile:41 - Overriding database path with different value: C:\Users\Asus\.stmcufinder\plugins\mcufinder/ => C:\Users\Asus\.stmcufinder\plugins\mcufinder
2024-11-18 20:57:47,746 [INFO] ApiDb:250 - Set database path to: C:\Users\Asus\.stmcufinder\plugins\mcufinder//mcu/
2024-11-18 20:57:47,746 [WARN] DbFile:41 - Overriding database path with different value: C:\Users\Asus\.stmcufinder\plugins\mcufinder/ => C:\Users\Asus\.stmcufinder\plugins\mcufinder
2024-11-18 20:57:47,746 [INFO] DbMcusAds:125 - Set database path to: C:\Users\Asus\.stmcufinder\plugins\mcufinder//mcu/
2024-11-18 20:57:47,746 [WARN] DbFile:41 - Overriding database path with different value: C:\Users\Asus\.stmcufinder\plugins\mcufinder/ => C:\Users\Asus\.stmcufinder\plugins\mcufinder
2024-11-18 20:57:47,746 [WARN] DbFile:41 - Overriding database path with different value: C:\Users\Asus\.stmcufinder\plugins\mcufinder/ => C:\Users\Asus\.stmcufinder\plugins\mcufinder
2024-11-18 20:57:47,746 [INFO] CrossReferenceDbSqlite:203 - Set database path to: C:\Users\Asus\.stmcufinder\plugins\mcufinder//mcu/cs/
2024-11-18 20:57:47,764 [INFO] ApplicationProperties:184 - Using Application install path: C:\ST\STM32CubeIDE_1.16.0\STM32CubeIDE\plugins\com.st.stm32cube.common.mx_6.12.0.202406281431
2024-11-18 20:57:47,765 [INFO] PluginManage:196 - Search for loadable plugins [exclusion list=, ]
2024-11-18 20:57:47,766 [INFO] PluginManage:310 - Check plugin analytics
2024-11-18 20:57:47,932 [INFO] AnalyticsPlugin:253 - Accepted Software Licenses: STM32CubeMX.6.12.1
2024-11-18 20:57:47,932 [INFO] AnalyticsPlugin:255 - Accepted CMSIS Pack Licenses: 
2024-11-18 20:57:47,932 [INFO] AnalyticsPlugin:257 - Accepted Firmware Licenses: FW.F4.1.28.0
2024-11-18 20:57:47,935 [INFO] PluginManage:359 - Loaded plugin analytics (category:tool,tabindex:-1)
2024-11-18 20:57:47,936 [INFO] PluginManage:310 - Check plugin cadmodel
2024-11-18 20:57:47,953 [INFO] CADModel:105 - Init CAD model plugin
2024-11-18 20:57:47,953 [INFO] PluginManage:359 - Loaded plugin cadmodel (category:power,tabindex:5)
2024-11-18 20:57:47,953 [INFO] PluginManage:310 - Check plugin clock
2024-11-18 20:57:47,973 [INFO] PluginManage:359 - Loaded plugin clock (category:base,tabindex:2)
2024-11-18 20:57:47,973 [INFO] PluginManage:310 - Check plugin ddr
2024-11-18 20:57:47,976 [INFO] PluginManage:359 - Loaded plugin ddr (category:tool,tabindex:6)
2024-11-18 20:57:47,976 [INFO] PluginManage:310 - Check plugin filemanager
2024-11-18 20:57:48,172 [INFO] PluginManage:359 - Loaded plugin filemanager (category:base,tabindex:10)
2024-11-18 20:57:48,172 [INFO] PluginManage:310 - Check plugin ipmanager
2024-11-18 20:57:48,179 [INFO] PluginManage:359 - Loaded plugin ipmanager (category:base,tabindex:5)
2024-11-18 20:57:48,179 [INFO] PluginManage:310 - Check plugin lpbam
2024-11-18 20:57:48,198 [INFO] PluginManage:359 - Loaded plugin lpbam (category:base,tabindex:0)
2024-11-18 20:57:48,198 [INFO] PluginManage:310 - Check plugin memorymap
2024-11-18 20:57:48,235 [INFO] PluginManage:359 - Loaded plugin memorymap (category:base,tabindex:4)
2024-11-18 20:57:48,235 [INFO] PluginManage:310 - Check plugin pinoutandconfiguration
2024-11-18 20:57:48,260 [INFO] PluginManage:359 - Loaded plugin pinoutandconfiguration (category:base,tabindex:1)
2024-11-18 20:57:48,260 [INFO] PluginManage:310 - Check plugin pinoutconfig
2024-11-18 20:57:48,372 [WARN] SupportedApi:132 - Cannot load RTOS API schema: s4s-elt-must-match.1: The content of 'definitions' must match (annotation?, (simpleType | complexType)?, (unique | key | keyref)*)). A problem was found starting at: attribute.
2024-11-18 20:57:48,563 [INFO] PluginManage:359 - Loaded plugin pinoutconfig (category:base,tabindex:0)
2024-11-18 20:57:48,564 [INFO] PluginManage:310 - Check plugin power
2024-11-18 20:57:48,589 [INFO] PluginManage:359 - Loaded plugin power (category:power,tabindex:4)
2024-11-18 20:57:48,589 [INFO] PluginManage:310 - Check plugin projectmanager
2024-11-18 20:57:48,611 [INFO] PluginManage:359 - Loaded plugin projectmanager (category:projectmanager,tabindex:4)
2024-11-18 20:57:48,611 [INFO] PluginManage:310 - Check plugin rif
2024-11-18 20:57:48,630 [INFO] PluginManage:359 - Loaded plugin rif (category:base,tabindex:3)
2024-11-18 20:57:48,630 [INFO] PluginManage:310 - Check plugin thirdparty
2024-11-18 20:57:48,910 [WARN] IntegrityCheckThread:84 - waiting for thirdparty lock release [integrity check]
2024-11-18 20:57:48,910 [INFO] IntegrityCheckThread:86 - entering critical section [integrity check]
2024-11-18 20:57:48,911 [INFO] PluginManage:359 - Loaded plugin thirdparty (category:base,tabindex:-1)
2024-11-18 20:57:48,911 [INFO] ThirdPartyUpdaterWithRetryManager:70 - Updater plugin not ready yet. [1/15]
2024-11-18 20:57:48,911 [INFO] PluginManage:310 - Check plugin tools
2024-11-18 20:57:48,950 [INFO] PluginManage:359 - Loaded plugin tools (category:base,tabindex:7)
2024-11-18 20:57:48,950 [INFO] PluginManage:310 - Check plugin tutovideos
2024-11-18 20:57:49,144 [INFO] PluginManage:359 - Loaded plugin tutovideos (category:base,tabindex:-1)
2024-11-18 20:57:49,144 [INFO] PluginManage:310 - Check plugin updater
2024-11-18 20:57:49,159 [INFO] PluginManage:359 - Loaded plugin updater (category:base,tabindex:12)
2024-11-18 20:57:49,159 [INFO] PluginManage:310 - Check plugin userauth
2024-11-18 20:57:49,165 [INFO] UserAuth:113 - Init User Auth plugin
2024-11-18 20:57:49,165 [INFO] PluginManage:359 - Loaded plugin userauth (category:base,tabindex:14)
2024-11-18 20:57:49,166 [INFO] PluginManage:283 - PluginManage : Loaded plugins [18]
2024-11-18 20:57:49,377 [INFO] PinOutPanel:1561 - setPackage(No Configuration,No Configuration)
2024-11-18 20:57:49,461 [INFO] CADModel:165 - CPN selected for project level
2024-11-18 20:57:49,462 [INFO] CADModel:114 - Register for checkConnection events
2024-11-18 20:57:49,487 [INFO] IPUIPlugin:80 - create IPUIPlugin
2024-11-18 20:57:49,487 [INFO] PluginManager:220 - loadIPPluginJar : add adc
2024-11-18 20:57:49,522 [INFO] IPUIPlugin:80 - create IPUIPlugin
2024-11-18 20:57:49,522 [INFO] PluginManager:220 - loadIPPluginJar : add aes
2024-11-18 20:57:49,560 [INFO] IPUIPlugin:80 - create IPUIPlugin
2024-11-18 20:57:49,561 [INFO] PluginManager:220 - loadIPPluginJar : add can
2024-11-18 20:57:49,583 [INFO] IPUIPlugin:80 - create IPUIPlugin
2024-11-18 20:57:49,583 [INFO] PluginManager:220 - loadIPPluginJar : add comp
2024-11-18 20:57:49,614 [INFO] IPUIPlugin:80 - create IPUIPlugin
2024-11-18 20:57:49,614 [INFO] PluginManager:220 - loadIPPluginJar : add cryp
2024-11-18 20:57:49,627 [INFO] IPUIPlugin:80 - create IPUIPlugin
2024-11-18 20:57:49,628 [INFO] PluginManager:220 - loadIPPluginJar : add ddr_ctrl_phy
2024-11-18 20:57:49,655 [INFO] IPUIPlugin:80 - create IPUIPlugin
2024-11-18 20:57:49,656 [INFO] PluginManager:220 - loadIPPluginJar : add dfsdm
2024-11-18 20:57:49,668 [INFO] IPUIPlugin:80 - create IPUIPlugin
2024-11-18 20:57:49,668 [INFO] PluginManager:220 - loadIPPluginJar : add dma
2024-11-18 20:57:49,708 [INFO] IPUIPlugin:80 - create IPUIPlugin
2024-11-18 20:57:49,708 [INFO] PluginManager:220 - loadIPPluginJar : add dma3
2024-11-18 20:57:49,753 [INFO] IPUIPlugin:80 - create IPUIPlugin
2024-11-18 20:57:49,753 [INFO] PluginManager:220 - loadIPPluginJar : add extmemmanager
2024-11-18 20:57:49,772 [INFO] IPUIPlugin:80 - create IPUIPlugin
2024-11-18 20:57:49,772 [INFO] PluginManager:220 - loadIPPluginJar : add fatfs
2024-11-18 20:57:49,818 [INFO] IPUIPlugin:80 - create IPUIPlugin
2024-11-18 20:57:49,818 [INFO] PluginManager:220 - loadIPPluginJar : add fmc
2024-11-18 20:57:49,833 [INFO] IPUIPlugin:80 - create IPUIPlugin
2024-11-18 20:57:49,833 [INFO] PluginManager:220 - loadIPPluginJar : add freertos
2024-11-18 20:57:49,852 [INFO] IPUIPlugin:80 - create IPUIPlugin
2024-11-18 20:57:49,853 [INFO] PluginManager:220 - loadIPPluginJar : add genericplugin
2024-11-18 20:57:49,945 [INFO] IPUIPlugin:80 - create IPUIPlugin
2024-11-18 20:57:49,945 [INFO] PluginManager:220 - loadIPPluginJar : add gfxmmu
2024-11-18 20:57:50,087 [INFO] IPUIPlugin:80 - create IPUIPlugin
2024-11-18 20:57:50,087 [INFO] PluginManager:220 - loadIPPluginJar : add gic
2024-11-18 20:57:50,101 [INFO] IPUIPlugin:80 - create IPUIPlugin
2024-11-18 20:57:50,101 [INFO] PluginManager:220 - loadIPPluginJar : add gpio
2024-11-18 20:57:50,196 [INFO] IPUIPlugin:80 - create IPUIPlugin
2024-11-18 20:57:50,196 [INFO] PluginManager:220 - loadIPPluginJar : add gtzc
2024-11-18 20:57:50,228 [INFO] IPUIPlugin:80 - create IPUIPlugin
2024-11-18 20:57:50,228 [INFO] PluginManager:220 - loadIPPluginJar : add hash
2024-11-18 20:57:50,278 [INFO] IPUIPlugin:80 - create IPUIPlugin
2024-11-18 20:57:50,278 [INFO] PluginManager:220 - loadIPPluginJar : add i2c
2024-11-18 20:57:50,315 [INFO] IPUIPlugin:80 - create IPUIPlugin
2024-11-18 20:57:50,316 [INFO] PluginManager:220 - loadIPPluginJar : add i2s
2024-11-18 20:57:50,357 [INFO] IPUIPlugin:80 - create IPUIPlugin
2024-11-18 20:57:50,358 [INFO] PluginManager:220 - loadIPPluginJar : add i3c
2024-11-18 20:57:50,464 [INFO] IPUIPlugin:80 - create IPUIPlugin
2024-11-18 20:57:50,464 [INFO] PluginManager:220 - loadIPPluginJar : add ipddr
2024-11-18 20:57:50,549 [INFO] IPUIPlugin:80 - create IPUIPlugin
2024-11-18 20:57:50,549 [INFO] PluginManager:220 - loadIPPluginJar : add linkedlist
2024-11-18 20:57:50,581 [INFO] IPUIPlugin:80 - create IPUIPlugin
2024-11-18 20:57:50,581 [INFO] PluginManager:220 - loadIPPluginJar : add lorawan
2024-11-18 20:57:50,615 [INFO] IPUIPlugin:80 - create IPUIPlugin
2024-11-18 20:57:50,615 [INFO] PluginManager:220 - loadIPPluginJar : add ltdc
2024-11-18 20:57:50,632 [INFO] IPUIPlugin:80 - create IPUIPlugin
2024-11-18 20:57:50,632 [INFO] PluginManager:220 - loadIPPluginJar : add mdma
2024-11-18 20:57:50,645 [INFO] IPUIPlugin:80 - create IPUIPlugin
2024-11-18 20:57:50,645 [INFO] PluginManager:220 - loadIPPluginJar : add nvic
2024-11-18 20:57:50,679 [INFO] IPUIPlugin:80 - create IPUIPlugin
2024-11-18 20:57:50,679 [INFO] PluginManager:220 - loadIPPluginJar : add opamp
2024-11-18 20:57:50,747 [INFO] IPUIPlugin:80 - create IPUIPlugin
2024-11-18 20:57:50,747 [INFO] PluginManager:220 - loadIPPluginJar : add openamp
2024-11-18 20:57:50,800 [INFO] IPUIPlugin:80 - create IPUIPlugin
2024-11-18 20:57:50,800 [INFO] PluginManager:220 - loadIPPluginJar : add pdm2pcm
2024-11-18 20:57:50,818 [INFO] IPUIPlugin:80 - create IPUIPlugin
2024-11-18 20:57:50,821 [INFO] PluginManager:220 - loadIPPluginJar : add plateformsettings
2024-11-18 20:57:50,850 [INFO] IPUIPlugin:80 - create IPUIPlugin
2024-11-18 20:57:50,850 [INFO] PluginManager:220 - loadIPPluginJar : add quadspi
2024-11-18 20:57:50,880 [INFO] IPUIPlugin:80 - create IPUIPlugin
2024-11-18 20:57:50,881 [INFO] PluginManager:220 - loadIPPluginJar : add radio
2024-11-18 20:57:50,895 [INFO] IPUIPlugin:80 - create IPUIPlugin
2024-11-18 20:57:50,895 [INFO] PluginManager:220 - loadIPPluginJar : add resmgrutility
2024-11-18 20:57:50,945 [INFO] IPUIPlugin:80 - create IPUIPlugin
2024-11-18 20:57:50,945 [INFO] PluginManager:220 - loadIPPluginJar : add sai
2024-11-18 20:57:50,984 [INFO] IPUIPlugin:80 - create IPUIPlugin
2024-11-18 20:57:50,984 [INFO] PluginManager:220 - loadIPPluginJar : add spi
2024-11-18 20:57:51,061 [INFO] IPUIPlugin:80 - create IPUIPlugin
2024-11-18 20:57:51,061 [INFO] PluginManager:220 - loadIPPluginJar : add stm32_wpan
2024-11-18 20:57:51,085 [INFO] IPUIPlugin:80 - create IPUIPlugin
2024-11-18 20:57:51,085 [INFO] PluginManager:220 - loadIPPluginJar : add tim
2024-11-18 20:57:51,148 [INFO] IPUIPlugin:80 - create IPUIPlugin
2024-11-18 20:57:51,148 [INFO] PluginManager:220 - loadIPPluginJar : add touchsensing
2024-11-18 20:57:51,173 [INFO] IPUIPlugin:80 - create IPUIPlugin
2024-11-18 20:57:51,173 [INFO] PluginManager:220 - loadIPPluginJar : add tracer_emb
2024-11-18 20:57:51,199 [INFO] IPUIPlugin:80 - create IPUIPlugin
2024-11-18 20:57:51,199 [INFO] PluginManager:220 - loadIPPluginJar : add ts
2024-11-18 20:57:51,224 [INFO] IPUIPlugin:80 - create IPUIPlugin
2024-11-18 20:57:51,224 [INFO] PluginManager:220 - loadIPPluginJar : add tsc
2024-11-18 20:57:51,247 [INFO] IPUIPlugin:80 - create IPUIPlugin
2024-11-18 20:57:51,247 [INFO] PluginManager:220 - loadIPPluginJar : add ucpd
2024-11-18 20:57:51,293 [INFO] IPUIPlugin:80 - create IPUIPlugin
2024-11-18 20:57:51,293 [INFO] PluginManager:220 - loadIPPluginJar : add usart
2024-11-18 20:57:51,340 [INFO] IPUIPlugin:80 - create IPUIPlugin
2024-11-18 20:57:51,340 [INFO] PluginManager:220 - loadIPPluginJar : add usbx
2024-11-18 20:57:51,466 [INFO] CADModel:165 - CPN selected for project level
2024-11-18 20:57:51,466 [INFO] CADModel:114 - Register for checkConnection events
2024-11-18 20:57:51,466 [FATAL] Updater:334 - Updater called before beeing initialized
2024-11-18 20:57:51,466 [ERROR] CADModel:125 - Updater not yet initialized, retry later 
2024-11-18 20:57:51,614 [INFO] CADModel:165 - CPN selected for project level
2024-11-18 20:57:51,614 [INFO] CADModel:114 - Register for checkConnection events
2024-11-18 20:57:51,614 [FATAL] Updater:334 - Updater called before beeing initialized
2024-11-18 20:57:51,614 [ERROR] CADModel:125 - Updater not yet initialized, retry later 
2024-11-18 20:57:51,617 [FATAL] Updater:334 - Updater called before beeing initialized
2024-11-18 20:57:51,717 [FATAL] Updater:334 - Updater called before beeing initialized
2024-11-18 20:57:51,726 [INFO] DbMcusAds:53 - JSON generation date=Fri Sep 20 20:04:38 ICT 2024 (1726837478367)
2024-11-18 20:57:51,727 [FATAL] Updater:334 - Updater called before beeing initialized
2024-11-18 20:57:51,773 [WARN] DetailPanel:346 - Failed to get advertising image, set to default
2024-11-18 20:57:51,860 [FATAL] Updater:334 - Updater called before beeing initialized
2024-11-18 20:57:51,862 [FATAL] Updater:334 - Updater called before beeing initialized
2024-11-18 20:57:51,862 [FATAL] Updater:334 - Updater called before beeing initialized
2024-11-18 20:57:51,862 [WARN] DetailPanel:346 - Failed to get advertising image, set to default
2024-11-18 20:57:51,863 [FATAL] Updater:334 - Updater called before beeing initialized
2024-11-18 20:57:51,912 [INFO] ThirdPartyUpdaterWithRetryManager:70 - Updater plugin not ready yet. [2/15]
2024-11-18 20:57:51,923 [ERROR] Updater:1164 - MainUpdater not yet initialized. External WinMGr cannot be set.
2024-11-18 20:57:51,934 [INFO] Updater:1100 - Updater Version found : 6.12.0
2024-11-18 20:57:51,951 [INFO] ApplicationProperties:184 - Using Application install path: C:\ST\STM32CubeIDE_1.16.0\STM32CubeIDE\plugins\com.st.stm32cube.common.mx_6.12.0.202406281431
2024-11-18 20:57:53,528 [ERROR] LogOutputStream:75 - [STDERR_REDIRECT] Nov 18, 2024 8:57:53 PM java.util.prefs.WindowsPreferences <init>
2024-11-18 20:57:53,530 [ERROR] LogOutputStream:75 - [STDERR_REDIRECT] WARNING: Could not open/create prefs root node Software\JavaSoft\Prefs at root 0xffffffff80000002. Windows RegCreateKeyEx(...) returned error code 5.
2024-11-18 20:57:53,530 [ERROR] LogOutputStream:75 - [STDERR_REDIRECT] 
2024-11-18 20:57:53,914 [INFO] MainUpdater:2873 - connection check result : 10
2024-11-18 20:57:53,914 [INFO] MainUpdater:290 - Updater Check For Update Now.
2024-11-18 20:57:53,914 [INFO] MicroXplorer:498 - Change Database Version : DB.6.0.120
2024-11-18 20:57:53,935 [INFO] McuFinderGlobals:63 - Set McuFinder mode to 2 (CubeIDE integrated)
2024-11-18 20:57:53,942 [INFO] UserAuth:417 - Internet connection configuration mode: 1
2024-11-18 20:57:53,981 [INFO] JxBrowserEngine:152 - Initiate JxBrowser Engine with user profile folder
2024-11-18 20:57:54,168 [INFO] CheckServerUpdateThread:120 - End of CheckServer Thread
2024-11-18 20:57:55,227 [WARN] PackLoader:240 - Cannot read IP mode file for STMicroelectronics.FP-SNS-MOTENVWB1.1.4.0
2024-11-18 20:57:55,245 [WARN] PackLoader:240 - Cannot read IP mode file for STMicroelectronics.FP-ATR-ASTRA1.2.0.1
2024-11-18 20:57:55,264 [WARN] PackLoader:240 - Cannot read IP mode file for STMicroelectronics.X-CUBE-SMBUS.2.1.0
2024-11-18 20:57:55,282 [WARN] PackLoader:240 - Cannot read IP mode file for STMicroelectronics.X-CUBE-WB05N.1.1.0
2024-11-18 20:57:55,327 [WARN] PackLoader:240 - Cannot read IP mode file for STMicroelectronics.X-CUBE-AZRTOS-F7.1.1.0
2024-11-18 20:57:55,413 [WARN] PackLoader:240 - Cannot read IP mode file for STMicroelectronics.X-CUBE-MEMS1.11.0.0
2024-11-18 20:57:55,581 [WARN] PackLoader:240 - Cannot read IP mode file for STMicroelectronics.FP-SNS-FLIGHT1.5.0.2
2024-11-18 20:57:55,597 [WARN] PackLoader:240 - Cannot read IP mode file for STMicroelectronics.X-CUBE-DISPLAY.3.0.0
2024-11-18 20:57:55,617 [WARN] PackLoader:240 - Cannot read IP mode file for STMicroelectronics.X-CUBE-BLE1.7.0.0
2024-11-18 20:57:55,632 [WARN] PackLoader:240 - Cannot read IP mode file for STMicroelectronics.X-CUBE-NFC10.1.0.0
2024-11-18 20:57:55,648 [WARN] PackLoader:240 - Cannot read IP mode file for emotas.I-CUBE-CANOPEN.1.3.0
2024-11-18 20:57:55,666 [WARN] PackLoader:240 - Cannot read IP mode file for STMicroelectronics.X-CUBE-BLEMGR.3.1.0
2024-11-18 20:57:55,683 [WARN] PackLoader:240 - Cannot read IP mode file for STMicroelectronics.FP-SNS-SMARTAG2.1.2.0
2024-11-18 20:57:55,704 [INFO] LogOutputStream:77 - [STDOUT_REDIRECT] 1 : Invalid condition id : UX_CORESTACK_Condition cause : null
2024-11-18 20:57:55,705 [INFO] LogOutputStream:77 - [STDOUT_REDIRECT] 1 : Invalid condition id : UX_CORESTACK_Condition cause : null
2024-11-18 20:57:55,706 [INFO] LogOutputStream:77 - [STDOUT_REDIRECT] 1 : Invalid condition id : UX_CORESTACK_Condition cause : null
2024-11-18 20:57:55,707 [INFO] LogOutputStream:77 - [STDOUT_REDIRECT] 1 : Invalid condition id : UX_CORESTACK_Condition cause : null
2024-11-18 20:57:55,709 [INFO] LogOutputStream:77 - [STDOUT_REDIRECT] 1 : Invalid condition id : UX_CORESTACK_Condition cause : null
2024-11-18 20:57:55,711 [WARN] PackLoader:240 - Cannot read IP mode file for STMicroelectronics.X-CUBE-AZRTOS-WL.2.0.0
2024-11-18 20:57:55,726 [WARN] PackLoader:240 - Cannot read IP mode file for STMicroelectronics.FP-SNS-MOTENV1.5.0.0
2024-11-18 20:57:55,740 [WARN] PackLoader:240 - Cannot read IP mode file for wolfSSL.I-CUBE-wolfMQTT.1.19.0
2024-11-18 20:57:55,755 [WARN] PackLoader:240 - Cannot read IP mode file for WES.I-CUBE-Cesium.1.3.0
2024-11-18 20:57:55,771 [WARN] PackLoader:240 - Cannot read IP mode file for STMicroelectronics.X-CUBE-BLE2.3.3.0
2024-11-18 20:57:55,786 [WARN] PackLoader:240 - Cannot read IP mode file for STMicroelectronics.X-CUBE-NFC9.1.0.0
2024-11-18 20:57:55,801 [WARN] PackLoader:240 - Cannot read IP mode file for STMicroelectronics.X-CUBE-TCPP.4.1.0
2024-11-18 20:57:55,830 [WARN] PackLoader:240 - Cannot read IP mode file for STMicroelectronics.X-CUBE-AZRTOS-G0.1.1.0
2024-11-18 20:57:55,848 [WARN] PackLoader:240 - Cannot read IP mode file for STMicroelectronics.X-CUBE-SAFEA1.1.2.2
2024-11-18 20:57:55,865 [WARN] PackLoader:240 - Cannot read IP mode file for STMicroelectronics.X-CUBE-NFC4.3.0.0
2024-11-18 20:57:55,887 [WARN] PackLoader:240 - Cannot read IP mode file for EmbeddedOffice.I-CUBE-FS-RTOS.1.0.1
2024-11-18 20:57:55,887 [ERROR] ConditionMgr:805 - Attr not supported : Dmpu
2024-11-18 20:57:55,887 [ERROR] ConditionMgr:805 - Attr not supported : Dmpu
2024-11-18 20:57:55,887 [ERROR] ConditionMgr:805 - Attr not supported : Dmpu
2024-11-18 20:57:55,888 [ERROR] ConditionMgr:805 - Attr not supported : Dmpu
2024-11-18 20:57:55,888 [ERROR] ConditionMgr:805 - Attr not supported : Dmpu
2024-11-18 20:57:55,888 [ERROR] ConditionMgr:805 - Attr not supported : Dmpu
2024-11-18 20:57:55,888 [ERROR] ConditionMgr:805 - Attr not supported : Dmpu
2024-11-18 20:57:55,888 [ERROR] ConditionMgr:805 - Attr not supported : Dmpu
2024-11-18 20:57:55,888 [ERROR] ConditionMgr:805 - Attr not supported : Dmpu
2024-11-18 20:57:55,888 [ERROR] ConditionMgr:805 - Attr not supported : Dmpu
2024-11-18 20:57:55,888 [ERROR] ConditionMgr:805 - Attr not supported : Dmpu
2024-11-18 20:57:55,888 [ERROR] ConditionMgr:805 - Attr not supported : Dmpu
2024-11-18 20:57:55,888 [ERROR] ConditionMgr:805 - Attr not supported : Dmpu
2024-11-18 20:57:55,888 [ERROR] ConditionMgr:805 - Attr not supported : Dmpu
2024-11-18 20:57:55,888 [ERROR] ConditionMgr:805 - Attr not supported : Dmpu
2024-11-18 20:57:55,888 [ERROR] ConditionMgr:805 - Attr not supported : Dmpu
2024-11-18 20:57:55,888 [ERROR] ConditionMgr:805 - Attr not supported : Dmpu
2024-11-18 20:57:55,888 [ERROR] ConditionMgr:805 - Attr not supported : Dmpu
2024-11-18 20:57:55,889 [ERROR] ConditionMgr:805 - Attr not supported : Dmpu
2024-11-18 20:57:55,889 [ERROR] ConditionMgr:805 - Attr not supported : Dmpu
2024-11-18 20:57:55,889 [ERROR] ConditionMgr:805 - Attr not supported : Dmpu
2024-11-18 20:57:55,889 [ERROR] ConditionMgr:805 - Attr not supported : Dmpu
2024-11-18 20:57:55,889 [ERROR] ConditionMgr:805 - Attr not supported : Dmpu
2024-11-18 20:57:55,889 [ERROR] ConditionMgr:805 - Attr not supported : Dmpu
2024-11-18 20:57:55,889 [ERROR] ConditionMgr:805 - Attr not supported : Dmpu
2024-11-18 20:57:55,889 [ERROR] ConditionMgr:805 - Attr not supported : Dmpu
2024-11-18 20:57:55,889 [ERROR] ConditionMgr:805 - Attr not supported : Dmpu
2024-11-18 20:57:55,889 [ERROR] ConditionMgr:805 - Attr not supported : Dmpu
2024-11-18 20:57:55,889 [ERROR] ConditionMgr:805 - Attr not supported : Dmpu
2024-11-18 20:57:55,889 [ERROR] ConditionMgr:805 - Attr not supported : Dmpu
2024-11-18 20:57:55,889 [ERROR] ConditionMgr:805 - Attr not supported : Dmpu
2024-11-18 20:57:55,890 [ERROR] ConditionMgr:805 - Attr not supported : Dmpu
2024-11-18 20:57:55,890 [ERROR] ConditionMgr:805 - Attr not supported : Dmpu
2024-11-18 20:57:55,890 [ERROR] ConditionMgr:805 - Attr not supported : Dmpu
2024-11-18 20:57:55,890 [ERROR] ConditionMgr:805 - Attr not supported : Dmpu
2024-11-18 20:57:55,890 [ERROR] ConditionMgr:805 - Attr not supported : Dmpu
2024-11-18 20:57:55,890 [ERROR] ConditionMgr:805 - Attr not supported : Dmpu
2024-11-18 20:57:55,890 [ERROR] ConditionMgr:805 - Attr not supported : Dmpu
2024-11-18 20:57:55,890 [ERROR] ConditionMgr:805 - Attr not supported : Dmpu
2024-11-18 20:57:55,890 [ERROR] ConditionMgr:805 - Attr not supported : Dmpu
2024-11-18 20:57:55,890 [ERROR] ConditionMgr:805 - Attr not supported : Dmpu
2024-11-18 20:57:55,890 [ERROR] ConditionMgr:805 - Attr not supported : Dmpu
2024-11-18 20:57:55,890 [ERROR] ConditionMgr:805 - Attr not supported : Dmpu
2024-11-18 20:57:55,890 [ERROR] ConditionMgr:805 - Attr not supported : Dmpu
2024-11-18 20:57:55,891 [ERROR] ConditionMgr:805 - Attr not supported : Dmpu
2024-11-18 20:57:55,891 [ERROR] ConditionMgr:805 - Attr not supported : Dmpu
2024-11-18 20:57:55,891 [ERROR] ConditionMgr:805 - Attr not supported : Dmpu
2024-11-18 20:57:55,891 [ERROR] ConditionMgr:805 - Attr not supported : Dmpu
2024-11-18 20:57:55,891 [ERROR] ConditionMgr:805 - Attr not supported : Dmpu
2024-11-18 20:57:55,891 [ERROR] ConditionMgr:805 - Attr not supported : Dmpu
2024-11-18 20:57:55,891 [ERROR] ConditionMgr:805 - Attr not supported : Dmpu
2024-11-18 20:57:55,891 [ERROR] ConditionMgr:805 - Attr not supported : Dmpu
2024-11-18 20:57:55,891 [ERROR] ConditionMgr:805 - Attr not supported : Dmpu
2024-11-18 20:57:55,891 [ERROR] ConditionMgr:805 - Attr not supported : Dmpu
2024-11-18 20:57:55,891 [ERROR] ConditionMgr:805 - Attr not supported : Dmpu
2024-11-18 20:57:55,892 [ERROR] ConditionMgr:805 - Attr not supported : Dmpu
2024-11-18 20:57:55,892 [ERROR] ConditionMgr:805 - Attr not supported : Dmpu
2024-11-18 20:57:55,892 [ERROR] ConditionMgr:805 - Attr not supported : Dmpu
2024-11-18 20:57:55,892 [ERROR] ConditionMgr:805 - Attr not supported : Dmpu
2024-11-18 20:57:55,892 [ERROR] ConditionMgr:805 - Attr not supported : Dmpu
2024-11-18 20:57:55,892 [ERROR] ConditionMgr:805 - Attr not supported : Dmpu
2024-11-18 20:57:55,892 [ERROR] ConditionMgr:805 - Attr not supported : Dmpu
2024-11-18 20:57:55,892 [ERROR] ConditionMgr:805 - Attr not supported : Dmpu
2024-11-18 20:57:55,892 [ERROR] ConditionMgr:805 - Attr not supported : Dmpu
2024-11-18 20:57:55,907 [WARN] PackLoader:240 - Cannot read IP mode file for RealThread.X-CUBE-RT-Thread_Nano.4.1.1
2024-11-18 20:57:55,921 [WARN] PackLoader:240 - Cannot read IP mode file for STMicroelectronics.FP-ATR-SIGFOX1.3.2.0
2024-11-18 20:57:55,933 [WARN] PackLoader:240 - Cannot read IP mode file for wolfSSL.I-CUBE-wolfSSL.5.7.2
2024-11-18 20:57:55,945 [WARN] ConditionMgr:438 - getConditionDescription Invalid condition id : Cortex-A Device cause : null
2024-11-18 20:57:55,965 [WARN] ConditionMgr:1039 - genDependencies : Invalid condition id : Cortex-A Device cause : null
2024-11-18 20:57:55,966 [WARN] ConditionMgr:1039 - genDependencies : Invalid condition id : Cortex-A Device cause : null
2024-11-18 20:57:55,966 [WARN] ConditionMgr:1039 - genDependencies : Invalid condition id : Cortex-A Device cause : null
2024-11-18 20:57:55,986 [WARN] PackLoader:240 - Cannot read IP mode file for STMicroelectronics.X-CUBE-EEPRMA1.5.1.0
2024-11-18 20:57:56,006 [WARN] PackLoader:240 - Cannot read IP mode file for ITTIA_DB.I-CUBE-ITTIADB.8.9.0
2024-11-18 20:57:56,052 [WARN] PackLoader:240 - Cannot read IP mode file for SEGGER.I-CUBE-embOS.1.3.1
2024-11-18 20:57:56,133 [WARN] PackLoader:240 - Cannot read IP mode file for STMicroelectronics.X-CUBE-ALGOBUILD.1.4.0
2024-11-18 20:57:56,154 [WARN] PackLoader:240 - Cannot read IP mode file for STMicroelectronics.X-CUBE-AI.9.1.0
2024-11-18 20:57:56,172 [WARN] PackLoader:240 - Cannot read IP mode file for STMicroelectronics.X-CUBE-GNSS1.6.0.0
2024-11-18 20:57:56,204 [WARN] PackLoader:240 - Cannot read IP mode file for STMicroelectronics.X-CUBE-AZRTOS-F4.1.1.0
2024-11-18 20:57:56,219 [WARN] PackLoader:240 - Cannot read IP mode file for STMicroelectronics.X-CUBE-ISPU.2.1.0
2024-11-18 20:57:56,235 [WARN] PackLoader:240 - Cannot read IP mode file for STMicroelectronics.X-CUBE-FREERTOS.1.2.0
2024-11-18 20:57:56,266 [WARN] PackLoader:240 - Cannot read IP mode file for STMicroelectronics.X-CUBE-AZRTOS-L5.2.0.0
2024-11-18 20:57:56,285 [WARN] PackLoader:240 - Cannot read IP mode file for STMicroelectronics.X-CUBE-NFC6.3.1.0
2024-11-18 20:57:56,299 [WARN] PackLoader:240 - Cannot read IP mode file for STMicroelectronics.X-CUBE-DPower.1.2.0
2024-11-18 20:57:56,312 [WARN] PackLoader:240 - Cannot read IP mode file for STMicroelectronics.X-CUBE-AI.9.0.0
2024-11-18 20:57:56,326 [WARN] PackLoader:240 - Cannot read IP mode file for STMicroelectronics.X-CUBE-NFC7.1.0.1
2024-11-18 20:57:56,339 [WARN] PackLoader:240 - Cannot read IP mode file for wolfSSL.I-CUBE-wolfTPM.3.2.0
2024-11-18 20:57:56,368 [WARN] ConditionMgr:438 - getConditionDescription Invalid condition id : LAN8742 Phy interface Condition cause : null
2024-11-18 20:57:56,368 [WARN] PackLoader:240 - Cannot read IP mode file for STMicroelectronics.X-CUBE-AZRTOS-L4.2.0.0
2024-11-18 20:57:56,369 [WARN] ConditionMgr:1039 - genDependencies : Invalid condition id : LAN8742 Phy interface Condition cause : null
2024-11-18 20:57:56,369 [WARN] ConditionMgr:1039 - genDependencies : Invalid condition id : LAN8742 Phy interface Condition cause : null
2024-11-18 20:57:56,370 [WARN] ConditionMgr:1039 - genDependencies : Invalid condition id : LAN8742 Phy interface Condition cause : null
2024-11-18 20:57:56,389 [WARN] PackLoader:240 - Cannot read IP mode file for STMicroelectronics.X-CUBE-SFXS2LP1.4.0.0
2024-11-18 20:57:56,425 [WARN] PackLoader:240 - Cannot read IP mode file for STMicroelectronics.X-CUBE-AZRTOS-H7.3.3.0
2024-11-18 20:57:56,451 [WARN] PackLoader:240 - Cannot read IP mode file for STMicroelectronics.X-CUBE-IPS.3.0.0
2024-11-18 20:57:56,487 [WARN] ConditionMgr:438 - getConditionDescription Invalid condition id : UX DEVICE CLASS RTOS Condition cause : null
2024-11-18 20:57:56,487 [WARN] ConditionMgr:438 - getConditionDescription Invalid condition id : UX DEVICE CLASS RTOS Condition cause : null
2024-11-18 20:57:56,489 [WARN] PackLoader:240 - Cannot read IP mode file for STMicroelectronics.X-CUBE-AZRTOS-WB.2.0.0
2024-11-18 20:57:56,490 [WARN] ConditionMgr:1039 - genDependencies : Invalid condition id : UX DEVICE CLASS RTOS Condition cause : null
2024-11-18 20:57:56,490 [WARN] ConditionMgr:1039 - genDependencies : Invalid condition id : UX DEVICE CLASS RTOS Condition cause : null
2024-11-18 20:57:56,490 [WARN] ConditionMgr:1039 - genDependencies : Invalid condition id : UX DEVICE CLASS RTOS Condition cause : null
2024-11-18 20:57:56,491 [WARN] ConditionMgr:1039 - genDependencies : Invalid condition id : UX DEVICE CLASS RTOS Condition cause : null
2024-11-18 20:57:56,491 [WARN] ConditionMgr:1039 - genDependencies : Invalid condition id : UX DEVICE CLASS RTOS Condition cause : null
2024-11-18 20:57:56,506 [WARN] PackLoader:240 - Cannot read IP mode file for STMicroelectronics.X-CUBE-GNSS1.7.0.0
2024-11-18 20:57:56,523 [WARN] PackLoader:240 - Cannot read IP mode file for STMicroelectronics.FP-SNS-STBOX1.2.0.0
2024-11-18 20:57:56,546 [WARN] PackLoader:240 - Cannot read IP mode file for STMicroelectronics.X-CUBE-SUBG2.5.0.0
2024-11-18 20:57:56,565 [WARN] PackLoader:240 - Cannot read IP mode file for Cesanta.I-CUBE-Mongoose.7.13.0
2024-11-18 20:57:56,592 [WARN] PackLoader:240 - Cannot read IP mode file for STMicroelectronics.X-CUBE-AZRTOS-G4.2.0.0
2024-11-18 20:57:56,606 [WARN] PackLoader:240 - Cannot read IP mode file for STMicroelectronics.X-CUBE-ISPU.2.0.0
2024-11-18 20:57:56,619 [WARN] PackLoader:240 - Cannot read IP mode file for STMicroelectronics.X-CUBE-ALS.1.0.2
2024-11-18 20:57:56,675 [WARN] PackLoader:240 - Cannot read IP mode file for STMicroelectronics.X-CUBE-MEMS1.10.0.0
2024-11-18 20:57:56,812 [WARN] PackLoader:240 - Cannot read IP mode file for STMicroelectronics.X-CUBE-TOUCHGFX.4.24.0
2024-11-18 20:57:56,827 [WARN] PackLoader:240 - Cannot read IP mode file for STMicroelectronics.X-CUBE-TOUCHGFX.4.24.1
2024-11-18 20:57:56,849 [WARN] PackLoader:240 - Cannot read IP mode file for portGmbH.I-Cube-SoM-uGOAL.1.1.0
2024-11-18 20:57:56,884 [WARN] PackLoader:240 - Cannot read IP mode file for STMicroelectronics.X-CUBE-AZRTOS-H7RS.1.0.0
2024-11-18 20:57:56,898 [WARN] PackLoader:240 - Cannot read IP mode file for STMicroelectronics.FP-ATR-ASTRA1.2.0.0
2024-11-18 20:57:56,918 [WARN] PackLoader:240 - Cannot read IP mode file for STMicroelectronics.X-CUBE-TOF1.3.4.2
2024-11-18 20:57:56,956 [WARN] PackLoader:240 - Cannot read IP mode file for Infineon.AIROC-Wi-Fi-Bluetooth-STM32.1.6.0
2024-11-18 20:57:56,971 [WARN] PackLoader:240 - Cannot read IP mode file for wolfSSL.I-CUBE-wolfSSH.1.4.17
2024-11-18 20:57:56,971 [INFO] ThirdParty:978 - Integrity check success = true
2024-11-18 20:57:56,971 [INFO] IntegrityCheckThread:100 - exiting critical section [integrity check]
2024-11-18 20:57:56,971 [INFO] IntegrityCheckThread:103 - End integrity checks thread
2024-11-18 20:58:01,502 [INFO] WebApp:167 - Instantiating new browser for Auth
2024-11-18 20:58:02,466 [INFO] WebApp:448 - Apply proxy settings
2024-11-18 20:58:02,467 [INFO] WebApp:533 - Chromium requires no authentication
2024-11-18 20:58:02,492 [INFO] WebApp:476 - Direct internet connection detected
2024-11-18 20:58:02,560 [INFO] WebApp:869 - Register for checkConnection events
2024-11-18 20:58:02,561 [INFO] WebApp:448 - Apply proxy settings
2024-11-18 20:58:02,562 [INFO] WebApp:533 - Chromium requires no authentication
2024-11-18 20:58:02,563 [INFO] WebApp:476 - Direct internet connection detected
2024-11-18 20:58:02,910 [INFO] WebApp:220 - Starting web application
2024-11-18 20:58:02,910 [INFO] WebApp:578 - Web application path used C:\ST\STM32CubeIDE_1.16.0\STM32CubeIDE\plugins\com.st.stm32cube.common.mx_6.12.0.202406281431\db\plugins\mcufinder\reactClient1\index.html
2024-11-18 20:58:03,096 [INFO] UserAuth:417 - Internet connection configuration mode: 1
2024-11-18 20:58:03,884 [INFO] WebApp:186 - Connection restablished
