2024-11-28 14:05:48,455 [INFO] Activator:176 - 


2024-11-28 14:05:48,468 [INFO] Activator:177 - !SESSION log4j initialized
2024-11-28 14:05:58,344 [INFO] LogOutputStream:77 - [STDOUT_REDIRECT] 
2024-11-28 14:06:01,564 [INFO] ApplicationProperties:184 - Using Application install path: C:\ST\STM32CubeIDE_1.16.0\STM32CubeIDE\plugins\com.st.stm32cube.common.mx_6.12.0.202406281431
2024-11-28 14:06:01,592 [INFO] DbMcusXml:78 - Set database path to: C:\ST\STM32CubeIDE_1.16.0\STM32CubeIDE\plugins\com.st.stm32cube.common.mx_6.12.0.202406281431\\db\/mcu/
2024-11-28 14:06:01,593 [INFO] ApiDb:274 - Set plugin database path to: C:\ST\STM32CubeIDE_1.16.0\STM32CubeIDE\plugins\com.st.stm32cube.common.mx_6.12.0.202406281431\\db\/plugins/boardmanager/
2024-11-28 14:06:01,594 [WARN] ApiDb:259 - Overriding images path with different value:  => C:\ST\STM32CubeIDE_1.16.0\STM32CubeIDE\plugins\com.st.stm32cube.common.mx_6.12.0.202406281431\\db\/plugins/mcufinder/images/
2024-11-28 14:06:01,615 [INFO] ApiDb:250 - Set database path to: C:\Users\Asus\.stmcufinder\plugins\mcufinder//mcu/
2024-11-28 14:06:01,616 [INFO] DbMcusAds:125 - Set database path to: C:\Users\Asus\.stmcufinder\plugins\mcufinder//mcu/
2024-11-28 14:06:01,621 [INFO] CrossReferenceDbSqlite:203 - Set database path to: C:\Users\Asus\.stmcufinder\plugins\mcufinder//mcu/cs/
2024-11-28 14:06:01,846 [INFO] RulesReader:64 - Compatibility file has been processed (297 Rules)
2024-11-28 14:06:01,995 [INFO] DbMcusXml:78 - Set database path to: C:\ST\STM32CubeIDE_1.16.0\STM32CubeIDE\plugins\com.st.stm32cube.common.mx_6.12.0.202406281431\\db\/mcu/
2024-11-28 14:06:01,995 [INFO] ApiDb:274 - Set plugin database path to: C:\ST\STM32CubeIDE_1.16.0\STM32CubeIDE\plugins\com.st.stm32cube.common.mx_6.12.0.202406281431\\db\/plugins/boardmanager/
2024-11-28 14:06:01,995 [INFO] ApiDb:261 - Set plugin images path to: C:\ST\STM32CubeIDE_1.16.0\STM32CubeIDE\plugins\com.st.stm32cube.common.mx_6.12.0.202406281431\\db\/plugins/mcufinder/images/
2024-11-28 14:06:01,996 [WARN] DbFile:41 - Overriding database path with different value: C:\Users\Asus\.stmcufinder\plugins\mcufinder/ => C:\Users\Asus\.stmcufinder\plugins\mcufinder
2024-11-28 14:06:01,996 [INFO] ApiDb:250 - Set database path to: C:\Users\Asus\.stmcufinder\plugins\mcufinder//mcu/
2024-11-28 14:06:01,996 [WARN] DbFile:41 - Overriding database path with different value: C:\Users\Asus\.stmcufinder\plugins\mcufinder/ => C:\Users\Asus\.stmcufinder\plugins\mcufinder
2024-11-28 14:06:01,996 [INFO] DbMcusAds:125 - Set database path to: C:\Users\Asus\.stmcufinder\plugins\mcufinder//mcu/
2024-11-28 14:06:01,996 [WARN] DbFile:41 - Overriding database path with different value: C:\Users\Asus\.stmcufinder\plugins\mcufinder/ => C:\Users\Asus\.stmcufinder\plugins\mcufinder
2024-11-28 14:06:01,996 [WARN] DbFile:41 - Overriding database path with different value: C:\Users\Asus\.stmcufinder\plugins\mcufinder/ => C:\Users\Asus\.stmcufinder\plugins\mcufinder
2024-11-28 14:06:01,996 [INFO] CrossReferenceDbSqlite:203 - Set database path to: C:\Users\Asus\.stmcufinder\plugins\mcufinder//mcu/cs/
2024-11-28 14:06:02,130 [INFO] MainPanel:268 - HeapMemory: 268435456
2024-11-28 14:06:02,310 [INFO] DbMcusXml:78 - Set database path to: C:\ST\STM32CubeIDE_1.16.0\STM32CubeIDE\plugins\com.st.stm32cube.common.mx_6.12.0.202406281431\\db\/mcu/
2024-11-28 14:06:02,310 [INFO] ApiDb:274 - Set plugin database path to: C:\ST\STM32CubeIDE_1.16.0\STM32CubeIDE\plugins\com.st.stm32cube.common.mx_6.12.0.202406281431\\db\/plugins/boardmanager/
2024-11-28 14:06:02,310 [INFO] ApiDb:261 - Set plugin images path to: C:\ST\STM32CubeIDE_1.16.0\STM32CubeIDE\plugins\com.st.stm32cube.common.mx_6.12.0.202406281431\\db\/plugins/mcufinder/images/
2024-11-28 14:06:02,311 [WARN] DbFile:41 - Overriding database path with different value: C:\Users\Asus\.stmcufinder\plugins\mcufinder/ => C:\Users\Asus\.stmcufinder\plugins\mcufinder
2024-11-28 14:06:02,311 [INFO] ApiDb:250 - Set database path to: C:\Users\Asus\.stmcufinder\plugins\mcufinder//mcu/
2024-11-28 14:06:02,311 [WARN] DbFile:41 - Overriding database path with different value: C:\Users\Asus\.stmcufinder\plugins\mcufinder/ => C:\Users\Asus\.stmcufinder\plugins\mcufinder
2024-11-28 14:06:02,311 [INFO] DbMcusAds:125 - Set database path to: C:\Users\Asus\.stmcufinder\plugins\mcufinder//mcu/
2024-11-28 14:06:02,311 [WARN] DbFile:41 - Overriding database path with different value: C:\Users\Asus\.stmcufinder\plugins\mcufinder/ => C:\Users\Asus\.stmcufinder\plugins\mcufinder
2024-11-28 14:06:02,311 [WARN] DbFile:41 - Overriding database path with different value: C:\Users\Asus\.stmcufinder\plugins\mcufinder/ => C:\Users\Asus\.stmcufinder\plugins\mcufinder
2024-11-28 14:06:02,312 [INFO] CrossReferenceDbSqlite:203 - Set database path to: C:\Users\Asus\.stmcufinder\plugins\mcufinder//mcu/cs/
2024-11-28 14:06:02,342 [INFO] ApplicationProperties:184 - Using Application install path: C:\ST\STM32CubeIDE_1.16.0\STM32CubeIDE\plugins\com.st.stm32cube.common.mx_6.12.0.202406281431
2024-11-28 14:06:02,344 [INFO] PluginManage:196 - Search for loadable plugins [exclusion list=, ]
2024-11-28 14:06:02,346 [INFO] PluginManage:310 - Check plugin analytics
2024-11-28 14:06:02,619 [INFO] AnalyticsPlugin:253 - Accepted Software Licenses: STM32CubeMX.6.12.1
2024-11-28 14:06:02,619 [INFO] AnalyticsPlugin:255 - Accepted CMSIS Pack Licenses: 
2024-11-28 14:06:02,620 [INFO] AnalyticsPlugin:257 - Accepted Firmware Licenses: FW.F4.1.28.0
2024-11-28 14:06:02,627 [INFO] PluginManage:359 - Loaded plugin analytics (category:tool,tabindex:-1)
2024-11-28 14:06:02,628 [INFO] PluginManage:310 - Check plugin cadmodel
2024-11-28 14:06:02,666 [INFO] CADModel:105 - Init CAD model plugin
2024-11-28 14:06:02,667 [INFO] PluginManage:359 - Loaded plugin cadmodel (category:power,tabindex:5)
2024-11-28 14:06:02,667 [INFO] PluginManage:310 - Check plugin clock
2024-11-28 14:06:02,722 [INFO] PluginManage:359 - Loaded plugin clock (category:base,tabindex:2)
2024-11-28 14:06:02,722 [INFO] PluginManage:310 - Check plugin ddr
2024-11-28 14:06:02,729 [INFO] PluginManage:359 - Loaded plugin ddr (category:tool,tabindex:6)
2024-11-28 14:06:02,730 [INFO] PluginManage:310 - Check plugin filemanager
2024-11-28 14:06:03,371 [INFO] PluginManage:359 - Loaded plugin filemanager (category:base,tabindex:10)
2024-11-28 14:06:03,371 [INFO] PluginManage:310 - Check plugin ipmanager
2024-11-28 14:06:03,381 [INFO] PluginManage:359 - Loaded plugin ipmanager (category:base,tabindex:5)
2024-11-28 14:06:03,381 [INFO] PluginManage:310 - Check plugin lpbam
2024-11-28 14:06:03,418 [INFO] PluginManage:359 - Loaded plugin lpbam (category:base,tabindex:0)
2024-11-28 14:06:03,418 [INFO] PluginManage:310 - Check plugin memorymap
2024-11-28 14:06:03,477 [INFO] PluginManage:359 - Loaded plugin memorymap (category:base,tabindex:4)
2024-11-28 14:06:03,477 [INFO] PluginManage:310 - Check plugin pinoutandconfiguration
2024-11-28 14:06:03,508 [INFO] PluginManage:359 - Loaded plugin pinoutandconfiguration (category:base,tabindex:1)
2024-11-28 14:06:03,508 [INFO] PluginManage:310 - Check plugin pinoutconfig
2024-11-28 14:06:03,671 [WARN] SupportedApi:132 - Cannot load RTOS API schema: s4s-elt-must-match.1: The content of 'definitions' must match (annotation?, (simpleType | complexType)?, (unique | key | keyref)*)). A problem was found starting at: attribute.
2024-11-28 14:06:03,909 [INFO] PluginManage:359 - Loaded plugin pinoutconfig (category:base,tabindex:0)
2024-11-28 14:06:03,910 [INFO] PluginManage:310 - Check plugin power
2024-11-28 14:06:03,945 [INFO] PluginManage:359 - Loaded plugin power (category:power,tabindex:4)
2024-11-28 14:06:03,945 [INFO] PluginManage:310 - Check plugin projectmanager
2024-11-28 14:06:03,975 [INFO] PluginManage:359 - Loaded plugin projectmanager (category:projectmanager,tabindex:4)
2024-11-28 14:06:03,975 [INFO] PluginManage:310 - Check plugin rif
2024-11-28 14:06:04,002 [INFO] PluginManage:359 - Loaded plugin rif (category:base,tabindex:3)
2024-11-28 14:06:04,003 [INFO] PluginManage:310 - Check plugin thirdparty
2024-11-28 14:06:04,519 [INFO] PluginManage:359 - Loaded plugin thirdparty (category:base,tabindex:-1)
2024-11-28 14:06:04,519 [WARN] IntegrityCheckThread:84 - waiting for thirdparty lock release [integrity check]
2024-11-28 14:06:04,520 [INFO] PluginManage:310 - Check plugin tools
2024-11-28 14:06:04,520 [INFO] IntegrityCheckThread:86 - entering critical section [integrity check]
2024-11-28 14:06:04,521 [INFO] ThirdPartyUpdaterWithRetryManager:70 - Updater plugin not ready yet. [1/15]
2024-11-28 14:06:04,603 [INFO] PluginManage:359 - Loaded plugin tools (category:base,tabindex:7)
2024-11-28 14:06:04,603 [INFO] PluginManage:310 - Check plugin tutovideos
2024-11-28 14:06:04,997 [INFO] PluginManage:359 - Loaded plugin tutovideos (category:base,tabindex:-1)
2024-11-28 14:06:04,997 [INFO] PluginManage:310 - Check plugin updater
2024-11-28 14:06:05,024 [INFO] PluginManage:359 - Loaded plugin updater (category:base,tabindex:12)
2024-11-28 14:06:05,024 [INFO] PluginManage:310 - Check plugin userauth
2024-11-28 14:06:05,034 [INFO] UserAuth:113 - Init User Auth plugin
2024-11-28 14:06:05,034 [INFO] PluginManage:359 - Loaded plugin userauth (category:base,tabindex:14)
2024-11-28 14:06:05,035 [INFO] PluginManage:283 - PluginManage : Loaded plugins [18]
2024-11-28 14:06:05,393 [INFO] PinOutPanel:1561 - setPackage(No Configuration,No Configuration)
2024-11-28 14:06:05,543 [INFO] CADModel:165 - CPN selected for project level
2024-11-28 14:06:05,543 [INFO] CADModel:114 - Register for checkConnection events
2024-11-28 14:06:05,610 [INFO] IPUIPlugin:80 - create IPUIPlugin
2024-11-28 14:06:05,610 [INFO] PluginManager:220 - loadIPPluginJar : add adc
2024-11-28 14:06:05,691 [INFO] IPUIPlugin:80 - create IPUIPlugin
2024-11-28 14:06:05,691 [INFO] PluginManager:220 - loadIPPluginJar : add aes
2024-11-28 14:06:05,784 [INFO] IPUIPlugin:80 - create IPUIPlugin
2024-11-28 14:06:05,785 [INFO] PluginManager:220 - loadIPPluginJar : add can
2024-11-28 14:06:05,834 [INFO] IPUIPlugin:80 - create IPUIPlugin
2024-11-28 14:06:05,834 [INFO] PluginManager:220 - loadIPPluginJar : add comp
2024-11-28 14:06:05,916 [INFO] IPUIPlugin:80 - create IPUIPlugin
2024-11-28 14:06:05,916 [INFO] PluginManager:220 - loadIPPluginJar : add cryp
2024-11-28 14:06:05,943 [INFO] IPUIPlugin:80 - create IPUIPlugin
2024-11-28 14:06:05,944 [INFO] PluginManager:220 - loadIPPluginJar : add ddr_ctrl_phy
2024-11-28 14:06:06,002 [INFO] IPUIPlugin:80 - create IPUIPlugin
2024-11-28 14:06:06,002 [INFO] PluginManager:220 - loadIPPluginJar : add dfsdm
2024-11-28 14:06:06,036 [INFO] IPUIPlugin:80 - create IPUIPlugin
2024-11-28 14:06:06,039 [INFO] PluginManager:220 - loadIPPluginJar : add dma
2024-11-28 14:06:06,141 [INFO] IPUIPlugin:80 - create IPUIPlugin
2024-11-28 14:06:06,141 [INFO] PluginManager:220 - loadIPPluginJar : add dma3
2024-11-28 14:06:06,247 [INFO] IPUIPlugin:80 - create IPUIPlugin
2024-11-28 14:06:06,247 [INFO] PluginManager:220 - loadIPPluginJar : add extmemmanager
2024-11-28 14:06:06,300 [INFO] IPUIPlugin:80 - create IPUIPlugin
2024-11-28 14:06:06,300 [INFO] PluginManager:220 - loadIPPluginJar : add fatfs
2024-11-28 14:06:06,399 [INFO] IPUIPlugin:80 - create IPUIPlugin
2024-11-28 14:06:06,400 [INFO] PluginManager:220 - loadIPPluginJar : add fmc
2024-11-28 14:06:06,429 [INFO] IPUIPlugin:80 - create IPUIPlugin
2024-11-28 14:06:06,429 [INFO] PluginManager:220 - loadIPPluginJar : add freertos
2024-11-28 14:06:06,483 [INFO] IPUIPlugin:80 - create IPUIPlugin
2024-11-28 14:06:06,484 [INFO] PluginManager:220 - loadIPPluginJar : add genericplugin
2024-11-28 14:06:06,681 [INFO] IPUIPlugin:80 - create IPUIPlugin
2024-11-28 14:06:06,681 [INFO] PluginManager:220 - loadIPPluginJar : add gfxmmu
2024-11-28 14:06:06,966 [INFO] IPUIPlugin:80 - create IPUIPlugin
2024-11-28 14:06:06,967 [INFO] PluginManager:220 - loadIPPluginJar : add gic
2024-11-28 14:06:06,990 [INFO] IPUIPlugin:80 - create IPUIPlugin
2024-11-28 14:06:06,990 [INFO] PluginManager:220 - loadIPPluginJar : add gpio
2024-11-28 14:06:07,182 [INFO] IPUIPlugin:80 - create IPUIPlugin
2024-11-28 14:06:07,183 [INFO] PluginManager:220 - loadIPPluginJar : add gtzc
2024-11-28 14:06:07,254 [INFO] IPUIPlugin:80 - create IPUIPlugin
2024-11-28 14:06:07,254 [INFO] PluginManager:220 - loadIPPluginJar : add hash
2024-11-28 14:06:07,362 [INFO] IPUIPlugin:80 - create IPUIPlugin
2024-11-28 14:06:07,362 [INFO] PluginManager:220 - loadIPPluginJar : add i2c
2024-11-28 14:06:07,440 [INFO] IPUIPlugin:80 - create IPUIPlugin
2024-11-28 14:06:07,440 [INFO] PluginManager:220 - loadIPPluginJar : add i2s
2024-11-28 14:06:07,518 [INFO] IPUIPlugin:80 - create IPUIPlugin
2024-11-28 14:06:07,518 [INFO] PluginManager:220 - loadIPPluginJar : add i3c
2024-11-28 14:06:07,522 [INFO] ThirdPartyUpdaterWithRetryManager:70 - Updater plugin not ready yet. [2/15]
2024-11-28 14:06:07,715 [INFO] IPUIPlugin:80 - create IPUIPlugin
2024-11-28 14:06:07,715 [INFO] PluginManager:220 - loadIPPluginJar : add ipddr
2024-11-28 14:06:07,897 [INFO] IPUIPlugin:80 - create IPUIPlugin
2024-11-28 14:06:07,897 [INFO] PluginManager:220 - loadIPPluginJar : add linkedlist
2024-11-28 14:06:07,978 [INFO] IPUIPlugin:80 - create IPUIPlugin
2024-11-28 14:06:07,978 [INFO] PluginManager:220 - loadIPPluginJar : add lorawan
2024-11-28 14:06:08,054 [INFO] IPUIPlugin:80 - create IPUIPlugin
2024-11-28 14:06:08,054 [INFO] PluginManager:220 - loadIPPluginJar : add ltdc
2024-11-28 14:06:08,077 [INFO] IPUIPlugin:80 - create IPUIPlugin
2024-11-28 14:06:08,078 [INFO] PluginManager:220 - loadIPPluginJar : add mdma
2024-11-28 14:06:08,101 [INFO] IPUIPlugin:80 - create IPUIPlugin
2024-11-28 14:06:08,101 [INFO] PluginManager:220 - loadIPPluginJar : add nvic
2024-11-28 14:06:08,167 [INFO] IPUIPlugin:80 - create IPUIPlugin
2024-11-28 14:06:08,168 [INFO] PluginManager:220 - loadIPPluginJar : add opamp
2024-11-28 14:06:08,300 [INFO] IPUIPlugin:80 - create IPUIPlugin
2024-11-28 14:06:08,300 [INFO] PluginManager:220 - loadIPPluginJar : add openamp
2024-11-28 14:06:08,393 [INFO] IPUIPlugin:80 - create IPUIPlugin
2024-11-28 14:06:08,393 [INFO] PluginManager:220 - loadIPPluginJar : add pdm2pcm
2024-11-28 14:06:08,421 [INFO] IPUIPlugin:80 - create IPUIPlugin
2024-11-28 14:06:08,425 [INFO] PluginManager:220 - loadIPPluginJar : add plateformsettings
2024-11-28 14:06:08,466 [INFO] IPUIPlugin:80 - create IPUIPlugin
2024-11-28 14:06:08,466 [INFO] PluginManager:220 - loadIPPluginJar : add quadspi
2024-11-28 14:06:08,518 [INFO] IPUIPlugin:80 - create IPUIPlugin
2024-11-28 14:06:08,519 [INFO] PluginManager:220 - loadIPPluginJar : add radio
2024-11-28 14:06:08,544 [INFO] IPUIPlugin:80 - create IPUIPlugin
2024-11-28 14:06:08,545 [INFO] PluginManager:220 - loadIPPluginJar : add resmgrutility
2024-11-28 14:06:08,646 [INFO] IPUIPlugin:80 - create IPUIPlugin
2024-11-28 14:06:08,646 [INFO] PluginManager:220 - loadIPPluginJar : add sai
2024-11-28 14:06:08,728 [INFO] IPUIPlugin:80 - create IPUIPlugin
2024-11-28 14:06:08,728 [INFO] PluginManager:220 - loadIPPluginJar : add spi
2024-11-28 14:06:08,886 [INFO] IPUIPlugin:80 - create IPUIPlugin
2024-11-28 14:06:08,886 [INFO] PluginManager:220 - loadIPPluginJar : add stm32_wpan
2024-11-28 14:06:08,941 [INFO] IPUIPlugin:80 - create IPUIPlugin
2024-11-28 14:06:08,941 [INFO] PluginManager:220 - loadIPPluginJar : add tim
2024-11-28 14:06:09,096 [INFO] IPUIPlugin:80 - create IPUIPlugin
2024-11-28 14:06:09,097 [INFO] PluginManager:220 - loadIPPluginJar : add touchsensing
2024-11-28 14:06:09,143 [INFO] IPUIPlugin:80 - create IPUIPlugin
2024-11-28 14:06:09,143 [INFO] PluginManager:220 - loadIPPluginJar : add tracer_emb
2024-11-28 14:06:09,189 [INFO] IPUIPlugin:80 - create IPUIPlugin
2024-11-28 14:06:09,189 [INFO] PluginManager:220 - loadIPPluginJar : add ts
2024-11-28 14:06:09,233 [INFO] IPUIPlugin:80 - create IPUIPlugin
2024-11-28 14:06:09,233 [INFO] PluginManager:220 - loadIPPluginJar : add tsc
2024-11-28 14:06:09,276 [INFO] IPUIPlugin:80 - create IPUIPlugin
2024-11-28 14:06:09,276 [INFO] PluginManager:220 - loadIPPluginJar : add ucpd
2024-11-28 14:06:09,386 [INFO] IPUIPlugin:80 - create IPUIPlugin
2024-11-28 14:06:09,386 [INFO] PluginManager:220 - loadIPPluginJar : add usart
2024-11-28 14:06:09,472 [INFO] IPUIPlugin:80 - create IPUIPlugin
2024-11-28 14:06:09,472 [INFO] PluginManager:220 - loadIPPluginJar : add usbx
2024-11-28 14:06:09,653 [INFO] CADModel:165 - CPN selected for project level
2024-11-28 14:06:09,653 [INFO] CADModel:114 - Register for checkConnection events
2024-11-28 14:06:09,653 [FATAL] Updater:334 - Updater called before beeing initialized
2024-11-28 14:06:09,654 [ERROR] CADModel:125 - Updater not yet initialized, retry later 
2024-11-28 14:06:09,905 [INFO] CADModel:165 - CPN selected for project level
2024-11-28 14:06:09,906 [INFO] CADModel:114 - Register for checkConnection events
2024-11-28 14:06:09,906 [FATAL] Updater:334 - Updater called before beeing initialized
2024-11-28 14:06:09,906 [ERROR] CADModel:125 - Updater not yet initialized, retry later 
2024-11-28 14:06:09,913 [FATAL] Updater:334 - Updater called before beeing initialized
2024-11-28 14:06:10,124 [FATAL] Updater:334 - Updater called before beeing initialized
2024-11-28 14:06:10,146 [INFO] DbMcusAds:53 - JSON generation date=Fri Sep 20 20:04:38 ICT 2024 (1726837478367)
2024-11-28 14:06:10,147 [FATAL] Updater:334 - Updater called before beeing initialized
2024-11-28 14:06:10,216 [WARN] DetailPanel:346 - Failed to get advertising image, set to default
2024-11-28 14:06:10,392 [FATAL] Updater:334 - Updater called before beeing initialized
2024-11-28 14:06:10,395 [FATAL] Updater:334 - Updater called before beeing initialized
2024-11-28 14:06:10,396 [FATAL] Updater:334 - Updater called before beeing initialized
2024-11-28 14:06:10,396 [WARN] DetailPanel:346 - Failed to get advertising image, set to default
2024-11-28 14:06:10,397 [FATAL] Updater:334 - Updater called before beeing initialized
2024-11-28 14:06:10,496 [ERROR] Updater:1164 - MainUpdater not yet initialized. External WinMGr cannot be set.
2024-11-28 14:06:10,514 [INFO] Updater:1100 - Updater Version found : 6.12.0
2024-11-28 14:06:10,524 [INFO] ThirdPartyUpdaterWithRetryManager:70 - Updater plugin not ready yet. [3/15]
2024-11-28 14:06:10,542 [INFO] ApplicationProperties:184 - Using Application install path: C:\ST\STM32CubeIDE_1.16.0\STM32CubeIDE\plugins\com.st.stm32cube.common.mx_6.12.0.202406281431
2024-11-28 14:06:12,134 [ERROR] LogOutputStream:75 - [STDERR_REDIRECT] Nov 28, 2024 2:06:12 PM java.util.prefs.WindowsPreferences <init>
2024-11-28 14:06:12,137 [ERROR] LogOutputStream:75 - [STDERR_REDIRECT] WARNING: Could not open/create prefs root node Software\JavaSoft\Prefs at root 0xffffffff80000002. Windows RegCreateKeyEx(...) returned error code 5.
2024-11-28 14:06:12,137 [ERROR] LogOutputStream:75 - [STDERR_REDIRECT] 
2024-11-28 14:06:12,638 [INFO] MainUpdater:2873 - connection check result : 10
2024-11-28 14:06:12,640 [INFO] MainUpdater:290 - Updater Check For Update Now.
2024-11-28 14:06:12,640 [INFO] MicroXplorer:498 - Change Database Version : DB.6.0.120
2024-11-28 14:06:12,672 [INFO] McuFinderGlobals:63 - Set McuFinder mode to 2 (CubeIDE integrated)
2024-11-28 14:06:12,690 [INFO] UserAuth:417 - Internet connection configuration mode: 1
2024-11-28 14:06:12,745 [INFO] JxBrowserEngine:152 - Initiate JxBrowser Engine with user profile folder
2024-11-28 14:06:13,131 [INFO] CheckServerUpdateThread:120 - End of CheckServer Thread
2024-11-28 14:06:13,888 [WARN] PackLoader:240 - Cannot read IP mode file for STMicroelectronics.FP-SNS-MOTENVWB1.1.4.0
2024-11-28 14:06:13,917 [WARN] PackLoader:240 - Cannot read IP mode file for STMicroelectronics.FP-ATR-ASTRA1.2.0.1
2024-11-28 14:06:13,942 [WARN] PackLoader:240 - Cannot read IP mode file for STMicroelectronics.X-CUBE-SMBUS.2.1.0
2024-11-28 14:06:13,978 [WARN] PackLoader:240 - Cannot read IP mode file for STMicroelectronics.X-CUBE-WB05N.1.1.0
2024-11-28 14:06:14,060 [WARN] PackLoader:240 - Cannot read IP mode file for STMicroelectronics.X-CUBE-AZRTOS-F7.1.1.0
2024-11-28 14:06:14,203 [WARN] PackLoader:240 - Cannot read IP mode file for STMicroelectronics.X-CUBE-MEMS1.11.0.0
2024-11-28 14:06:14,433 [WARN] PackLoader:240 - Cannot read IP mode file for STMicroelectronics.FP-SNS-FLIGHT1.5.0.2
2024-11-28 14:06:14,456 [WARN] PackLoader:240 - Cannot read IP mode file for STMicroelectronics.X-CUBE-DISPLAY.3.0.0
2024-11-28 14:06:14,481 [WARN] PackLoader:240 - Cannot read IP mode file for STMicroelectronics.X-CUBE-BLE1.7.0.0
2024-11-28 14:06:14,509 [WARN] PackLoader:240 - Cannot read IP mode file for STMicroelectronics.X-CUBE-NFC10.1.0.0
2024-11-28 14:06:14,534 [WARN] PackLoader:240 - Cannot read IP mode file for emotas.I-CUBE-CANOPEN.1.3.0
2024-11-28 14:06:14,564 [WARN] PackLoader:240 - Cannot read IP mode file for STMicroelectronics.X-CUBE-BLEMGR.3.1.0
2024-11-28 14:06:14,586 [WARN] PackLoader:240 - Cannot read IP mode file for STMicroelectronics.FP-SNS-SMARTAG2.1.2.0
2024-11-28 14:06:14,619 [INFO] LogOutputStream:77 - [STDOUT_REDIRECT] 1 : Invalid condition id : UX_CORESTACK_Condition cause : null
2024-11-28 14:06:14,619 [INFO] LogOutputStream:77 - [STDOUT_REDIRECT] 1 : Invalid condition id : UX_CORESTACK_Condition cause : null
2024-11-28 14:06:14,621 [INFO] LogOutputStream:77 - [STDOUT_REDIRECT] 1 : Invalid condition id : UX_CORESTACK_Condition cause : null
2024-11-28 14:06:14,623 [INFO] LogOutputStream:77 - [STDOUT_REDIRECT] 1 : Invalid condition id : UX_CORESTACK_Condition cause : null
2024-11-28 14:06:14,625 [INFO] LogOutputStream:77 - [STDOUT_REDIRECT] 1 : Invalid condition id : UX_CORESTACK_Condition cause : null
2024-11-28 14:06:14,630 [WARN] PackLoader:240 - Cannot read IP mode file for STMicroelectronics.X-CUBE-AZRTOS-WL.2.0.0
2024-11-28 14:06:14,652 [WARN] PackLoader:240 - Cannot read IP mode file for STMicroelectronics.FP-SNS-MOTENV1.5.0.0
2024-11-28 14:06:14,733 [WARN] PackLoader:240 - Cannot read IP mode file for wolfSSL.I-CUBE-wolfMQTT.1.19.0
2024-11-28 14:06:14,760 [WARN] PackLoader:240 - Cannot read IP mode file for WES.I-CUBE-Cesium.1.3.0
2024-11-28 14:06:14,786 [WARN] PackLoader:240 - Cannot read IP mode file for STMicroelectronics.X-CUBE-BLE2.3.3.0
2024-11-28 14:06:14,818 [WARN] PackLoader:240 - Cannot read IP mode file for STMicroelectronics.X-CUBE-NFC9.1.0.0
2024-11-28 14:06:14,839 [WARN] PackLoader:240 - Cannot read IP mode file for STMicroelectronics.X-CUBE-TCPP.4.1.0
2024-11-28 14:06:14,882 [WARN] PackLoader:240 - Cannot read IP mode file for STMicroelectronics.X-CUBE-AZRTOS-G0.1.1.0
2024-11-28 14:06:14,909 [WARN] PackLoader:240 - Cannot read IP mode file for STMicroelectronics.X-CUBE-SAFEA1.1.2.2
2024-11-28 14:06:14,932 [WARN] PackLoader:240 - Cannot read IP mode file for STMicroelectronics.X-CUBE-NFC4.3.0.0
2024-11-28 14:06:14,964 [WARN] PackLoader:240 - Cannot read IP mode file for EmbeddedOffice.I-CUBE-FS-RTOS.1.0.1
2024-11-28 14:06:14,965 [ERROR] ConditionMgr:805 - Attr not supported : Dmpu
2024-11-28 14:06:14,965 [ERROR] ConditionMgr:805 - Attr not supported : Dmpu
2024-11-28 14:06:14,965 [ERROR] ConditionMgr:805 - Attr not supported : Dmpu
2024-11-28 14:06:14,965 [ERROR] ConditionMgr:805 - Attr not supported : Dmpu
2024-11-28 14:06:14,965 [ERROR] ConditionMgr:805 - Attr not supported : Dmpu
2024-11-28 14:06:14,965 [ERROR] ConditionMgr:805 - Attr not supported : Dmpu
2024-11-28 14:06:14,965 [ERROR] ConditionMgr:805 - Attr not supported : Dmpu
2024-11-28 14:06:14,965 [ERROR] ConditionMgr:805 - Attr not supported : Dmpu
2024-11-28 14:06:14,965 [ERROR] ConditionMgr:805 - Attr not supported : Dmpu
2024-11-28 14:06:14,966 [ERROR] ConditionMgr:805 - Attr not supported : Dmpu
2024-11-28 14:06:14,966 [ERROR] ConditionMgr:805 - Attr not supported : Dmpu
2024-11-28 14:06:14,966 [ERROR] ConditionMgr:805 - Attr not supported : Dmpu
2024-11-28 14:06:14,966 [ERROR] ConditionMgr:805 - Attr not supported : Dmpu
2024-11-28 14:06:14,966 [ERROR] ConditionMgr:805 - Attr not supported : Dmpu
2024-11-28 14:06:14,966 [ERROR] ConditionMgr:805 - Attr not supported : Dmpu
2024-11-28 14:06:14,966 [ERROR] ConditionMgr:805 - Attr not supported : Dmpu
2024-11-28 14:06:14,966 [ERROR] ConditionMgr:805 - Attr not supported : Dmpu
2024-11-28 14:06:14,966 [ERROR] ConditionMgr:805 - Attr not supported : Dmpu
2024-11-28 14:06:14,967 [ERROR] ConditionMgr:805 - Attr not supported : Dmpu
2024-11-28 14:06:14,967 [ERROR] ConditionMgr:805 - Attr not supported : Dmpu
2024-11-28 14:06:14,967 [ERROR] ConditionMgr:805 - Attr not supported : Dmpu
2024-11-28 14:06:14,967 [ERROR] ConditionMgr:805 - Attr not supported : Dmpu
2024-11-28 14:06:14,967 [ERROR] ConditionMgr:805 - Attr not supported : Dmpu
2024-11-28 14:06:14,967 [ERROR] ConditionMgr:805 - Attr not supported : Dmpu
2024-11-28 14:06:14,967 [ERROR] ConditionMgr:805 - Attr not supported : Dmpu
2024-11-28 14:06:14,967 [ERROR] ConditionMgr:805 - Attr not supported : Dmpu
2024-11-28 14:06:14,967 [ERROR] ConditionMgr:805 - Attr not supported : Dmpu
2024-11-28 14:06:14,967 [ERROR] ConditionMgr:805 - Attr not supported : Dmpu
2024-11-28 14:06:14,968 [ERROR] ConditionMgr:805 - Attr not supported : Dmpu
2024-11-28 14:06:14,968 [ERROR] ConditionMgr:805 - Attr not supported : Dmpu
2024-11-28 14:06:14,968 [ERROR] ConditionMgr:805 - Attr not supported : Dmpu
2024-11-28 14:06:14,968 [ERROR] ConditionMgr:805 - Attr not supported : Dmpu
2024-11-28 14:06:14,968 [ERROR] ConditionMgr:805 - Attr not supported : Dmpu
2024-11-28 14:06:14,968 [ERROR] ConditionMgr:805 - Attr not supported : Dmpu
2024-11-28 14:06:14,968 [ERROR] ConditionMgr:805 - Attr not supported : Dmpu
2024-11-28 14:06:14,968 [ERROR] ConditionMgr:805 - Attr not supported : Dmpu
2024-11-28 14:06:14,968 [ERROR] ConditionMgr:805 - Attr not supported : Dmpu
2024-11-28 14:06:14,969 [ERROR] ConditionMgr:805 - Attr not supported : Dmpu
2024-11-28 14:06:14,969 [ERROR] ConditionMgr:805 - Attr not supported : Dmpu
2024-11-28 14:06:14,969 [ERROR] ConditionMgr:805 - Attr not supported : Dmpu
2024-11-28 14:06:14,969 [ERROR] ConditionMgr:805 - Attr not supported : Dmpu
2024-11-28 14:06:14,969 [ERROR] ConditionMgr:805 - Attr not supported : Dmpu
2024-11-28 14:06:14,969 [ERROR] ConditionMgr:805 - Attr not supported : Dmpu
2024-11-28 14:06:14,969 [ERROR] ConditionMgr:805 - Attr not supported : Dmpu
2024-11-28 14:06:14,969 [ERROR] ConditionMgr:805 - Attr not supported : Dmpu
2024-11-28 14:06:14,969 [ERROR] ConditionMgr:805 - Attr not supported : Dmpu
2024-11-28 14:06:14,970 [ERROR] ConditionMgr:805 - Attr not supported : Dmpu
2024-11-28 14:06:14,970 [ERROR] ConditionMgr:805 - Attr not supported : Dmpu
2024-11-28 14:06:14,970 [ERROR] ConditionMgr:805 - Attr not supported : Dmpu
2024-11-28 14:06:14,970 [ERROR] ConditionMgr:805 - Attr not supported : Dmpu
2024-11-28 14:06:14,970 [ERROR] ConditionMgr:805 - Attr not supported : Dmpu
2024-11-28 14:06:14,970 [ERROR] ConditionMgr:805 - Attr not supported : Dmpu
2024-11-28 14:06:14,970 [ERROR] ConditionMgr:805 - Attr not supported : Dmpu
2024-11-28 14:06:14,970 [ERROR] ConditionMgr:805 - Attr not supported : Dmpu
2024-11-28 14:06:14,970 [ERROR] ConditionMgr:805 - Attr not supported : Dmpu
2024-11-28 14:06:14,971 [ERROR] ConditionMgr:805 - Attr not supported : Dmpu
2024-11-28 14:06:14,971 [ERROR] ConditionMgr:805 - Attr not supported : Dmpu
2024-11-28 14:06:14,971 [ERROR] ConditionMgr:805 - Attr not supported : Dmpu
2024-11-28 14:06:14,971 [ERROR] ConditionMgr:805 - Attr not supported : Dmpu
2024-11-28 14:06:14,971 [ERROR] ConditionMgr:805 - Attr not supported : Dmpu
2024-11-28 14:06:14,971 [ERROR] ConditionMgr:805 - Attr not supported : Dmpu
2024-11-28 14:06:14,971 [ERROR] ConditionMgr:805 - Attr not supported : Dmpu
2024-11-28 14:06:14,972 [ERROR] ConditionMgr:805 - Attr not supported : Dmpu
2024-11-28 14:06:14,972 [ERROR] ConditionMgr:805 - Attr not supported : Dmpu
2024-11-28 14:06:14,993 [WARN] PackLoader:240 - Cannot read IP mode file for RealThread.X-CUBE-RT-Thread_Nano.4.1.1
2024-11-28 14:06:15,011 [WARN] PackLoader:240 - Cannot read IP mode file for STMicroelectronics.FP-ATR-SIGFOX1.3.2.0
2024-11-28 14:06:15,028 [WARN] PackLoader:240 - Cannot read IP mode file for wolfSSL.I-CUBE-wolfSSL.5.7.2
2024-11-28 14:06:15,045 [WARN] ConditionMgr:438 - getConditionDescription Invalid condition id : Cortex-A Device cause : null
2024-11-28 14:06:15,075 [WARN] ConditionMgr:1039 - genDependencies : Invalid condition id : Cortex-A Device cause : null
2024-11-28 14:06:15,075 [WARN] ConditionMgr:1039 - genDependencies : Invalid condition id : Cortex-A Device cause : null
2024-11-28 14:06:15,075 [WARN] ConditionMgr:1039 - genDependencies : Invalid condition id : Cortex-A Device cause : null
2024-11-28 14:06:15,097 [WARN] PackLoader:240 - Cannot read IP mode file for STMicroelectronics.X-CUBE-EEPRMA1.5.1.0
2024-11-28 14:06:15,121 [WARN] PackLoader:240 - Cannot read IP mode file for ITTIA_DB.I-CUBE-ITTIADB.8.9.0
2024-11-28 14:06:15,190 [WARN] PackLoader:240 - Cannot read IP mode file for SEGGER.I-CUBE-embOS.1.3.1
2024-11-28 14:06:15,274 [WARN] PackLoader:240 - Cannot read IP mode file for STMicroelectronics.X-CUBE-ALGOBUILD.1.4.0
2024-11-28 14:06:15,295 [WARN] PackLoader:240 - Cannot read IP mode file for STMicroelectronics.X-CUBE-AI.9.1.0
2024-11-28 14:06:15,315 [WARN] PackLoader:240 - Cannot read IP mode file for STMicroelectronics.X-CUBE-GNSS1.6.0.0
2024-11-28 14:06:15,357 [WARN] PackLoader:240 - Cannot read IP mode file for STMicroelectronics.X-CUBE-AZRTOS-F4.1.1.0
2024-11-28 14:06:15,377 [WARN] PackLoader:240 - Cannot read IP mode file for STMicroelectronics.X-CUBE-ISPU.2.1.0
2024-11-28 14:06:15,397 [WARN] PackLoader:240 - Cannot read IP mode file for STMicroelectronics.X-CUBE-FREERTOS.1.2.0
2024-11-28 14:06:15,438 [WARN] PackLoader:240 - Cannot read IP mode file for STMicroelectronics.X-CUBE-AZRTOS-L5.2.0.0
2024-11-28 14:06:15,463 [WARN] PackLoader:240 - Cannot read IP mode file for STMicroelectronics.X-CUBE-NFC6.3.1.0
2024-11-28 14:06:15,487 [WARN] PackLoader:240 - Cannot read IP mode file for STMicroelectronics.X-CUBE-DPower.1.2.0
2024-11-28 14:06:15,504 [WARN] PackLoader:240 - Cannot read IP mode file for STMicroelectronics.X-CUBE-AI.9.0.0
2024-11-28 14:06:15,524 [WARN] PackLoader:240 - Cannot read IP mode file for STMicroelectronics.X-CUBE-NFC7.1.0.1
2024-11-28 14:06:15,545 [WARN] PackLoader:240 - Cannot read IP mode file for wolfSSL.I-CUBE-wolfTPM.3.2.0
2024-11-28 14:06:15,589 [WARN] ConditionMgr:438 - getConditionDescription Invalid condition id : LAN8742 Phy interface Condition cause : null
2024-11-28 14:06:15,590 [WARN] PackLoader:240 - Cannot read IP mode file for STMicroelectronics.X-CUBE-AZRTOS-L4.2.0.0
2024-11-28 14:06:15,591 [WARN] ConditionMgr:1039 - genDependencies : Invalid condition id : LAN8742 Phy interface Condition cause : null
2024-11-28 14:06:15,592 [WARN] ConditionMgr:1039 - genDependencies : Invalid condition id : LAN8742 Phy interface Condition cause : null
2024-11-28 14:06:15,592 [WARN] ConditionMgr:1039 - genDependencies : Invalid condition id : LAN8742 Phy interface Condition cause : null
2024-11-28 14:06:15,619 [WARN] PackLoader:240 - Cannot read IP mode file for STMicroelectronics.X-CUBE-SFXS2LP1.4.0.0
2024-11-28 14:06:15,668 [WARN] PackLoader:240 - Cannot read IP mode file for STMicroelectronics.X-CUBE-AZRTOS-H7.3.3.0
2024-11-28 14:06:15,701 [WARN] PackLoader:240 - Cannot read IP mode file for STMicroelectronics.X-CUBE-IPS.3.0.0
2024-11-28 14:06:15,746 [WARN] ConditionMgr:438 - getConditionDescription Invalid condition id : UX DEVICE CLASS RTOS Condition cause : null
2024-11-28 14:06:15,746 [WARN] ConditionMgr:438 - getConditionDescription Invalid condition id : UX DEVICE CLASS RTOS Condition cause : null
2024-11-28 14:06:15,748 [WARN] PackLoader:240 - Cannot read IP mode file for STMicroelectronics.X-CUBE-AZRTOS-WB.2.0.0
2024-11-28 14:06:15,749 [WARN] ConditionMgr:1039 - genDependencies : Invalid condition id : UX DEVICE CLASS RTOS Condition cause : null
2024-11-28 14:06:15,749 [WARN] ConditionMgr:1039 - genDependencies : Invalid condition id : UX DEVICE CLASS RTOS Condition cause : null
2024-11-28 14:06:15,750 [WARN] ConditionMgr:1039 - genDependencies : Invalid condition id : UX DEVICE CLASS RTOS Condition cause : null
2024-11-28 14:06:15,750 [WARN] ConditionMgr:1039 - genDependencies : Invalid condition id : UX DEVICE CLASS RTOS Condition cause : null
2024-11-28 14:06:15,750 [WARN] ConditionMgr:1039 - genDependencies : Invalid condition id : UX DEVICE CLASS RTOS Condition cause : null
2024-11-28 14:06:15,774 [WARN] PackLoader:240 - Cannot read IP mode file for STMicroelectronics.X-CUBE-GNSS1.7.0.0
2024-11-28 14:06:15,797 [WARN] PackLoader:240 - Cannot read IP mode file for STMicroelectronics.FP-SNS-STBOX1.2.0.0
2024-11-28 14:06:15,827 [WARN] PackLoader:240 - Cannot read IP mode file for STMicroelectronics.X-CUBE-SUBG2.5.0.0
2024-11-28 14:06:15,849 [WARN] PackLoader:240 - Cannot read IP mode file for Cesanta.I-CUBE-Mongoose.7.13.0
2024-11-28 14:06:15,885 [WARN] PackLoader:240 - Cannot read IP mode file for STMicroelectronics.X-CUBE-AZRTOS-G4.2.0.0
2024-11-28 14:06:15,905 [WARN] PackLoader:240 - Cannot read IP mode file for STMicroelectronics.X-CUBE-ISPU.2.0.0
2024-11-28 14:06:15,923 [WARN] PackLoader:240 - Cannot read IP mode file for STMicroelectronics.X-CUBE-ALS.1.0.2
2024-11-28 14:06:16,002 [WARN] PackLoader:240 - Cannot read IP mode file for STMicroelectronics.X-CUBE-MEMS1.10.0.0
2024-11-28 14:06:16,146 [WARN] PackLoader:240 - Cannot read IP mode file for STMicroelectronics.X-CUBE-TOUCHGFX.4.24.0
2024-11-28 14:06:16,163 [WARN] PackLoader:240 - Cannot read IP mode file for STMicroelectronics.X-CUBE-TOUCHGFX.4.24.1
2024-11-28 14:06:16,184 [WARN] PackLoader:240 - Cannot read IP mode file for portGmbH.I-Cube-SoM-uGOAL.1.1.0
2024-11-28 14:06:16,232 [WARN] PackLoader:240 - Cannot read IP mode file for STMicroelectronics.X-CUBE-AZRTOS-H7RS.1.0.0
2024-11-28 14:06:16,251 [WARN] PackLoader:240 - Cannot read IP mode file for STMicroelectronics.FP-ATR-ASTRA1.2.0.0
2024-11-28 14:06:16,282 [WARN] PackLoader:240 - Cannot read IP mode file for STMicroelectronics.X-CUBE-TOF1.3.4.2
2024-11-28 14:06:16,341 [WARN] PackLoader:240 - Cannot read IP mode file for Infineon.AIROC-Wi-Fi-Bluetooth-STM32.1.6.0
2024-11-28 14:06:16,364 [WARN] PackLoader:240 - Cannot read IP mode file for wolfSSL.I-CUBE-wolfSSH.1.4.17
2024-11-28 14:06:16,365 [INFO] ThirdParty:978 - Integrity check success = true
2024-11-28 14:06:16,365 [INFO] IntegrityCheckThread:100 - exiting critical section [integrity check]
2024-11-28 14:06:16,365 [INFO] IntegrityCheckThread:103 - End integrity checks thread
2024-11-28 14:06:23,553 [INFO] WebApp:167 - Instantiating new browser for Auth
2024-11-28 14:06:24,873 [INFO] WebApp:448 - Apply proxy settings
2024-11-28 14:06:24,874 [INFO] WebApp:533 - Chromium requires no authentication
2024-11-28 14:06:24,917 [INFO] WebApp:476 - Direct internet connection detected
2024-11-28 14:06:25,001 [INFO] WebApp:869 - Register for checkConnection events
2024-11-28 14:06:25,001 [INFO] WebApp:448 - Apply proxy settings
2024-11-28 14:06:25,001 [INFO] WebApp:533 - Chromium requires no authentication
2024-11-28 14:06:25,002 [INFO] WebApp:476 - Direct internet connection detected
2024-11-28 14:06:25,241 [INFO] WebApp:186 - Connection restablished
2024-11-28 14:06:25,449 [INFO] WebApp:220 - Starting web application
2024-11-28 14:06:25,450 [INFO] WebApp:578 - Web application path used C:\ST\STM32CubeIDE_1.16.0\STM32CubeIDE\plugins\com.st.stm32cube.common.mx_6.12.0.202406281431\db\plugins\mcufinder\reactClient1\index.html
2024-11-28 14:06:25,745 [INFO] UserAuth:417 - Internet connection configuration mode: 1
2024-11-28 14:07:12,413 [INFO] WebApp:189 - Connection lost
2024-11-28 14:07:12,618 [INFO] WebApp:186 - Connection restablished
2024-11-28 14:29:45,170 [INFO] WebApp:189 - Connection lost
2024-11-28 14:29:46,346 [INFO] WebApp:186 - Connection restablished
2024-11-28 14:29:48,932 [INFO] WebApp:189 - Connection lost
2024-11-28 14:29:49,092 [INFO] WebApp:186 - Connection restablished
2024-11-28 17:54:41,307 [INFO] WebApp:189 - Connection lost
2024-11-28 17:54:42,511 [INFO] WebApp:186 - Connection restablished
2024-11-28 17:54:47,425 [INFO] WebApp:189 - Connection lost
2024-11-28 17:54:47,573 [INFO] WebApp:186 - Connection restablished
2024-11-28 20:10:36,074 [INFO] McuFinderGlobals:63 - Set McuFinder mode to 2 (CubeIDE integrated)
2024-11-28 20:10:36,356 [INFO] MainUpdater:2873 - connection check result : 10
2024-11-28 20:10:36,617 [INFO] RulesReader:64 - Compatibility file has been processed (297 Rules)
2024-11-28 20:10:36,627 [INFO] RulesReader:64 - Compatibility file has been processed (297 Rules)
2024-11-28 20:10:36,636 [INFO] MicroXplorer:468 - Change Database Path : 
2024-11-28 20:10:36,636 [INFO] MicroXplorer:498 - Change Database Version : DB.6.0.120
2024-11-28 20:10:36,653 [WARN] ThirdParty:871 - waiting for thirdparty lock release [close project]
2024-11-28 20:10:36,653 [INFO] ThirdParty:873 - entering critical section [close project]
2024-11-28 20:10:36,657 [INFO] ThirdParty:883 - exiting critical section [close project]
2024-11-28 20:10:36,659 [INFO] PinOutPanel:1561 - setPackage(No Configuration,No Configuration)
2024-11-28 20:10:36,669 [INFO] UtilMem:75 - Begin LoadConfig() Used Memory: 660819376 Bytes (1073741824)
2024-11-28 20:10:36,671 [INFO] MicroXplorer:468 - Change Database Path : 
2024-11-28 20:10:36,671 [INFO] MicroXplorer:498 - Change Database Version : DB.6.0.120
2024-11-28 20:10:36,671 [INFO] OpenFileManager:332 - Change cursor
2024-11-28 20:10:36,740 [INFO] Mcu:2032 - Initializing MCU STM32F411V(C-E)Tx STM32F411VETx STM32F411VET6
2024-11-28 20:10:38,123 [INFO] Context:742 - Trying to add GPIOservice into a context  which must be forbidden
2024-11-28 20:10:38,805 [INFO] RtosManager:555 - Registered RTOS mode: class=CMSIS, group=RTOS, mode=CMSIS_V1, owner=FREERTOS
2024-11-28 20:10:38,806 [INFO] RtosManager:555 - Registered RTOS mode: class=CMSIS, group=RTOS2, mode=CMSIS_V2, owner=FREERTOS
2024-11-28 20:10:38,806 [INFO] RtosManager:555 - Registered RTOS mode: class=RTOS, group=Core, mode=CMSIS_V1, owner=FREERTOS
2024-11-28 20:10:38,806 [INFO] RtosManager:555 - Registered RTOS mode: class=RTOS, group=Core, mode=CMSIS_V2, owner=FREERTOS
2024-11-28 20:10:38,806 [WARN] ModelIntegratedComponent:184 - Missing modes for component STMicroelectronics:FreeRTOS:0.0.1:STMicroelectronics:RTOS:FreeRTOS:Core:::10.2.0:
2024-11-28 20:10:38,822 [WARN] ModelIntegratedComponent:182 - Modes not found for component STMicroelectronics:USB_HOST:1.0.0:STMicroelectronics:USB::USB Host:Audio HS::1.0:USB_HOST_1_0_RESTRICTED_HS
2024-11-28 20:10:38,822 [WARN] ModelIntegratedComponent:188 - Modes not found for component STMicroelectronics:USB_HOST:1.0.0:STMicroelectronics:USB::USB Host:Audio HS::1.0:USB_HOST_1_0_RESTRICTED_HS
2024-11-28 20:10:38,822 [WARN] ModelIntegratedComponent:182 - Modes not found for component STMicroelectronics:USB_HOST:1.0.0:STMicroelectronics:USB::USB Host:CDC HS::1.0:USB_HOST_1_0_RESTRICTED_HS
2024-11-28 20:10:38,822 [WARN] ModelIntegratedComponent:188 - Modes not found for component STMicroelectronics:USB_HOST:1.0.0:STMicroelectronics:USB::USB Host:CDC HS::1.0:USB_HOST_1_0_RESTRICTED_HS
2024-11-28 20:10:38,822 [WARN] ModelIntegratedComponent:182 - Modes not found for component STMicroelectronics:USB_HOST:1.0.0:STMicroelectronics:USB::USB Host:MSC HS::1.0:USB_HOST_1_0_RESTRICTED_HS
2024-11-28 20:10:38,822 [WARN] ModelIntegratedComponent:188 - Modes not found for component STMicroelectronics:USB_HOST:1.0.0:STMicroelectronics:USB::USB Host:MSC HS::1.0:USB_HOST_1_0_RESTRICTED_HS
2024-11-28 20:10:38,823 [WARN] ModelIntegratedComponent:182 - Modes not found for component STMicroelectronics:USB_HOST:1.0.0:STMicroelectronics:USB::USB Host:HID HS::1.0:USB_HOST_1_0_RESTRICTED_HS
2024-11-28 20:10:38,823 [WARN] ModelIntegratedComponent:188 - Modes not found for component STMicroelectronics:USB_HOST:1.0.0:STMicroelectronics:USB::USB Host:HID HS::1.0:USB_HOST_1_0_RESTRICTED_HS
2024-11-28 20:10:38,823 [WARN] ModelIntegratedComponent:182 - Modes not found for component STMicroelectronics:USB_HOST:1.0.0:STMicroelectronics:USB::USB Host:MTP HS::1.0:USB_HOST_1_0_RESTRICTED_HS
2024-11-28 20:10:38,823 [WARN] ModelIntegratedComponent:188 - Modes not found for component STMicroelectronics:USB_HOST:1.0.0:STMicroelectronics:USB::USB Host:MTP HS::1.0:USB_HOST_1_0_RESTRICTED_HS
2024-11-28 20:10:38,829 [WARN] ModelIntegratedComponent:63 - No mode defined for component null
2024-11-28 20:10:38,829 [WARN] ModelIntegratedComponent:63 - No mode defined for component null
2024-11-28 20:10:38,829 [WARN] ModelIntegratedComponent:63 - No mode defined for component null
2024-11-28 20:10:38,829 [WARN] ModelIntegratedComponent:63 - No mode defined for component null
2024-11-28 20:10:38,829 [WARN] ModelIntegratedComponent:63 - No mode defined for component null
2024-11-28 20:10:38,829 [WARN] ModelIntegratedComponent:63 - No mode defined for component null
2024-11-28 20:10:38,829 [WARN] ModelIntegratedComponent:63 - No mode defined for component null
2024-11-28 20:10:38,829 [WARN] ModelIntegratedComponent:63 - No mode defined for component null
2024-11-28 20:10:38,830 [WARN] ModelIntegratedComponent:63 - No mode defined for component null
2024-11-28 20:10:38,830 [WARN] ModelIntegratedComponent:63 - No mode defined for component null
2024-11-28 20:10:38,830 [WARN] ModelIntegratedComponent:63 - No mode defined for component null
2024-11-28 20:10:38,830 [WARN] ModelIntegratedComponent:63 - No mode defined for component null
2024-11-28 20:10:38,830 [WARN] ModelIntegratedComponent:63 - No mode defined for component null
2024-11-28 20:10:38,830 [WARN] ModelIntegratedComponent:63 - No mode defined for component null
2024-11-28 20:10:38,830 [WARN] ModelIntegratedComponent:63 - No mode defined for component null
2024-11-28 20:10:38,830 [WARN] ModelIntegratedComponent:63 - No mode defined for component null
2024-11-28 20:10:38,830 [WARN] ModelIntegratedComponent:63 - No mode defined for component null
2024-11-28 20:10:38,830 [WARN] ModelIntegratedComponent:63 - No mode defined for component null
2024-11-28 20:10:38,830 [WARN] ModelIntegratedComponent:63 - No mode defined for component null
2024-11-28 20:10:38,830 [WARN] ModelIntegratedComponent:63 - No mode defined for component null
2024-11-28 20:10:38,830 [WARN] ModelIntegratedComponent:63 - No mode defined for component null
2024-11-28 20:10:38,831 [WARN] ModelIntegratedComponent:63 - No mode defined for component null
2024-11-28 20:10:38,831 [WARN] ModelIntegratedComponent:63 - No mode defined for component null
2024-11-28 20:10:38,831 [WARN] ModelIntegratedComponent:63 - No mode defined for component null
2024-11-28 20:10:38,831 [WARN] ModelIntegratedComponent:63 - No mode defined for component null
2024-11-28 20:10:38,831 [WARN] ModelIntegratedComponent:63 - No mode defined for component null
2024-11-28 20:10:38,831 [WARN] ModelIntegratedComponent:63 - No mode defined for component null
2024-11-28 20:10:38,831 [WARN] ModelIntegratedComponent:63 - No mode defined for component null
2024-11-28 20:10:38,831 [WARN] ModelIntegratedComponent:63 - No mode defined for component null
2024-11-28 20:10:38,831 [WARN] ModelIntegratedComponent:63 - No mode defined for component null
2024-11-28 20:10:38,832 [WARN] ModelIntegratedComponent:63 - No mode defined for component null
2024-11-28 20:10:38,832 [WARN] ModelIntegratedComponent:63 - No mode defined for component null
2024-11-28 20:10:38,832 [WARN] ModelIntegratedComponent:63 - No mode defined for component null
2024-11-28 20:10:38,832 [WARN] ModelIntegratedComponent:63 - No mode defined for component null
2024-11-28 20:10:38,832 [WARN] ModelIntegratedComponent:63 - No mode defined for component null
2024-11-28 20:10:38,832 [WARN] ModelPack:524 - Component already loaded: STMicroelectronics:HAL Drivers:0.0.0:STMicroelectronics:Device:STMicro_Driver:XSPI:HAL::0.0.1:HAL_XSPI
2024-11-28 20:10:38,926 [WARN] ModelIntegratedComponent:182 - Modes not found for component STMicroelectronics:USB_DEVICE:1.0.0:STMicroelectronics:USB::USB Device:Audio HS::1.0:USB_DEVICE_1_0_RESTRICTED_HS
2024-11-28 20:10:38,927 [WARN] ModelIntegratedComponent:188 - Modes not found for component STMicroelectronics:USB_DEVICE:1.0.0:STMicroelectronics:USB::USB Device:Audio HS::1.0:USB_DEVICE_1_0_RESTRICTED_HS
2024-11-28 20:10:38,927 [WARN] ModelIntegratedComponent:182 - Modes not found for component STMicroelectronics:USB_DEVICE:1.0.0:STMicroelectronics:USB::USB Device:CDC HS::1.0:USB_DEVICE_1_0_RESTRICTED_HS
2024-11-28 20:10:38,927 [WARN] ModelIntegratedComponent:188 - Modes not found for component STMicroelectronics:USB_DEVICE:1.0.0:STMicroelectronics:USB::USB Device:CDC HS::1.0:USB_DEVICE_1_0_RESTRICTED_HS
2024-11-28 20:10:38,927 [WARN] ModelIntegratedComponent:182 - Modes not found for component STMicroelectronics:USB_DEVICE:1.0.0:STMicroelectronics:USB::USB Device:DFU HS::1.0:USB_DEVICE_1_0_RESTRICTED_HS
2024-11-28 20:10:38,927 [WARN] ModelIntegratedComponent:188 - Modes not found for component STMicroelectronics:USB_DEVICE:1.0.0:STMicroelectronics:USB::USB Device:DFU HS::1.0:USB_DEVICE_1_0_RESTRICTED_HS
2024-11-28 20:10:38,927 [WARN] ModelIntegratedComponent:182 - Modes not found for component STMicroelectronics:USB_DEVICE:1.0.0:STMicroelectronics:USB::USB Device:HID HS::1.0:USB_DEVICE_1_0_RESTRICTED_HS
2024-11-28 20:10:38,927 [WARN] ModelIntegratedComponent:188 - Modes not found for component STMicroelectronics:USB_DEVICE:1.0.0:STMicroelectronics:USB::USB Device:HID HS::1.0:USB_DEVICE_1_0_RESTRICTED_HS
2024-11-28 20:10:38,927 [WARN] ModelIntegratedComponent:182 - Modes not found for component STMicroelectronics:USB_DEVICE:1.0.0:STMicroelectronics:USB::USB Device:Custom HID HS::1.0:USB_DEVICE_1_0_RESTRICTED_HS
2024-11-28 20:10:38,927 [WARN] ModelIntegratedComponent:188 - Modes not found for component STMicroelectronics:USB_DEVICE:1.0.0:STMicroelectronics:USB::USB Device:Custom HID HS::1.0:USB_DEVICE_1_0_RESTRICTED_HS
2024-11-28 20:10:38,927 [WARN] ModelIntegratedComponent:182 - Modes not found for component STMicroelectronics:USB_DEVICE:1.0.0:STMicroelectronics:USB::USB Device:MSC HS::1.0:USB_DEVICE_1_0_RESTRICTED_HS
2024-11-28 20:10:38,927 [WARN] ModelIntegratedComponent:188 - Modes not found for component STMicroelectronics:USB_DEVICE:1.0.0:STMicroelectronics:USB::USB Device:MSC HS::1.0:USB_DEVICE_1_0_RESTRICTED_HS
2024-11-28 20:10:38,954 [INFO] ThirdPartyModel:298 - Start build external matchings
2024-11-28 20:10:39,544 [INFO] ThirdPartyModel:316 - End build external matchings
2024-11-28 20:10:39,560 [INFO] ImportTextPane:205 - (OptionalMessage_ERROR) IP (RCC) : Parameter (48MHZClocksFreq_Value) has invalid value (50000000)
2024-11-28 20:10:39,560 [INFO] ImportTextPane:205 - (OptionalMessage_ERROR) IP (RCC) : Parameter (RTCHSEDivFreq_Value) has invalid value (4000000)
2024-11-28 20:10:39,924 [INFO] ApiDb:581 - Connected to CubeFinder SQLite database (C:\Users\Asus\.stmcufinder\plugins\mcufinder\mcu\cube-finder-db.db)
2024-11-28 20:10:40,053 [INFO] ApiDb:668 - CubeFinder database Data Model version=2.1
2024-11-28 20:10:40,053 [INFO] ApiDb:669 - CubeFinder database Configuration version=3.0.39
2024-11-28 20:10:40,054 [INFO] ApiDb:670 - CubeFinder database generation date=2024-10-15 (1729006872)
2024-11-28 20:10:40,054 [INFO] ApiDb:671 - CubeFinder database FW Pack versions=[FP-ATR-ASTRA1_V2.0.0, FP-SNS-FLIGHT1_V5.0.2, FP-SNS-MOTENV1_V5.0.0, FP-SNS-MOTENVWB1_V1.4.0, FP-SNS-SMARTAG2_V1.2.0, FP-SNS-STBOX1_V2.0.0, STM32Cube_FW_C0_V1.2.0, STM32Cube_FW_F4_V1.28.1, STM32Cube_FW_F7_V1.17.2, STM32Cube_FW_G0_V1.6.2, STM32Cube_FW_G4_V1.6.0, STM32Cube_FW_H5_V1.3.0, STM32Cube_FW_H7RS_V1.1.0, STM32Cube_FW_H7_V1.11.2, STM32Cube_FW_L0_V1.12.2, STM32Cube_FW_L5_V1.5.1, STM32Cube_FW_U0_V1.1.0, STM32Cube_FW_U5_V1.6.0, STM32Cube_FW_WB0_V1.0.0, STM32Cube_FW_WBA_V1.4.1, STM32Cube_FW_WB_V1.20.0, STM32Cube_FW_WL_V1.3.0, X-CUBE-ALGOBUILD_V1.4.0, X-CUBE-ALS_V1.0.2, X-CUBE-AZRTOS-F4_V1.1.0, X-CUBE-AZRTOS-F7_V1.1.0, X-CUBE-AZRTOS-G0_V1.1.0, X-CUBE-AZRTOS-G4_V2.0.0, X-CUBE-AZRTOS-H7RS_V1.0.0, X-CUBE-AZRTOS-H7_V3.3.0, X-CUBE-AZRTOS-L4_V2.0.0, X-CUBE-AZRTOS-L5_V2.0.0, X-CUBE-AZRTOS-WB_V2.0.0, X-CUBE-AZRTOS-WL_V2.0.0, X-CUBE-BLE1_V7.0.0, X-CUBE-BLE2_V3.3.0, X-CUBE-BLEMGR_V3.1.0, X-CUBE-EEPRMA1_V5.1.0, X-CUBE-FREERTOS_V1.2.0, X-CUBE-GNSS1_V6.0.0, X-CUBE-MEMS1_V11.0.0, X-CUBE-NFC4_V3.0.0, X-CUBE-NFC7_V1.0.1, X-CUBE-SFXS2LP1_V4.0.0, X-CUBE-SUBG2_V5.0.0, X-CUBE-TOF1_V3.4.2]
2024-11-28 20:10:40,271 [INFO] DbBoardsSqlite:226 - include board P-NUCLEO-WB55-NUCLEO as a kit item of type 'Nucleo-64'
2024-11-28 20:10:40,272 [INFO] DbBoardsSqlite:226 - include board P-NUCLEO-WB55-USBDONGLE as a kit item of type 'Nucleo USB Dongle'
2024-11-28 20:10:40,274 [INFO] DbBoardsSqlite:226 - include board STEVAL-IDP005V1 as a kit item of type 'Evaluation Board'
2024-11-28 20:10:40,275 [INFO] DbBoardsSqlite:226 - include board STEVAL-IDP005V2 as a kit item of type 'Evaluation Board'
2024-11-28 20:10:40,879 [INFO] ApiDb:240 - Found 646 in-development CPN: [B-G473E-ZEST1S, B-WB1M-WPAN1, B-WL5M-SUBG1, NUCLEO-C031C6, NUCLEO-C071RB, NUCLEO-H503RB, NUCLEO-H533RE, NUCLEO-H563ZI, NUCLEO-H7S3L8, NUCLEO-U031R8, NUCLEO-U083RC, NUCLEO-U545RE-Q, NUCLEO-U5A5ZJ-Q, NUCLEO-WB05KZ, NUCLEO-WB07CC, NUCLEO-WB09KE, NUCLEO-WBA52CG, NUCLEO-WBA55CG, STEVAL-PROTEUS1, STEVAL-SMARTAG2, STEVAL-STWINBX1, STM320518-EVAL, STM32C0116-DK, STM32C011D6Y3TR, STM32C011D6Y6TR, STM32C011F4P3, STM32C011F4P6, STM32C011F4U3, STM32C011F4U6TR, STM32C011F6P3, STM32C011F6P6, STM32C011F6U3, STM32C011F6U6TR, STM32C011J4M3, STM32C011J4M6, STM32C011J6M3, STM32C011J6M6, STM32C0316-DK, STM32C031C4T3, STM32C031C4T6, STM32C031C4U3, STM32C031C4U6, STM32C031C6T3, STM32C031C6T6, STM32C031C6U3, STM32C031C6U6, STM32C031F4P3, STM32C031F4P6, STM32C031F6P3, STM32C031F6P6, STM32C031G4U3, STM32C031G4U6, STM32C031G6U3, STM32C031G6U6, STM32C031K4T3, STM32C031K4T6, STM32C031K4U3, STM32C031K4U6, STM32C031K6T3, STM32C031K6T6, STM32C031K6U3, STM32C031K6U6, STM32C071C8T6, STM32C071C8T6N, STM32C071C8U6, STM32C071C8U6N, STM32C071CBT6, STM32C071CBT6N, STM32C071CBU6, STM32C071CBU6N, STM32C071F8P6, STM32C071F8P6N, STM32C071FBP6, STM32C071FBP6N, STM32C071FBY6TR, STM32C071G8U6, STM32C071G8U6N, STM32C071GBU6, STM32C071GBU6N, STM32C071K8T6, STM32C071K8T6N, STM32C071K8U6, STM32C071K8U6N, STM32C071KBT6, STM32C071KBT6N, STM32C071KBU6, STM32C071KBU6N, STM32C071R8T6, STM32C071R8T6N, STM32C071RBI6N, STM32C071RBT6, STM32C071RBT6N, STM32G071K8TXN, STM32G071K8UXN, STM32G081GBU6N, STM32G081KBT6N, STM32G081KBUXN, STM32G0B1CCT6N, STM32G0B1KCT6, STM32G0B1NEY6TR, STM32G0B1RCT6N, STM32G0C1CCT6, STM32G0C1CCT6N, STM32G0C1CCU6N, STM32G0C1CET6N, STM32G0C1CEU6N, STM32G0C1KCT6, STM32G0C1NEY6TR, STM32G0C1RCI6N, STM32G0C1RCT6N, STM32G0C1REI6N, STM32G0C1RET6N, STM32G0C1VCI6, STM32G0C1VEI6, STM32G411C6T3, STM32G411C6T6, STM32G411C6U3, STM32G411C6U6, STM32G411C8T3, STM32G411C8T6, STM32G411C8U3, STM32G411C8U6, STM32G411CBT3, STM32G411CBT6, STM32G411CBU3, STM32G411CBU6, STM32G411K6T3, STM32G411K6T6, STM32G411K6U3, STM32G411K6U6, STM32G411K8T3, STM32G411K8T6, STM32G411K8U3, STM32G411K8U6, STM32G411KBT3, STM32G411KBT6, STM32G411KBU3, STM32G411KBU6, STM32G411M6T3, STM32G411M6T6, STM32G411M8T3, STM32G411M8T6, STM32G411MBT3, STM32G411MBT6, STM32G411R6T3, STM32G411R6T6, STM32G411R8T3, STM32G411R8T6, STM32G411RBT3, STM32G411RBT6, STM32G414CBT3, STM32G414CBT6, STM32G414CBU3, STM32G414CBU6, STM32G414CCT3, STM32G414CCT6, STM32G414CCU3, STM32G414CCU6, STM32G414MBT3, STM32G414MBT6, STM32G414MCT3, STM32G414MCT6, STM32G414RBT3, STM32G414RBT6, STM32G414RCT3, STM32G414RCT6, STM32G414VBT3, STM32G414VBT6, STM32G414VCT3, STM32G414VCT6, STM32G431CBT3Z, STM32G431RBT3Z, STM32G471CCT6, STM32G471CCU6, STM32G471CET3, STM32G471CET6, STM32G471CEU3, STM32G471CEU6, STM32G471MCT6, STM32G471MET3, STM32G471MET6, STM32G471MEY6TR, STM32G471QCT6, STM32G471QET3, STM32G471RCT6, STM32G471RET3, STM32G471RET6, STM32G471VCH6, STM32G471VCI6, STM32G471VCT6, STM32G471VEH3, STM32G471VEH6, STM32G471VEI3, STM32G471VEI6, STM32G471VET3, STM32G471VET6, STM32G473QET3Z, STM32G473RET3Z, STM32G474CCT6, STM32G491RET3Z, STM32H503CBT6, STM32H503CBU6, STM32H503EBY6TR, STM32H503KBU6, STM32H503RBT6, STM32H523CCT6, STM32H523CCU6, STM32H523CET6, STM32H523CEU6, STM32H523HEY6TR, STM32H523RCT6, STM32H523RET6, STM32H523VCI6, STM32H523VCT6, STM32H523VEI6, STM32H523VET6, STM32H523ZCJ6, STM32H523ZCT6, STM32H523ZEJ6, STM32H523ZET6, STM32H533CET6, STM32H533CEU6, STM32H533HEY6TR, STM32H533RET6, STM32H533VEI6, STM32H533VET6, STM32H533ZEJ6, STM32H533ZET6, STM32H562AGI6, STM32H562AII6, STM32H562IGK6, STM32H562IGT6, STM32H562IIK6, STM32H562IIT6, STM32H562RGT6, STM32H562RGV6, STM32H562RIT6, STM32H562RIV6, STM32H562VGT6, STM32H562VIT6, STM32H562ZGT6, STM32H562ZIT6, STM32H563AGI6, STM32H563AII3Q, STM32H563AII6, STM32H563IGK6, STM32H563IGT6, STM32H563IIK3Q, STM32H563IIK6, STM32H563IIT3Q, STM32H563IIT6, STM32H563MIY3QTR, STM32H563RGT6, STM32H563RGV6, STM32H563RIT6, STM32H563RIV6, STM32H563VGT6, STM32H563VIT3Q, STM32H563VIT6, STM32H563ZGT6, STM32H563ZIT3Q, STM32H563ZIT6, STM32H573AII3Q, STM32H573AII6, STM32H573I-DK, STM32H573IIK3Q, STM32H573IIK6, STM32H573IIT3Q, STM32H573IIT6, STM32H573MIY3QTR, STM32H573RIT6, STM32H573RIV6, STM32H573VIT3Q, STM32H573VIT6, STM32H573ZIT3Q, STM32H573ZIT6, STM32H7R3A8I6, STM32H7R3I8K6, STM32H7R3I8T6, STM32H7R3L8H6, STM32H7R3L8H6H, STM32H7R3R8V6, STM32H7R3V8H6, STM32H7R3V8T6, STM32H7R3V8Y6TR, STM32H7R3Z8J6, STM32H7R3Z8T6, STM32H7R7A8I6, STM32H7R7I8K6, STM32H7R7I8T6, STM32H7R7L8H6, STM32H7R7L8H6H, STM32H7R7Z8J6, STM32H7S3A8I6, STM32H7S3I8K6, STM32H7S3I8T6, STM32H7S3L8H6, STM32H7S3L8H6H, STM32H7S3R8V6, STM32H7S3V8H6, STM32H7S3V8T6, STM32H7S3V8Y6TR, STM32H7S3Z8J6, STM32H7S3Z8T6, STM32H7S78-DK, STM32H7S7A8I6, STM32H7S7I8K6, STM32H7S7I8T6, STM32H7S7L8H6, STM32H7S7L8H6H, STM32H7S7Z8J6, STM32L4R5QGI6STR, STM32MP131AAE3, STM32MP131AAF3, STM32MP131AAG3, STM32MP131CAE3, STM32MP131CAF3, STM32MP131CAG3, STM32MP131DAE7, STM32MP131DAF7, STM32MP131DAG7, STM32MP131FAE7, STM32MP131FAF7, STM32MP131FAG7, STM32MP133AAE3, STM32MP133AAF3, STM32MP133AAG3, STM32MP133CAE3, STM32MP133CAF3, STM32MP133CAG3, STM32MP133DAE7, STM32MP133DAF7, STM32MP133DAG7, STM32MP133FAE7, STM32MP133FAF7, STM32MP133FAG7, STM32MP135AAE3, STM32MP135AAF3, STM32MP135AAG3, STM32MP135CAE3, STM32MP135CAF3, STM32MP135CAG3, STM32MP135DAE7, STM32MP135DAF7, STM32MP135DAG7, STM32MP135F-DK, STM32MP135FAE7, STM32MP135FAF7, STM32MP135FAF7T, STM32MP135FAF7U, STM32MP135FAG7, STM32MP251AAI3, STM32MP251AAK3, STM32MP251AAL3, STM32MP251CAI3, STM32MP251CAK3, STM32MP251CAL3, STM32MP251DAI3, STM32MP251DAK3, STM32MP251DAL3, STM32MP251FAI3, STM32MP251FAK3, STM32MP251FAL3, STM32MP253AAI3, STM32MP253AAK3, STM32MP253AAL3, STM32MP253CAI3, STM32MP253CAK3, STM32MP253CAL3, STM32MP253DAI3, STM32MP253DAK3, STM32MP253DAL3, STM32MP253FAI3, STM32MP253FAK3, STM32MP253FAL3, STM32MP255AAI3, STM32MP255AAK3, STM32MP255AAL3, STM32MP255CAI3, STM32MP255CAK3, STM32MP255CAL3, STM32MP255DAI3, STM32MP255DAK3, STM32MP255DAL3, STM32MP255FAI3, STM32MP255FAK3, STM32MP255FAL3, STM32MP257AAI3, STM32MP257AAK3, STM32MP257AAL3, STM32MP257CAI3, STM32MP257CAK3, STM32MP257CAL3, STM32MP257DAI3, STM32MP257DAK3, STM32MP257DAL3, STM32MP257F-DK, STM32MP257F-EV1, STM32MP257FAI3, STM32MP257FAK3, STM32MP257FAL3, STM32U031C6T6, STM32U031C6U6, STM32U031C8T6, STM32U031C8U6, STM32U031F4P6, STM32U031F6P6, STM32U031F8P6, STM32U031G6Y6TR, STM32U031G8Y6TR, STM32U031K4U6, STM32U031K6U6, STM32U031K8U6, STM32U031R6I6, STM32U031R6T6, STM32U031R8I6, STM32U031R8T6, STM32U073C8T6, STM32U073C8U6, STM32U073CBT6, STM32U073CBU6, STM32U073CCT6, STM32U073CCU6, STM32U073H8Y6TR, STM32U073HBY6TR, STM32U073HCY6TR, STM32U073K8U6, STM32U073KBU6, STM32U073KCU6, STM32U073M8I6, STM32U073M8T6, STM32U073MBI6, STM32U073MBT6, STM32U073MCI6, STM32U073MCT6, STM32U073R8I6, STM32U073R8T6, STM32U073RBI6, STM32U073RBT6, STM32U073RCI6, STM32U073RCT6, STM32U083C-DK, STM32U083CCT6, STM32U083CCU6, STM32U083HCY6TR, STM32U083KCU6, STM32U083MCI6, STM32U083MCT6, STM32U083RCI6, STM32U083RCT6, STM32U535CBT6, STM32U535CBT6Q, STM32U535CBU6, STM32U535CBU6Q, STM32U535CCT6, STM32U535CCT6Q, STM32U535CCU6, STM32U535CCU6Q, STM32U535CET6, STM32U535CET6Q, STM32U535CEU6, STM32U535CEU6Q, STM32U535JEY6QTR, STM32U535NCY6QTR, STM32U535NEY6QTR, STM32U535RBI6, STM32U535RBI6Q, STM32U535RBT6, STM32U535RBT6Q, STM32U535RCI6, STM32U535RCI6Q, STM32U535RCT6, STM32U535RCT6Q, STM32U535REI6, STM32U535REI6Q, STM32U535RET6, STM32U535RET6Q, STM32U535VCI6, STM32U535VCI6Q, STM32U535VCT6, STM32U535VCT6Q, STM32U535VEI6, STM32U535VEI6Q, STM32U535VET6, STM32U535VET6Q, STM32U545CET6, STM32U545CET6Q, STM32U545CEU6, STM32U545CEU6Q, STM32U545JEY6QTR, STM32U545NEY6QTR, STM32U545REI6, STM32U545REI6Q, STM32U545RET6, STM32U545RET6Q, STM32U545VEI6, STM32U545VEI6Q, STM32U545VET6, STM32U545VET6Q, STM32U595AIH6, STM32U595AIH6Q, STM32U595AJH6, STM32U595AJH6Q, STM32U595QII6, STM32U595QII6Q, STM32U595QJI6, STM32U595QJI6Q, STM32U595RIT6, STM32U595RIT6Q, STM32U595RJT6, STM32U595RJT6Q, STM32U595VIT6, STM32U595VIT6Q, STM32U595VJT6, STM32U595VJT6Q, STM32U595ZIT6, STM32U595ZIT6Q, STM32U595ZIY6QTR, STM32U595ZJT6, STM32U595ZJT6Q, STM32U595ZJY6QTR, STM32U599BJY6QTR, STM32U599NIH6Q, STM32U599NJH6Q, STM32U599VIT6Q, STM32U599VJT6, STM32U599VJT6Q, STM32U599ZIT6Q, STM32U599ZIY6QTR, STM32U599ZJT6Q, STM32U599ZJY6QTR, STM32U5A5AJH6, STM32U5A5AJH6Q, STM32U5A5QII3Q , STM32U5A5QJI6, STM32U5A5QJI6Q, STM32U5A5RJT6, STM32U5A5RJT6Q, STM32U5A5VJT6, STM32U5A5VJT6Q, STM32U5A5ZJT6, STM32U5A5ZJT6Q, STM32U5A5ZJY6QTR, STM32U5A9BJY6QTR, STM32U5A9J-DK, STM32U5A9NJH6Q, STM32U5A9VJT6Q, STM32U5A9ZJT6Q, STM32U5A9ZJY6QTR, STM32U5F7VIT6, STM32U5F7VIT6Q, STM32U5F7VJT6, STM32U5F7VJT6Q, STM32U5F9BJY6QTR, STM32U5F9NJH6Q, STM32U5F9VIT6Q, STM32U5F9VJT6Q, STM32U5F9ZIJ6QTR, STM32U5F9ZIT6Q, STM32U5F9ZJJ6QTR, STM32U5F9ZJT6Q, STM32U5G7VJT6, STM32U5G7VJT6Q, STM32U5G9BJY6QTR, STM32U5G9J-DK1, STM32U5G9J-DK2, STM32U5G9NJH6Q, STM32U5G9VJT6Q, STM32U5G9ZJJ6QTR, STM32U5G9ZJT6Q, STM32WB05KZV6TR, STM32WB05KZV7TR, STM32WB05TZF6TR, STM32WB05TZF7TR, STM32WB06CCF6TR, STM32WB06CCF7TR, STM32WB06CCV6TR, STM32WB06CCV7TR, STM32WB06KCV6TR, STM32WB06KCV7TR, STM32WB07CCF6TR, STM32WB07CCF7TR, STM32WB07CCV6TR, STM32WB07CCV7TR, STM32WB07KCV6TR, STM32WB07KCV7TR, STM32WB09KEV6TR, STM32WB09KEV7TR, STM32WB09TEF6TR, STM32WB09TEF7TR, STM32WB1MMCH6, STM32WBA50KGU6, STM32WBA50KGU6TR, STM32WBA52CEU6, STM32WBA52CEU6TR, STM32WBA52CEU7, STM32WBA52CEU7TR, STM32WBA52CGU6, STM32WBA52CGU6TR, STM32WBA52CGU6U, STM32WBA52CGU7, STM32WBA52CGU7TR, STM32WBA52KEU6, STM32WBA52KEU6TR, STM32WBA52KGU6, STM32WBA52KGU6TR, STM32WBA54CEU6, STM32WBA54CEU6TR, STM32WBA54CEU7, STM32WBA54CEU7TR, STM32WBA54CGU6, STM32WBA54CGU6TR, STM32WBA54CGU7, STM32WBA54CGU7TR, STM32WBA54KEU6, STM32WBA54KEU6TR, STM32WBA54KEU7, STM32WBA54KEU7TR, STM32WBA54KGU6, STM32WBA54KGU6TR, STM32WBA54KGU7, STM32WBA54KGU7TR, STM32WBA55CEU6, STM32WBA55CEU6TR, STM32WBA55CEU7, STM32WBA55CEU7TR, STM32WBA55CGU6, STM32WBA55CGU6TR, STM32WBA55CGU6U, STM32WBA55CGU7, STM32WBA55CGU7TR, STM32WBA55G-DK1, STM32WBA55HEF6, STM32WBA55HEF7, STM32WBA55HGF6, STM32WBA55HGF7, STM32WBA55UEI6, STM32WBA55UEI6TR, STM32WBA55UEI7, STM32WBA55UEI7TR, STM32WBA55UGI6, STM32WBA55UGI6TR, STM32WBA55UGI7, STM32WBA55UGI7TR, STM32WL5MOCH6, STM32WL5MOCH6TR]
2024-11-28 20:10:41,093 [INFO] BoardInfo:889 - No configuration file found for board P-NUCLEO-WB55
2024-11-28 20:10:41,094 [INFO] DbBoards:161 - Kit is not supported: P-NUCLEO-WB55
2024-11-28 20:10:41,100 [INFO] BoardInfo:889 - No configuration file found for board STEVAL-BFA001V1B
2024-11-28 20:10:41,101 [INFO] DbBoards:161 - Kit is not supported: STEVAL-BFA001V1B
2024-11-28 20:10:41,102 [INFO] BoardInfo:889 - No configuration file found for board STEVAL-BFA001V2B
2024-11-28 20:10:41,103 [INFO] DbBoards:161 - Kit is not supported: STEVAL-BFA001V2B
2024-11-28 20:10:41,267 [INFO] DbBoards:168 - Found 201 boards, 198 are supported
2024-11-28 20:10:41,267 [INFO] DbBoards:169 - Found 201 boards, 25 of them is supported for  Bsp
2024-11-28 20:10:41,271 [INFO] ApiDb:668 - CubeFinder database Data Model version=2.1
2024-11-28 20:10:41,271 [INFO] ApiDb:669 - CubeFinder database Configuration version=3.0.39
2024-11-28 20:10:41,271 [INFO] ApiDb:670 - CubeFinder database generation date=2024-10-15 (1729006872)
2024-11-28 20:10:41,271 [INFO] ApiDb:671 - CubeFinder database FW Pack versions=[FP-ATR-ASTRA1_V2.0.0, FP-SNS-FLIGHT1_V5.0.2, FP-SNS-MOTENV1_V5.0.0, FP-SNS-MOTENVWB1_V1.4.0, FP-SNS-SMARTAG2_V1.2.0, FP-SNS-STBOX1_V2.0.0, STM32Cube_FW_C0_V1.2.0, STM32Cube_FW_F4_V1.28.1, STM32Cube_FW_F7_V1.17.2, STM32Cube_FW_G0_V1.6.2, STM32Cube_FW_G4_V1.6.0, STM32Cube_FW_H5_V1.3.0, STM32Cube_FW_H7RS_V1.1.0, STM32Cube_FW_H7_V1.11.2, STM32Cube_FW_L0_V1.12.2, STM32Cube_FW_L5_V1.5.1, STM32Cube_FW_U0_V1.1.0, STM32Cube_FW_U5_V1.6.0, STM32Cube_FW_WB0_V1.0.0, STM32Cube_FW_WBA_V1.4.1, STM32Cube_FW_WB_V1.20.0, STM32Cube_FW_WL_V1.3.0, X-CUBE-ALGOBUILD_V1.4.0, X-CUBE-ALS_V1.0.2, X-CUBE-AZRTOS-F4_V1.1.0, X-CUBE-AZRTOS-F7_V1.1.0, X-CUBE-AZRTOS-G0_V1.1.0, X-CUBE-AZRTOS-G4_V2.0.0, X-CUBE-AZRTOS-H7RS_V1.0.0, X-CUBE-AZRTOS-H7_V3.3.0, X-CUBE-AZRTOS-L4_V2.0.0, X-CUBE-AZRTOS-L5_V2.0.0, X-CUBE-AZRTOS-WB_V2.0.0, X-CUBE-AZRTOS-WL_V2.0.0, X-CUBE-BLE1_V7.0.0, X-CUBE-BLE2_V3.3.0, X-CUBE-BLEMGR_V3.1.0, X-CUBE-EEPRMA1_V5.1.0, X-CUBE-FREERTOS_V1.2.0, X-CUBE-GNSS1_V6.0.0, X-CUBE-MEMS1_V11.0.0, X-CUBE-NFC4_V3.0.0, X-CUBE-NFC7_V1.0.1, X-CUBE-SFXS2LP1_V4.0.0, X-CUBE-SUBG2_V5.0.0, X-CUBE-TOF1_V3.4.2]
2024-11-28 20:10:43,558 [INFO] ApiDb:240 - Found 646 in-development CPN: [B-G473E-ZEST1S, B-WB1M-WPAN1, B-WL5M-SUBG1, NUCLEO-C031C6, NUCLEO-C071RB, NUCLEO-H503RB, NUCLEO-H533RE, NUCLEO-H563ZI, NUCLEO-H7S3L8, NUCLEO-U031R8, NUCLEO-U083RC, NUCLEO-U545RE-Q, NUCLEO-U5A5ZJ-Q, NUCLEO-WB05KZ, NUCLEO-WB07CC, NUCLEO-WB09KE, NUCLEO-WBA52CG, NUCLEO-WBA55CG, STEVAL-PROTEUS1, STEVAL-SMARTAG2, STEVAL-STWINBX1, STM320518-EVAL, STM32C0116-DK, STM32C011D6Y3TR, STM32C011D6Y6TR, STM32C011F4P3, STM32C011F4P6, STM32C011F4U3, STM32C011F4U6TR, STM32C011F6P3, STM32C011F6P6, STM32C011F6U3, STM32C011F6U6TR, STM32C011J4M3, STM32C011J4M6, STM32C011J6M3, STM32C011J6M6, STM32C0316-DK, STM32C031C4T3, STM32C031C4T6, STM32C031C4U3, STM32C031C4U6, STM32C031C6T3, STM32C031C6T6, STM32C031C6U3, STM32C031C6U6, STM32C031F4P3, STM32C031F4P6, STM32C031F6P3, STM32C031F6P6, STM32C031G4U3, STM32C031G4U6, STM32C031G6U3, STM32C031G6U6, STM32C031K4T3, STM32C031K4T6, STM32C031K4U3, STM32C031K4U6, STM32C031K6T3, STM32C031K6T6, STM32C031K6U3, STM32C031K6U6, STM32C071C8T6, STM32C071C8T6N, STM32C071C8U6, STM32C071C8U6N, STM32C071CBT6, STM32C071CBT6N, STM32C071CBU6, STM32C071CBU6N, STM32C071F8P6, STM32C071F8P6N, STM32C071FBP6, STM32C071FBP6N, STM32C071FBY6TR, STM32C071G8U6, STM32C071G8U6N, STM32C071GBU6, STM32C071GBU6N, STM32C071K8T6, STM32C071K8T6N, STM32C071K8U6, STM32C071K8U6N, STM32C071KBT6, STM32C071KBT6N, STM32C071KBU6, STM32C071KBU6N, STM32C071R8T6, STM32C071R8T6N, STM32C071RBI6N, STM32C071RBT6, STM32C071RBT6N, STM32G071K8TXN, STM32G071K8UXN, STM32G081GBU6N, STM32G081KBT6N, STM32G081KBUXN, STM32G0B1CCT6N, STM32G0B1KCT6, STM32G0B1NEY6TR, STM32G0B1RCT6N, STM32G0C1CCT6, STM32G0C1CCT6N, STM32G0C1CCU6N, STM32G0C1CET6N, STM32G0C1CEU6N, STM32G0C1KCT6, STM32G0C1NEY6TR, STM32G0C1RCI6N, STM32G0C1RCT6N, STM32G0C1REI6N, STM32G0C1RET6N, STM32G0C1VCI6, STM32G0C1VEI6, STM32G411C6T3, STM32G411C6T6, STM32G411C6U3, STM32G411C6U6, STM32G411C8T3, STM32G411C8T6, STM32G411C8U3, STM32G411C8U6, STM32G411CBT3, STM32G411CBT6, STM32G411CBU3, STM32G411CBU6, STM32G411K6T3, STM32G411K6T6, STM32G411K6U3, STM32G411K6U6, STM32G411K8T3, STM32G411K8T6, STM32G411K8U3, STM32G411K8U6, STM32G411KBT3, STM32G411KBT6, STM32G411KBU3, STM32G411KBU6, STM32G411M6T3, STM32G411M6T6, STM32G411M8T3, STM32G411M8T6, STM32G411MBT3, STM32G411MBT6, STM32G411R6T3, STM32G411R6T6, STM32G411R8T3, STM32G411R8T6, STM32G411RBT3, STM32G411RBT6, STM32G414CBT3, STM32G414CBT6, STM32G414CBU3, STM32G414CBU6, STM32G414CCT3, STM32G414CCT6, STM32G414CCU3, STM32G414CCU6, STM32G414MBT3, STM32G414MBT6, STM32G414MCT3, STM32G414MCT6, STM32G414RBT3, STM32G414RBT6, STM32G414RCT3, STM32G414RCT6, STM32G414VBT3, STM32G414VBT6, STM32G414VCT3, STM32G414VCT6, STM32G431CBT3Z, STM32G431RBT3Z, STM32G471CCT6, STM32G471CCU6, STM32G471CET3, STM32G471CET6, STM32G471CEU3, STM32G471CEU6, STM32G471MCT6, STM32G471MET3, STM32G471MET6, STM32G471MEY6TR, STM32G471QCT6, STM32G471QET3, STM32G471RCT6, STM32G471RET3, STM32G471RET6, STM32G471VCH6, STM32G471VCI6, STM32G471VCT6, STM32G471VEH3, STM32G471VEH6, STM32G471VEI3, STM32G471VEI6, STM32G471VET3, STM32G471VET6, STM32G473QET3Z, STM32G473RET3Z, STM32G474CCT6, STM32G491RET3Z, STM32H503CBT6, STM32H503CBU6, STM32H503EBY6TR, STM32H503KBU6, STM32H503RBT6, STM32H523CCT6, STM32H523CCU6, STM32H523CET6, STM32H523CEU6, STM32H523HEY6TR, STM32H523RCT6, STM32H523RET6, STM32H523VCI6, STM32H523VCT6, STM32H523VEI6, STM32H523VET6, STM32H523ZCJ6, STM32H523ZCT6, STM32H523ZEJ6, STM32H523ZET6, STM32H533CET6, STM32H533CEU6, STM32H533HEY6TR, STM32H533RET6, STM32H533VEI6, STM32H533VET6, STM32H533ZEJ6, STM32H533ZET6, STM32H562AGI6, STM32H562AII6, STM32H562IGK6, STM32H562IGT6, STM32H562IIK6, STM32H562IIT6, STM32H562RGT6, STM32H562RGV6, STM32H562RIT6, STM32H562RIV6, STM32H562VGT6, STM32H562VIT6, STM32H562ZGT6, STM32H562ZIT6, STM32H563AGI6, STM32H563AII3Q, STM32H563AII6, STM32H563IGK6, STM32H563IGT6, STM32H563IIK3Q, STM32H563IIK6, STM32H563IIT3Q, STM32H563IIT6, STM32H563MIY3QTR, STM32H563RGT6, STM32H563RGV6, STM32H563RIT6, STM32H563RIV6, STM32H563VGT6, STM32H563VIT3Q, STM32H563VIT6, STM32H563ZGT6, STM32H563ZIT3Q, STM32H563ZIT6, STM32H573AII3Q, STM32H573AII6, STM32H573I-DK, STM32H573IIK3Q, STM32H573IIK6, STM32H573IIT3Q, STM32H573IIT6, STM32H573MIY3QTR, STM32H573RIT6, STM32H573RIV6, STM32H573VIT3Q, STM32H573VIT6, STM32H573ZIT3Q, STM32H573ZIT6, STM32H7R3A8I6, STM32H7R3I8K6, STM32H7R3I8T6, STM32H7R3L8H6, STM32H7R3L8H6H, STM32H7R3R8V6, STM32H7R3V8H6, STM32H7R3V8T6, STM32H7R3V8Y6TR, STM32H7R3Z8J6, STM32H7R3Z8T6, STM32H7R7A8I6, STM32H7R7I8K6, STM32H7R7I8T6, STM32H7R7L8H6, STM32H7R7L8H6H, STM32H7R7Z8J6, STM32H7S3A8I6, STM32H7S3I8K6, STM32H7S3I8T6, STM32H7S3L8H6, STM32H7S3L8H6H, STM32H7S3R8V6, STM32H7S3V8H6, STM32H7S3V8T6, STM32H7S3V8Y6TR, STM32H7S3Z8J6, STM32H7S3Z8T6, STM32H7S78-DK, STM32H7S7A8I6, STM32H7S7I8K6, STM32H7S7I8T6, STM32H7S7L8H6, STM32H7S7L8H6H, STM32H7S7Z8J6, STM32L4R5QGI6STR, STM32MP131AAE3, STM32MP131AAF3, STM32MP131AAG3, STM32MP131CAE3, STM32MP131CAF3, STM32MP131CAG3, STM32MP131DAE7, STM32MP131DAF7, STM32MP131DAG7, STM32MP131FAE7, STM32MP131FAF7, STM32MP131FAG7, STM32MP133AAE3, STM32MP133AAF3, STM32MP133AAG3, STM32MP133CAE3, STM32MP133CAF3, STM32MP133CAG3, STM32MP133DAE7, STM32MP133DAF7, STM32MP133DAG7, STM32MP133FAE7, STM32MP133FAF7, STM32MP133FAG7, STM32MP135AAE3, STM32MP135AAF3, STM32MP135AAG3, STM32MP135CAE3, STM32MP135CAF3, STM32MP135CAG3, STM32MP135DAE7, STM32MP135DAF7, STM32MP135DAG7, STM32MP135F-DK, STM32MP135FAE7, STM32MP135FAF7, STM32MP135FAF7T, STM32MP135FAF7U, STM32MP135FAG7, STM32MP251AAI3, STM32MP251AAK3, STM32MP251AAL3, STM32MP251CAI3, STM32MP251CAK3, STM32MP251CAL3, STM32MP251DAI3, STM32MP251DAK3, STM32MP251DAL3, STM32MP251FAI3, STM32MP251FAK3, STM32MP251FAL3, STM32MP253AAI3, STM32MP253AAK3, STM32MP253AAL3, STM32MP253CAI3, STM32MP253CAK3, STM32MP253CAL3, STM32MP253DAI3, STM32MP253DAK3, STM32MP253DAL3, STM32MP253FAI3, STM32MP253FAK3, STM32MP253FAL3, STM32MP255AAI3, STM32MP255AAK3, STM32MP255AAL3, STM32MP255CAI3, STM32MP255CAK3, STM32MP255CAL3, STM32MP255DAI3, STM32MP255DAK3, STM32MP255DAL3, STM32MP255FAI3, STM32MP255FAK3, STM32MP255FAL3, STM32MP257AAI3, STM32MP257AAK3, STM32MP257AAL3, STM32MP257CAI3, STM32MP257CAK3, STM32MP257CAL3, STM32MP257DAI3, STM32MP257DAK3, STM32MP257DAL3, STM32MP257F-DK, STM32MP257F-EV1, STM32MP257FAI3, STM32MP257FAK3, STM32MP257FAL3, STM32U031C6T6, STM32U031C6U6, STM32U031C8T6, STM32U031C8U6, STM32U031F4P6, STM32U031F6P6, STM32U031F8P6, STM32U031G6Y6TR, STM32U031G8Y6TR, STM32U031K4U6, STM32U031K6U6, STM32U031K8U6, STM32U031R6I6, STM32U031R6T6, STM32U031R8I6, STM32U031R8T6, STM32U073C8T6, STM32U073C8U6, STM32U073CBT6, STM32U073CBU6, STM32U073CCT6, STM32U073CCU6, STM32U073H8Y6TR, STM32U073HBY6TR, STM32U073HCY6TR, STM32U073K8U6, STM32U073KBU6, STM32U073KCU6, STM32U073M8I6, STM32U073M8T6, STM32U073MBI6, STM32U073MBT6, STM32U073MCI6, STM32U073MCT6, STM32U073R8I6, STM32U073R8T6, STM32U073RBI6, STM32U073RBT6, STM32U073RCI6, STM32U073RCT6, STM32U083C-DK, STM32U083CCT6, STM32U083CCU6, STM32U083HCY6TR, STM32U083KCU6, STM32U083MCI6, STM32U083MCT6, STM32U083RCI6, STM32U083RCT6, STM32U535CBT6, STM32U535CBT6Q, STM32U535CBU6, STM32U535CBU6Q, STM32U535CCT6, STM32U535CCT6Q, STM32U535CCU6, STM32U535CCU6Q, STM32U535CET6, STM32U535CET6Q, STM32U535CEU6, STM32U535CEU6Q, STM32U535JEY6QTR, STM32U535NCY6QTR, STM32U535NEY6QTR, STM32U535RBI6, STM32U535RBI6Q, STM32U535RBT6, STM32U535RBT6Q, STM32U535RCI6, STM32U535RCI6Q, STM32U535RCT6, STM32U535RCT6Q, STM32U535REI6, STM32U535REI6Q, STM32U535RET6, STM32U535RET6Q, STM32U535VCI6, STM32U535VCI6Q, STM32U535VCT6, STM32U535VCT6Q, STM32U535VEI6, STM32U535VEI6Q, STM32U535VET6, STM32U535VET6Q, STM32U545CET6, STM32U545CET6Q, STM32U545CEU6, STM32U545CEU6Q, STM32U545JEY6QTR, STM32U545NEY6QTR, STM32U545REI6, STM32U545REI6Q, STM32U545RET6, STM32U545RET6Q, STM32U545VEI6, STM32U545VEI6Q, STM32U545VET6, STM32U545VET6Q, STM32U595AIH6, STM32U595AIH6Q, STM32U595AJH6, STM32U595AJH6Q, STM32U595QII6, STM32U595QII6Q, STM32U595QJI6, STM32U595QJI6Q, STM32U595RIT6, STM32U595RIT6Q, STM32U595RJT6, STM32U595RJT6Q, STM32U595VIT6, STM32U595VIT6Q, STM32U595VJT6, STM32U595VJT6Q, STM32U595ZIT6, STM32U595ZIT6Q, STM32U595ZIY6QTR, STM32U595ZJT6, STM32U595ZJT6Q, STM32U595ZJY6QTR, STM32U599BJY6QTR, STM32U599NIH6Q, STM32U599NJH6Q, STM32U599VIT6Q, STM32U599VJT6, STM32U599VJT6Q, STM32U599ZIT6Q, STM32U599ZIY6QTR, STM32U599ZJT6Q, STM32U599ZJY6QTR, STM32U5A5AJH6, STM32U5A5AJH6Q, STM32U5A5QII3Q , STM32U5A5QJI6, STM32U5A5QJI6Q, STM32U5A5RJT6, STM32U5A5RJT6Q, STM32U5A5VJT6, STM32U5A5VJT6Q, STM32U5A5ZJT6, STM32U5A5ZJT6Q, STM32U5A5ZJY6QTR, STM32U5A9BJY6QTR, STM32U5A9J-DK, STM32U5A9NJH6Q, STM32U5A9VJT6Q, STM32U5A9ZJT6Q, STM32U5A9ZJY6QTR, STM32U5F7VIT6, STM32U5F7VIT6Q, STM32U5F7VJT6, STM32U5F7VJT6Q, STM32U5F9BJY6QTR, STM32U5F9NJH6Q, STM32U5F9VIT6Q, STM32U5F9VJT6Q, STM32U5F9ZIJ6QTR, STM32U5F9ZIT6Q, STM32U5F9ZJJ6QTR, STM32U5F9ZJT6Q, STM32U5G7VJT6, STM32U5G7VJT6Q, STM32U5G9BJY6QTR, STM32U5G9J-DK1, STM32U5G9J-DK2, STM32U5G9NJH6Q, STM32U5G9VJT6Q, STM32U5G9ZJJ6QTR, STM32U5G9ZJT6Q, STM32WB05KZV6TR, STM32WB05KZV7TR, STM32WB05TZF6TR, STM32WB05TZF7TR, STM32WB06CCF6TR, STM32WB06CCF7TR, STM32WB06CCV6TR, STM32WB06CCV7TR, STM32WB06KCV6TR, STM32WB06KCV7TR, STM32WB07CCF6TR, STM32WB07CCF7TR, STM32WB07CCV6TR, STM32WB07CCV7TR, STM32WB07KCV6TR, STM32WB07KCV7TR, STM32WB09KEV6TR, STM32WB09KEV7TR, STM32WB09TEF6TR, STM32WB09TEF7TR, STM32WB1MMCH6, STM32WBA50KGU6, STM32WBA50KGU6TR, STM32WBA52CEU6, STM32WBA52CEU6TR, STM32WBA52CEU7, STM32WBA52CEU7TR, STM32WBA52CGU6, STM32WBA52CGU6TR, STM32WBA52CGU6U, STM32WBA52CGU7, STM32WBA52CGU7TR, STM32WBA52KEU6, STM32WBA52KEU6TR, STM32WBA52KGU6, STM32WBA52KGU6TR, STM32WBA54CEU6, STM32WBA54CEU6TR, STM32WBA54CEU7, STM32WBA54CEU7TR, STM32WBA54CGU6, STM32WBA54CGU6TR, STM32WBA54CGU7, STM32WBA54CGU7TR, STM32WBA54KEU6, STM32WBA54KEU6TR, STM32WBA54KEU7, STM32WBA54KEU7TR, STM32WBA54KGU6, STM32WBA54KGU6TR, STM32WBA54KGU7, STM32WBA54KGU7TR, STM32WBA55CEU6, STM32WBA55CEU6TR, STM32WBA55CEU7, STM32WBA55CEU7TR, STM32WBA55CGU6, STM32WBA55CGU6TR, STM32WBA55CGU6U, STM32WBA55CGU7, STM32WBA55CGU7TR, STM32WBA55G-DK1, STM32WBA55HEF6, STM32WBA55HEF7, STM32WBA55HGF6, STM32WBA55HGF7, STM32WBA55UEI6, STM32WBA55UEI6TR, STM32WBA55UEI7, STM32WBA55UEI7TR, STM32WBA55UGI6, STM32WBA55UGI6TR, STM32WBA55UGI7, STM32WBA55UGI7TR, STM32WL5MOCH6, STM32WL5MOCH6TR]
2024-11-28 20:10:43,561 [INFO] DbMcus:218 - Found 4252 MCUs, 4252 are supported
2024-11-28 20:10:43,561 [INFO] ApiDb:423 - Load user favorites file C:\Users\Asus/.stm32cubeide/favorites.mcus.txt: 0 item(s)
2024-11-28 20:10:43,561 [INFO] ApiDb:427 - User favorites MCUs=[]
2024-11-28 20:10:43,561 [INFO] DbMcus:224 - Set 0 / 0 favorites MCUs
2024-11-28 20:10:43,862 [INFO] ApiDb:414 - User favorites file not found: C:\Users\Asus/.stm32cubeide/favorites.boards.txt
2024-11-28 20:10:43,862 [INFO] DbBoards:198 - Set 0 / 0 favorites Boards
2024-11-28 20:10:43,925 [INFO] UtilMem:75 - End LoadConfig() Used Memory: 791073144 Bytes (1073741824)
2024-11-28 20:10:44,108 [WARN] ThirdParty:833 - waiting for thirdparty lock release [change project]
2024-11-28 20:10:44,109 [INFO] ThirdParty:835 - entering critical section [change project]
2024-11-28 20:10:44,109 [INFO] ThirdParty:1030 - CMSIS Pack Vendor :STMicroelectronics USBPD 4.1
2024-11-28 20:10:44,109 [INFO] ThirdParty:1030 - CMSIS Pack Vendor :STMicroelectronics X-CUBE-AZRTOS-H7 3.3.0
2024-11-28 20:10:44,109 [INFO] ThirdParty:1030 - CMSIS Pack Vendor :STMicroelectronics X-CUBE-NFC9 1.0.0
2024-11-28 20:10:44,109 [INFO] ThirdParty:1030 - CMSIS Pack Vendor :STMicroelectronics X-CUBE-GNSS1 6.0.0
2024-11-28 20:10:44,109 [INFO] ThirdParty:1030 - CMSIS Pack Vendor :STMicroelectronics USB_HOST 2.0.0
2024-11-28 20:10:44,109 [INFO] ThirdParty:1030 - CMSIS Pack Vendor :STMicroelectronics FP-SNS-MOTENVWB1 1.4.0
2024-11-28 20:10:44,109 [INFO] ThirdParty:1030 - CMSIS Pack Vendor :STMicroelectronics X-CUBE-AZRTOS-F4 1.1.0
2024-11-28 20:10:44,109 [INFO] ThirdParty:1030 - CMSIS Pack Vendor :STMicroelectronics LIBJPEG 8.0.0
2024-11-28 20:10:44,109 [INFO] ThirdParty:1030 - CMSIS Pack Vendor :STMicroelectronics FP-ATR-ASTRA1 2.0.1
2024-11-28 20:10:44,109 [INFO] ThirdParty:1030 - CMSIS Pack Vendor :STMicroelectronics X-CUBE-SMBUS 2.1.0
2024-11-28 20:10:44,109 [INFO] ThirdParty:1030 - CMSIS Pack Vendor :STMicroelectronics X-CUBE-WB05N 1.1.0
2024-11-28 20:10:44,109 [INFO] ThirdParty:1030 - CMSIS Pack Vendor :STMicroelectronics USB_DEVICE 3.0.0
2024-11-28 20:10:44,109 [INFO] ThirdParty:1030 - CMSIS Pack Vendor :STMicroelectronics X-CUBE-TCPP 4.1.0
2024-11-28 20:10:44,109 [INFO] ThirdParty:1030 - CMSIS Pack Vendor :STMicroelectronics X-CUBE-ISPU 2.1.0
2024-11-28 20:10:44,109 [INFO] ThirdParty:1030 - CMSIS Pack Vendor :STMicroelectronics X-CUBE-FREERTOS 1.2.0
2024-11-28 20:10:44,109 [INFO] ThirdParty:1030 - CMSIS Pack Vendor :STMicroelectronics X-CUBE-IPS 3.0.0
2024-11-28 20:10:44,109 [INFO] ThirdParty:1030 - CMSIS Pack Vendor :STMicroelectronics X-CUBE-AZRTOS-WB 2.0.0
2024-11-28 20:10:44,109 [INFO] ThirdParty:1030 - CMSIS Pack Vendor :STMicroelectronics X-CUBE-GNSS1 7.0.0
2024-11-28 20:10:44,109 [INFO] ThirdParty:1030 - CMSIS Pack Vendor :STMicroelectronics X-CUBE-AZRTOS-F7 1.1.0
2024-11-28 20:10:44,110 [INFO] ThirdParty:1030 - CMSIS Pack Vendor :STMicroelectronics X-CUBE-AZRTOS-L5 2.0.0
2024-11-28 20:10:44,110 [INFO] ThirdParty:1030 - CMSIS Pack Vendor :STMicroelectronics USB_DEVICE 2.0.0
2024-11-28 20:10:44,110 [INFO] ThirdParty:1030 - CMSIS Pack Vendor :STMicroelectronics X-CUBE-NFC6 3.1.0
2024-11-28 20:10:44,110 [INFO] ThirdParty:1030 - CMSIS Pack Vendor :STMicroelectronics FP-SNS-STBOX1 2.0.0
2024-11-28 20:10:44,110 [INFO] ThirdParty:1030 - CMSIS Pack Vendor :STMicroelectronics X-CUBE-MEMS1 11.0.0
2024-11-28 20:10:44,110 [INFO] ThirdParty:1030 - CMSIS Pack Vendor :STMicroelectronics FreeRTOS 0.0.1
2024-11-28 20:10:44,110 [INFO] ThirdParty:1030 - CMSIS Pack Vendor :STMicroelectronics X-CUBE-AZRTOS-G0 1.1.0
2024-11-28 20:10:44,110 [INFO] ThirdParty:1030 - CMSIS Pack Vendor :STMicroelectronics X-CUBE-SAFEA1 1.2.2
2024-11-28 20:10:44,110 [INFO] ThirdParty:1030 - CMSIS Pack Vendor :STMicroelectronics X-CUBE-NFC4 3.0.0
2024-11-28 20:10:44,111 [INFO] ThirdParty:1030 - CMSIS Pack Vendor :STMicroelectronics X-CUBE-DPower 1.2.0
2024-11-28 20:10:44,111 [INFO] ThirdParty:1030 - CMSIS Pack Vendor :STMicroelectronics X-CUBE-SUBG2 5.0.0
2024-11-28 20:10:44,111 [INFO] ThirdParty:1030 - CMSIS Pack Vendor :STMicroelectronics STM32_WPAN 1.0.0
2024-11-28 20:10:44,111 [INFO] ThirdParty:1030 - CMSIS Pack Vendor :EmbeddedOffice I-CUBE-FS-RTOS 1.0.1
2024-11-28 20:10:44,111 [INFO] ThirdParty:1030 - CMSIS Pack Vendor :STMicroelectronics lwIP 2.0.3
2024-11-28 20:10:44,111 [INFO] ThirdParty:1030 - CMSIS Pack Vendor :STMicroelectronics FP-SNS-FLIGHT1 5.0.2
2024-11-28 20:10:44,111 [INFO] ThirdParty:1030 - CMSIS Pack Vendor :Cesanta I-CUBE-Mongoose 7.13.0
2024-11-28 20:10:44,111 [INFO] ThirdParty:1030 - CMSIS Pack Vendor :STMicroelectronics USB_HOST 1.0.0
2024-11-28 20:10:44,111 [INFO] ThirdParty:1030 - CMSIS Pack Vendor :STMicroelectronics X-CUBE-AI 9.0.0
2024-11-28 20:10:44,111 [INFO] ThirdParty:1030 - CMSIS Pack Vendor :STMicroelectronics X-CUBE-AZRTOS-G4 2.0.0
2024-11-28 20:10:44,111 [INFO] ThirdParty:1030 - CMSIS Pack Vendor :STMicroelectronics PDM2PCM 3.1.0
2024-11-28 20:10:44,111 [INFO] ThirdParty:1030 - CMSIS Pack Vendor :STMicroelectronics PDM2PCM 3.3.0
2024-11-28 20:10:44,111 [INFO] ThirdParty:1030 - CMSIS Pack Vendor :STMicroelectronics X-CUBE-DISPLAY 3.0.0
2024-11-28 20:10:44,111 [INFO] ThirdParty:1030 - CMSIS Pack Vendor :RealThread X-CUBE-RT-Thread_Nano 4.1.1
2024-11-28 20:10:44,111 [INFO] ThirdParty:1030 - CMSIS Pack Vendor :STMicroelectronics X-CUBE-BLE1 7.0.0
2024-11-28 20:10:44,111 [INFO] ThirdParty:1030 - CMSIS Pack Vendor :STMicroelectronics FP-ATR-SIGFOX1 3.2.0
2024-11-28 20:10:44,111 [INFO] ThirdParty:1030 - CMSIS Pack Vendor :STMicroelectronics X-CUBE-NFC10 1.0.0
2024-11-28 20:10:44,111 [INFO] ThirdParty:1030 - CMSIS Pack Vendor :wolfSSL I-CUBE-wolfSSL 5.7.2
2024-11-28 20:10:44,111 [INFO] ThirdParty:1030 - CMSIS Pack Vendor :quantropi X-CUBE-qispace-sdk-base 1.9.3
2024-11-28 20:10:44,111 [INFO] ThirdParty:1030 - CMSIS Pack Vendor :STMicroelectronics X-CUBE-ISPU 2.0.0
2024-11-28 20:10:44,111 [INFO] ThirdParty:1030 - CMSIS Pack Vendor :STMicroelectronics X-CUBE-EEPRMA1 5.1.0
2024-11-28 20:10:44,111 [INFO] ThirdParty:1030 - CMSIS Pack Vendor :STMicroelectronics HAL Drivers 0.0.0
2024-11-28 20:10:44,111 [INFO] ThirdParty:1030 - CMSIS Pack Vendor :STMicroelectronics MBEDTLS 2.16.2
2024-11-28 20:10:44,111 [INFO] ThirdParty:1030 - CMSIS Pack Vendor :STMicroelectronics X-CUBE-ALS 1.0.2
2024-11-28 20:10:44,112 [INFO] ThirdParty:1030 - CMSIS Pack Vendor :emotas I-CUBE-CANOPEN 1.3.0
2024-11-28 20:10:44,112 [INFO] ThirdParty:1030 - CMSIS Pack Vendor :STMicroelectronics X-CUBE-MEMS1 10.0.0
2024-11-28 20:10:44,112 [INFO] ThirdParty:1030 - CMSIS Pack Vendor :STMicroelectronics X-CUBE-NFC7 1.0.1
2024-11-28 20:10:44,112 [INFO] ThirdParty:1030 - CMSIS Pack Vendor :STMicroelectronics MBEDTLS 2.14.1
2024-11-28 20:10:44,112 [INFO] ThirdParty:1030 - CMSIS Pack Vendor :STMicroelectronics X-CUBE-TOUCHGFX 4.24.0
2024-11-28 20:10:44,112 [INFO] ThirdParty:1030 - CMSIS Pack Vendor :ITTIA_DB I-CUBE-ITTIADB 8.9.0
2024-11-28 20:10:44,112 [INFO] ThirdParty:1030 - CMSIS Pack Vendor :wolfSSL I-CUBE-wolfTPM 3.2.0
2024-11-28 20:10:44,112 [INFO] ThirdParty:1030 - CMSIS Pack Vendor :STMicroelectronics X-CUBE-TOUCHGFX 4.24.1
2024-11-28 20:10:44,112 [INFO] ThirdParty:1030 - CMSIS Pack Vendor :portGmbH I-Cube-SoM-uGOAL 1.1.0
2024-11-28 20:10:44,112 [INFO] ThirdParty:1030 - CMSIS Pack Vendor :STMicroelectronics X-CUBE-BLEMGR 3.1.0
2024-11-28 20:10:44,112 [INFO] ThirdParty:1030 - CMSIS Pack Vendor :STMicroelectronics ThreadX 1.0.0
2024-11-28 20:10:44,112 [INFO] ThirdParty:1030 - CMSIS Pack Vendor :STMicroelectronics FP-SNS-SMARTAG2 1.2.0
2024-11-28 20:10:44,112 [INFO] ThirdParty:1030 - CMSIS Pack Vendor :STMicroelectronics X-CUBE-AZRTOS-WL 2.0.0
2024-11-28 20:10:44,112 [INFO] ThirdParty:1030 - CMSIS Pack Vendor :SEGGER I-CUBE-embOS 1.3.1
2024-11-28 20:10:44,112 [INFO] ThirdParty:1030 - CMSIS Pack Vendor :STMicroelectronics X-CUBE-ALGOBUILD 1.4.0
2024-11-28 20:10:44,112 [INFO] ThirdParty:1030 - CMSIS Pack Vendor :STMicroelectronics FP-SNS-MOTENV1 5.0.0
2024-11-28 20:10:44,112 [INFO] ThirdParty:1030 - CMSIS Pack Vendor :STMicroelectronics USB_DEVICE 1.0.0
2024-11-28 20:10:44,112 [INFO] ThirdParty:1030 - CMSIS Pack Vendor :STMicroelectronics X-CUBE-AZRTOS-H7RS 1.0.0
2024-11-28 20:10:44,112 [INFO] ThirdParty:1030 - CMSIS Pack Vendor :wolfSSL I-CUBE-wolfMQTT 1.19.0
2024-11-28 20:10:44,112 [INFO] ThirdParty:1030 - CMSIS Pack Vendor :STMicroelectronics X-CUBE-AZRTOS-L4 2.0.0
2024-11-28 20:10:44,112 [INFO] ThirdParty:1030 - CMSIS Pack Vendor :STMicroelectronics ThreadX 0.0.2
2024-11-28 20:10:44,112 [INFO] ThirdParty:1030 - CMSIS Pack Vendor :WES I-CUBE-Cesium 1.3.0
2024-11-28 20:10:44,112 [INFO] ThirdParty:1030 - CMSIS Pack Vendor :STMicroelectronics FP-ATR-ASTRA1 2.0.0
2024-11-28 20:10:44,112 [INFO] ThirdParty:1030 - CMSIS Pack Vendor :STMicroelectronics lwIP 2.1.2
2024-11-28 20:10:44,112 [INFO] ThirdParty:1030 - CMSIS Pack Vendor :STMicroelectronics X-CUBE-SFXS2LP1 4.0.0
2024-11-28 20:10:44,112 [INFO] ThirdParty:1030 - CMSIS Pack Vendor :STMicroelectronics X-CUBE-BLE2 3.3.0
2024-11-28 20:10:44,113 [INFO] ThirdParty:1030 - CMSIS Pack Vendor :STMicroelectronics X-CUBE-TOF1 3.4.2
2024-11-28 20:10:44,113 [INFO] ThirdParty:1030 - CMSIS Pack Vendor :STMicroelectronics X-CUBE-AI 9.1.0
2024-11-28 20:10:44,113 [INFO] ThirdParty:1030 - CMSIS Pack Vendor :Infineon AIROC-Wi-Fi-Bluetooth-STM32 1.6.0
2024-11-28 20:10:44,113 [INFO] ThirdParty:1030 - CMSIS Pack Vendor :STMicroelectronics PDM2PCM 3.2.0
2024-11-28 20:10:44,113 [INFO] ThirdParty:1030 - CMSIS Pack Vendor :wolfSSL I-CUBE-wolfSSH 1.4.17
2024-11-28 20:10:44,113 [INFO] ThirdParty:841 - exiting critical section [change project]
2024-11-28 20:10:44,485 [INFO] PinOutPanel:1561 - setPackage(No Configuration,No Configuration)
2024-11-28 20:10:44,486 [INFO] PinOutPanel:1561 - setPackage(STM32F411VETx,LQFP100)
2024-11-28 20:10:45,073 [INFO] UtilMem:75 - Before build in PCC Used Memory: 674620272 Bytes (1073741824)
2024-11-28 20:10:46,027 [INFO] UtilMem:75 - After build in PCC Used Memory: 745982408 Bytes (1073741824)
2024-11-28 20:10:46,055 [INFO] IPUIPlugin:80 - create IPUIPlugin
2024-11-28 20:10:46,055 [INFO] IPUIPlugin:80 - create IPUIPlugin
2024-11-28 20:10:46,055 [INFO] IPUIPlugin:80 - create IPUIPlugin
2024-11-28 20:10:46,056 [INFO] IPUIPlugin:80 - create IPUIPlugin
2024-11-28 20:10:46,056 [INFO] IPUIPlugin:80 - create IPUIPlugin
2024-11-28 20:10:46,056 [INFO] IPUIPlugin:80 - create IPUIPlugin
2024-11-28 20:10:46,056 [INFO] IPUIPlugin:80 - create IPUIPlugin
2024-11-28 20:10:46,056 [INFO] IPUIPlugin:80 - create IPUIPlugin
2024-11-28 20:10:46,056 [INFO] IPUIPlugin:80 - create IPUIPlugin
2024-11-28 20:10:46,056 [INFO] IPUIPlugin:80 - create IPUIPlugin
2024-11-28 20:10:46,056 [INFO] IPUIPlugin:80 - create IPUIPlugin
2024-11-28 20:10:46,056 [INFO] IPUIPlugin:80 - create IPUIPlugin
2024-11-28 20:10:46,057 [INFO] IPUIPlugin:80 - create IPUIPlugin
2024-11-28 20:10:46,057 [INFO] IPUIPlugin:80 - create IPUIPlugin
2024-11-28 20:10:46,057 [INFO] IPUIPlugin:80 - create IPUIPlugin
2024-11-28 20:10:46,057 [INFO] IPUIPlugin:80 - create IPUIPlugin
2024-11-28 20:10:46,057 [INFO] IPUIPlugin:80 - create IPUIPlugin
2024-11-28 20:10:46,057 [INFO] IPUIPlugin:80 - create IPUIPlugin
2024-11-28 20:10:46,058 [INFO] IPUIPlugin:80 - create IPUIPlugin
2024-11-28 20:10:46,058 [INFO] IPUIPlugin:80 - create IPUIPlugin
2024-11-28 20:10:46,058 [INFO] IPUIPlugin:80 - create IPUIPlugin
2024-11-28 20:10:46,058 [INFO] IPUIPlugin:80 - create IPUIPlugin
2024-11-28 20:10:46,058 [INFO] IPUIPlugin:80 - create IPUIPlugin
2024-11-28 20:10:46,059 [INFO] IPUIPlugin:80 - create IPUIPlugin
2024-11-28 20:10:46,059 [INFO] IPUIPlugin:80 - create IPUIPlugin
2024-11-28 20:10:46,059 [INFO] IPUIPlugin:80 - create IPUIPlugin
2024-11-28 20:10:46,059 [INFO] IPUIPlugin:80 - create IPUIPlugin
2024-11-28 20:10:46,059 [INFO] IPUIPlugin:80 - create IPUIPlugin
2024-11-28 20:10:46,060 [INFO] IPUIPlugin:80 - create IPUIPlugin
2024-11-28 20:10:46,060 [INFO] IPUIPlugin:80 - create IPUIPlugin
2024-11-28 20:10:46,060 [INFO] IPUIPlugin:80 - create IPUIPlugin
2024-11-28 20:10:46,060 [INFO] IPUIPlugin:80 - create IPUIPlugin
2024-11-28 20:10:46,060 [INFO] IPUIPlugin:80 - create IPUIPlugin
2024-11-28 20:10:46,061 [INFO] IPUIPlugin:80 - create IPUIPlugin
2024-11-28 20:10:46,061 [INFO] IPUIPlugin:80 - create IPUIPlugin
2024-11-28 20:10:46,061 [INFO] IPUIPlugin:80 - create IPUIPlugin
2024-11-28 20:10:46,061 [INFO] IPUIPlugin:80 - create IPUIPlugin
2024-11-28 20:10:46,062 [INFO] IPUIPlugin:80 - create IPUIPlugin
2024-11-28 20:10:46,062 [INFO] IPUIPlugin:80 - create IPUIPlugin
2024-11-28 20:10:46,063 [INFO] IPUIPlugin:80 - create IPUIPlugin
2024-11-28 20:10:46,063 [INFO] IPUIPlugin:80 - create IPUIPlugin
2024-11-28 20:10:46,064 [INFO] IPUIPlugin:80 - create IPUIPlugin
2024-11-28 20:10:46,065 [INFO] IPUIPlugin:80 - create IPUIPlugin
2024-11-28 20:10:46,147 [INFO] ApiDbMcu:508 - Load IP Config File for PDM2PCM
2024-11-28 20:10:46,406 [INFO] CADModel:165 - CPN selected for project levelSTM32F411VET6
2024-11-28 20:10:46,406 [INFO] CADModel:114 - Register for checkConnection events
2024-11-28 20:10:46,461 [INFO] OpenFileManager:363 - Restore cursor
2024-11-28 21:32:30,965 [ERROR] LogOutputStream:75 - [STDERR_REDIRECT] 
2024-11-28 21:32:30,967 [ERROR] LogOutputStream:75 - [STDERR_REDIRECT] 
